<!DOCTYPE html>
<html>
<head>
<meta http-equiv="Content-Type" content="text/html; charset=utf-8"/>
<meta http-equiv="x-ua-compatible" content="IE=edge"/>
<title>Test results - Class tests.LetTheCarWork</title>
<link href="../css/base-style.css" rel="stylesheet" type="text/css"/>
<link href="../css/style.css" rel="stylesheet" type="text/css"/>
<script src="../js/report.js" type="text/javascript"></script>
</head>
<body>
<div id="content">
<h1>Class tests.LetTheCarWork</h1>
<div class="breadcrumbs">
<a href="../index.html">all</a> &gt; 
<a href="../packages/tests.html">tests</a> &gt; LetTheCarWork</div>
<div id="summary">
<table>
<tr>
<td>
<div class="summaryGroup">
<table>
<tr>
<td>
<div class="infoBox" id="tests">
<div class="counter">4</div>
<p>tests</p>
</div>
</td>
<td>
<div class="infoBox" id="failures">
<div class="counter">4</div>
<p>failures</p>
</div>
</td>
<td>
<div class="infoBox" id="ignored">
<div class="counter">0</div>
<p>ignored</p>
</div>
</td>
<td>
<div class="infoBox" id="duration">
<div class="counter">41.827s</div>
<p>duration</p>
</div>
</td>
</tr>
</table>
</div>
</td>
<td>
<div class="infoBox failures" id="successRate">
<div class="percent">0%</div>
<p>successful</p>
</div>
</td>
</tr>
</table>
</div>
<div id="tabs">
<ul class="tabLinks">
<li>
<a href="#tab0">Failed tests</a>
</li>
<li>
<a href="#tab1">Tests</a>
</li>
<li>
<a href="#tab2">Standard output</a>
</li>
</ul>
<div id="tab0" class="tab">
<h2>Failed tests</h2>
<div class="test">
<a name="carSearchSingaporeOnly[0](Car(location=Singapore, make=UK, model=Porsh, year=2018, engine=2.8, fuel=Petrol, gear=SMT, wD=FWD, doors=3, seats=2, clasS=Sx, fuelConsumption=12, registrationNum=10-100-3331877, price=80, distance=150, features=Red fast car, about=Super car))"></a>
<h3 class="failures">carSearchSingaporeOnly[0](Car(location=Singapore, make=UK, model=Porsh, year=2018, engine=2.8, fuel=Petrol, gear=SMT, wD=FWD, doors=3, seats=2, clasS=Sx, fuelConsumption=12, registrationNum=10-100-3331877, price=80, distance=150, features=Red fast car, about=Super car))</h3>
<span class="code">
<pre>org.openqa.selenium.NoSuchElementException: no such element: Unable to locate element: {&quot;method&quot;:&quot;css selector&quot;,&quot;selector&quot;:&quot;div.dialog-container&quot;}
  (Session info: chrome=102.0.5005.115)
For documentation on this error, please visit: https://www.seleniumhq.org/exceptions/no_such_element.html
Build info: version: '3.141.59', revision: 'e82be7d358', time: '2018-11-14T08:17:03'
System info: host: 'ARTEMKA', ip: '192.168.0.103', os.name: 'Windows 10', os.arch: 'amd64', os.version: '10.0', java.version: '1.8.0_333'
Driver info: org.openqa.selenium.chrome.ChromeDriver
Capabilities {acceptInsecureCerts: false, browserName: chrome, browserVersion: 102.0.5005.115, chrome: {chromedriverVersion: 101.0.4951.41 (93c720db8323..., userDataDir: C:\Users\ompre\AppData\Loca...}, goog:chromeOptions: {debuggerAddress: localhost:51198}, javascriptEnabled: true, networkConnectionEnabled: false, pageLoadStrategy: normal, platform: WINDOWS, platformName: WINDOWS, proxy: Proxy(), setWindowRect: true, strictFileInteractability: false, timeouts: {implicit: 0, pageLoad: 300000, script: 30000}, unhandledPromptBehavior: dismiss and notify, webauthn:extension:credBlob: true, webauthn:extension:largeBlob: true, webauthn:virtualAuthenticators: true}
Session ID: 87e98a9cb0df1b75becee935ee83485d
*** Element info: {Using=css selector, value=div.dialog-container}
	at manager.MyListener.onException(MyListener.java:39)
	at sun.reflect.NativeMethodAccessorImpl.invoke0(Native Method)
	at sun.reflect.NativeMethodAccessorImpl.invoke(NativeMethodAccessorImpl.java:62)
	at sun.reflect.DelegatingMethodAccessorImpl.invoke(DelegatingMethodAccessorImpl.java:43)
	at java.lang.reflect.Method.invoke(Method.java:498)
	at org.openqa.selenium.support.events.EventFiringWebDriver.lambda$new$0(EventFiringWebDriver.java:84)
	at com.sun.proxy.$Proxy11.onException(Unknown Source)
	at org.openqa.selenium.support.events.EventFiringWebDriver.lambda$new$1(EventFiringWebDriver.java:107)
	at com.sun.proxy.$Proxy12.findElement(Unknown Source)
	at org.openqa.selenium.support.events.EventFiringWebDriver.findElement(EventFiringWebDriver.java:194)
	at manager.HelperCar.carAddedTrue(HelperCar.java:64)
	at tests.LetTheCarWork.carSearchSingaporeOnly(LetTheCarWork.java:96)
	at sun.reflect.NativeMethodAccessorImpl.invoke0(Native Method)
	at sun.reflect.NativeMethodAccessorImpl.invoke(NativeMethodAccessorImpl.java:62)
	at sun.reflect.DelegatingMethodAccessorImpl.invoke(DelegatingMethodAccessorImpl.java:43)
	at java.lang.reflect.Method.invoke(Method.java:498)
	at org.testng.internal.MethodInvocationHelper.invokeMethod(MethodInvocationHelper.java:133)
	at org.testng.internal.TestInvoker.invokeMethod(TestInvoker.java:598)
	at org.testng.internal.TestInvoker.invokeTestMethod(TestInvoker.java:173)
	at org.testng.internal.MethodRunner.runInSequence(MethodRunner.java:46)
	at org.testng.internal.TestInvoker$MethodInvocationAgent.invoke(TestInvoker.java:824)
	at org.testng.internal.TestInvoker.invokeTestMethods(TestInvoker.java:146)
	at org.testng.internal.TestMethodWorker.invokeTestMethods(TestMethodWorker.java:146)
	at org.testng.internal.TestMethodWorker.run(TestMethodWorker.java:128)
	at java.util.ArrayList.forEach(ArrayList.java:1259)
	at org.testng.TestRunner.privateRun(TestRunner.java:794)
	at org.testng.TestRunner.run(TestRunner.java:596)
	at org.testng.SuiteRunner.runTest(SuiteRunner.java:377)
	at org.testng.SuiteRunner.runSequentially(SuiteRunner.java:371)
	at org.testng.SuiteRunner.privateRun(SuiteRunner.java:332)
	at org.testng.SuiteRunner.run(SuiteRunner.java:276)
	at org.testng.SuiteRunnerWorker.runSuite(SuiteRunnerWorker.java:53)
	at org.testng.SuiteRunnerWorker.run(SuiteRunnerWorker.java:96)
	at org.testng.TestNG.runSuitesSequentially(TestNG.java:1212)
	at org.testng.TestNG.runSuitesLocally(TestNG.java:1134)
	at org.testng.TestNG.runSuites(TestNG.java:1063)
	at org.testng.TestNG.run(TestNG.java:1031)
	at org.gradle.api.internal.tasks.testing.testng.TestNGTestClassProcessor.runTests(TestNGTestClassProcessor.java:141)
	at org.gradle.api.internal.tasks.testing.testng.TestNGTestClassProcessor.stop(TestNGTestClassProcessor.java:90)
	at org.gradle.api.internal.tasks.testing.SuiteTestClassProcessor.stop(SuiteTestClassProcessor.java:61)
	at sun.reflect.NativeMethodAccessorImpl.invoke0(Native Method)
	at sun.reflect.NativeMethodAccessorImpl.invoke(NativeMethodAccessorImpl.java:62)
	at sun.reflect.DelegatingMethodAccessorImpl.invoke(DelegatingMethodAccessorImpl.java:43)
	at java.lang.reflect.Method.invoke(Method.java:498)
	at org.gradle.internal.dispatch.ReflectionDispatch.dispatch(ReflectionDispatch.java:36)
	at org.gradle.internal.dispatch.ReflectionDispatch.dispatch(ReflectionDispatch.java:24)
	at org.gradle.internal.dispatch.ContextClassLoaderDispatch.dispatch(ContextClassLoaderDispatch.java:33)
	at org.gradle.internal.dispatch.ProxyDispatchAdapter$DispatchingInvocationHandler.invoke(ProxyDispatchAdapter.java:94)
	at com.sun.proxy.$Proxy2.stop(Unknown Source)
	at org.gradle.api.internal.tasks.testing.worker.TestWorker$3.run(TestWorker.java:193)
	at org.gradle.api.internal.tasks.testing.worker.TestWorker.executeAndMaintainThreadName(TestWorker.java:129)
	at org.gradle.api.internal.tasks.testing.worker.TestWorker.execute(TestWorker.java:100)
	at org.gradle.api.internal.tasks.testing.worker.TestWorker.execute(TestWorker.java:60)
	at org.gradle.process.internal.worker.child.ActionExecutionWorker.execute(ActionExecutionWorker.java:56)
	at org.gradle.process.internal.worker.child.SystemApplicationClassLoaderWorker.call(SystemApplicationClassLoaderWorker.java:133)
	at org.gradle.process.internal.worker.child.SystemApplicationClassLoaderWorker.call(SystemApplicationClassLoaderWorker.java:71)
	at worker.org.gradle.process.internal.worker.GradleWorkerMain.run(GradleWorkerMain.java:69)
	at worker.org.gradle.process.internal.worker.GradleWorkerMain.main(GradleWorkerMain.java:74)
</pre>
</span>
</div>
<div class="test">
<a name="carSearchSingaporeOnly[1](Car(location=Singapore Zoo, Singapore, make=UK, model=Porsh, year=2018, engine=2.8, fuel=Petrol, gear=SMT, wD=FWD, doors=3, seats=2, clasS=Sx, fuelConsumption=12, registrationNum=10-100-33318771, price=80, distance=150, features=Red fast car, about=Super car))"></a>
<h3 class="failures">carSearchSingaporeOnly[1](Car(location=Singapore Zoo, Singapore, make=UK, model=Porsh, year=2018, engine=2.8, fuel=Petrol, gear=SMT, wD=FWD, doors=3, seats=2, clasS=Sx, fuelConsumption=12, registrationNum=10-100-33318771, price=80, distance=150, features=Red fast car, about=Super car))</h3>
<span class="code">
<pre>org.openqa.selenium.NoSuchElementException: no such element: Unable to locate element: {&quot;method&quot;:&quot;xpath&quot;,&quot;selector&quot;:&quot;//button[text()='Close']&quot;}
  (Session info: chrome=102.0.5005.115)
For documentation on this error, please visit: https://www.seleniumhq.org/exceptions/no_such_element.html
Build info: version: '3.141.59', revision: 'e82be7d358', time: '2018-11-14T08:17:03'
System info: host: 'ARTEMKA', ip: '192.168.0.103', os.name: 'Windows 10', os.arch: 'amd64', os.version: '10.0', java.version: '1.8.0_333'
Driver info: org.openqa.selenium.chrome.ChromeDriver
Capabilities {acceptInsecureCerts: false, browserName: chrome, browserVersion: 102.0.5005.115, chrome: {chromedriverVersion: 101.0.4951.41 (93c720db8323..., userDataDir: C:\Users\ompre\AppData\Loca...}, goog:chromeOptions: {debuggerAddress: localhost:51198}, javascriptEnabled: true, networkConnectionEnabled: false, pageLoadStrategy: normal, platform: WINDOWS, platformName: WINDOWS, proxy: Proxy(), setWindowRect: true, strictFileInteractability: false, timeouts: {implicit: 0, pageLoad: 300000, script: 30000}, unhandledPromptBehavior: dismiss and notify, webauthn:extension:credBlob: true, webauthn:extension:largeBlob: true, webauthn:virtualAuthenticators: true}
Session ID: 87e98a9cb0df1b75becee935ee83485d
*** Element info: {Using=xpath, value=//button[text()='Close']}
	at manager.MyListener.onException(MyListener.java:39)
	at sun.reflect.NativeMethodAccessorImpl.invoke0(Native Method)
	at sun.reflect.NativeMethodAccessorImpl.invoke(NativeMethodAccessorImpl.java:62)
	at sun.reflect.DelegatingMethodAccessorImpl.invoke(DelegatingMethodAccessorImpl.java:43)
	at java.lang.reflect.Method.invoke(Method.java:498)
	at org.openqa.selenium.support.events.EventFiringWebDriver.lambda$new$0(EventFiringWebDriver.java:84)
	at com.sun.proxy.$Proxy11.onException(Unknown Source)
	at org.openqa.selenium.support.events.EventFiringWebDriver.lambda$new$1(EventFiringWebDriver.java:107)
	at com.sun.proxy.$Proxy12.findElement(Unknown Source)
	at org.openqa.selenium.support.events.EventFiringWebDriver.findElement(EventFiringWebDriver.java:194)
	at manager.HelperBase.click(HelperBase.java:22)
	at manager.HelperCar.smthWentWrong(HelperCar.java:94)
	at tests.LetTheCarWork.carSearchSingaporeOnly(LetTheCarWork.java:94)
	at sun.reflect.NativeMethodAccessorImpl.invoke0(Native Method)
	at sun.reflect.NativeMethodAccessorImpl.invoke(NativeMethodAccessorImpl.java:62)
	at sun.reflect.DelegatingMethodAccessorImpl.invoke(DelegatingMethodAccessorImpl.java:43)
	at java.lang.reflect.Method.invoke(Method.java:498)
	at org.testng.internal.MethodInvocationHelper.invokeMethod(MethodInvocationHelper.java:133)
	at org.testng.internal.TestInvoker.invokeMethod(TestInvoker.java:598)
	at org.testng.internal.TestInvoker.invokeTestMethod(TestInvoker.java:173)
	at org.testng.internal.MethodRunner.runInSequence(MethodRunner.java:46)
	at org.testng.internal.TestInvoker$MethodInvocationAgent.invoke(TestInvoker.java:824)
	at org.testng.internal.TestInvoker.invokeTestMethods(TestInvoker.java:146)
	at org.testng.internal.TestMethodWorker.invokeTestMethods(TestMethodWorker.java:146)
	at org.testng.internal.TestMethodWorker.run(TestMethodWorker.java:128)
	at java.util.ArrayList.forEach(ArrayList.java:1259)
	at org.testng.TestRunner.privateRun(TestRunner.java:794)
	at org.testng.TestRunner.run(TestRunner.java:596)
	at org.testng.SuiteRunner.runTest(SuiteRunner.java:377)
	at org.testng.SuiteRunner.runSequentially(SuiteRunner.java:371)
	at org.testng.SuiteRunner.privateRun(SuiteRunner.java:332)
	at org.testng.SuiteRunner.run(SuiteRunner.java:276)
	at org.testng.SuiteRunnerWorker.runSuite(SuiteRunnerWorker.java:53)
	at org.testng.SuiteRunnerWorker.run(SuiteRunnerWorker.java:96)
	at org.testng.TestNG.runSuitesSequentially(TestNG.java:1212)
	at org.testng.TestNG.runSuitesLocally(TestNG.java:1134)
	at org.testng.TestNG.runSuites(TestNG.java:1063)
	at org.testng.TestNG.run(TestNG.java:1031)
	at org.gradle.api.internal.tasks.testing.testng.TestNGTestClassProcessor.runTests(TestNGTestClassProcessor.java:141)
	at org.gradle.api.internal.tasks.testing.testng.TestNGTestClassProcessor.stop(TestNGTestClassProcessor.java:90)
	at org.gradle.api.internal.tasks.testing.SuiteTestClassProcessor.stop(SuiteTestClassProcessor.java:61)
	at sun.reflect.NativeMethodAccessorImpl.invoke0(Native Method)
	at sun.reflect.NativeMethodAccessorImpl.invoke(NativeMethodAccessorImpl.java:62)
	at sun.reflect.DelegatingMethodAccessorImpl.invoke(DelegatingMethodAccessorImpl.java:43)
	at java.lang.reflect.Method.invoke(Method.java:498)
	at org.gradle.internal.dispatch.ReflectionDispatch.dispatch(ReflectionDispatch.java:36)
	at org.gradle.internal.dispatch.ReflectionDispatch.dispatch(ReflectionDispatch.java:24)
	at org.gradle.internal.dispatch.ContextClassLoaderDispatch.dispatch(ContextClassLoaderDispatch.java:33)
	at org.gradle.internal.dispatch.ProxyDispatchAdapter$DispatchingInvocationHandler.invoke(ProxyDispatchAdapter.java:94)
	at com.sun.proxy.$Proxy2.stop(Unknown Source)
	at org.gradle.api.internal.tasks.testing.worker.TestWorker$3.run(TestWorker.java:193)
	at org.gradle.api.internal.tasks.testing.worker.TestWorker.executeAndMaintainThreadName(TestWorker.java:129)
	at org.gradle.api.internal.tasks.testing.worker.TestWorker.execute(TestWorker.java:100)
	at org.gradle.api.internal.tasks.testing.worker.TestWorker.execute(TestWorker.java:60)
	at org.gradle.process.internal.worker.child.ActionExecutionWorker.execute(ActionExecutionWorker.java:56)
	at org.gradle.process.internal.worker.child.SystemApplicationClassLoaderWorker.call(SystemApplicationClassLoaderWorker.java:133)
	at org.gradle.process.internal.worker.child.SystemApplicationClassLoaderWorker.call(SystemApplicationClassLoaderWorker.java:71)
	at worker.org.gradle.process.internal.worker.GradleWorkerMain.run(GradleWorkerMain.java:69)
	at worker.org.gradle.process.internal.worker.GradleWorkerMain.main(GradleWorkerMain.java:74)
</pre>
</span>
</div>
<div class="test">
<a name="carSearchSingaporeOnly[2](Car(location=Raffles Avenue, Singapore Flyer, Singapore, make=UK, model=Porsh, year=2018, engine=2.8, fuel=Petrol, gear=SMT, wD=FWD, doors=3, seats=2, clasS=Sx, fuelConsumption=12, registrationNum=10-100-33318772, price=80, distance=150, features=Red fast car, about=Super car))"></a>
<h3 class="failures">carSearchSingaporeOnly[2](Car(location=Raffles Avenue, Singapore Flyer, Singapore, make=UK, model=Porsh, year=2018, engine=2.8, fuel=Petrol, gear=SMT, wD=FWD, doors=3, seats=2, clasS=Sx, fuelConsumption=12, registrationNum=10-100-33318772, price=80, distance=150, features=Red fast car, about=Super car))</h3>
<span class="code">
<pre>org.openqa.selenium.ElementNotInteractableException: element not interactable
  (Session info: chrome=102.0.5005.115)
Build info: version: '3.141.59', revision: 'e82be7d358', time: '2018-11-14T08:17:03'
System info: host: 'ARTEMKA', ip: '192.168.0.103', os.name: 'Windows 10', os.arch: 'amd64', os.version: '10.0', java.version: '1.8.0_333'
Driver info: org.openqa.selenium.chrome.ChromeDriver
Capabilities {acceptInsecureCerts: false, browserName: chrome, browserVersion: 102.0.5005.115, chrome: {chromedriverVersion: 101.0.4951.41 (93c720db8323..., userDataDir: C:\Users\ompre\AppData\Loca...}, goog:chromeOptions: {debuggerAddress: localhost:51198}, javascriptEnabled: true, networkConnectionEnabled: false, pageLoadStrategy: normal, platform: WINDOWS, platformName: WINDOWS, proxy: Proxy(), setWindowRect: true, strictFileInteractability: false, timeouts: {implicit: 0, pageLoad: 300000, script: 30000}, unhandledPromptBehavior: dismiss and notify, webauthn:extension:credBlob: true, webauthn:extension:largeBlob: true, webauthn:virtualAuthenticators: true}
Session ID: 87e98a9cb0df1b75becee935ee83485d
	at manager.MyListener.onException(MyListener.java:39)
	at sun.reflect.NativeMethodAccessorImpl.invoke0(Native Method)
	at sun.reflect.NativeMethodAccessorImpl.invoke(NativeMethodAccessorImpl.java:62)
	at sun.reflect.DelegatingMethodAccessorImpl.invoke(DelegatingMethodAccessorImpl.java:43)
	at java.lang.reflect.Method.invoke(Method.java:498)
	at org.openqa.selenium.support.events.EventFiringWebDriver.lambda$new$0(EventFiringWebDriver.java:84)
	at com.sun.proxy.$Proxy11.onException(Unknown Source)
	at org.openqa.selenium.support.events.EventFiringWebDriver$EventFiringWebElement.lambda$new$0(EventFiringWebDriver.java:406)
	at com.sun.proxy.$Proxy13.click(Unknown Source)
	at org.openqa.selenium.support.events.EventFiringWebDriver$EventFiringWebElement.click(EventFiringWebDriver.java:417)
	at manager.HelperBase.click(HelperBase.java:22)
	at manager.HelperCar.clickLetTheCarWork(HelperCar.java:19)
	at tests.LetTheCarWork.carSearchSingaporeOnly(LetTheCarWork.java:88)
	at sun.reflect.NativeMethodAccessorImpl.invoke0(Native Method)
	at sun.reflect.NativeMethodAccessorImpl.invoke(NativeMethodAccessorImpl.java:62)
	at sun.reflect.DelegatingMethodAccessorImpl.invoke(DelegatingMethodAccessorImpl.java:43)
	at java.lang.reflect.Method.invoke(Method.java:498)
	at org.testng.internal.MethodInvocationHelper.invokeMethod(MethodInvocationHelper.java:133)
	at org.testng.internal.TestInvoker.invokeMethod(TestInvoker.java:598)
	at org.testng.internal.TestInvoker.invokeTestMethod(TestInvoker.java:173)
	at org.testng.internal.MethodRunner.runInSequence(MethodRunner.java:46)
	at org.testng.internal.TestInvoker$MethodInvocationAgent.invoke(TestInvoker.java:824)
	at org.testng.internal.TestInvoker.invokeTestMethods(TestInvoker.java:146)
	at org.testng.internal.TestMethodWorker.invokeTestMethods(TestMethodWorker.java:146)
	at org.testng.internal.TestMethodWorker.run(TestMethodWorker.java:128)
	at java.util.ArrayList.forEach(ArrayList.java:1259)
	at org.testng.TestRunner.privateRun(TestRunner.java:794)
	at org.testng.TestRunner.run(TestRunner.java:596)
	at org.testng.SuiteRunner.runTest(SuiteRunner.java:377)
	at org.testng.SuiteRunner.runSequentially(SuiteRunner.java:371)
	at org.testng.SuiteRunner.privateRun(SuiteRunner.java:332)
	at org.testng.SuiteRunner.run(SuiteRunner.java:276)
	at org.testng.SuiteRunnerWorker.runSuite(SuiteRunnerWorker.java:53)
	at org.testng.SuiteRunnerWorker.run(SuiteRunnerWorker.java:96)
	at org.testng.TestNG.runSuitesSequentially(TestNG.java:1212)
	at org.testng.TestNG.runSuitesLocally(TestNG.java:1134)
	at org.testng.TestNG.runSuites(TestNG.java:1063)
	at org.testng.TestNG.run(TestNG.java:1031)
	at org.gradle.api.internal.tasks.testing.testng.TestNGTestClassProcessor.runTests(TestNGTestClassProcessor.java:141)
	at org.gradle.api.internal.tasks.testing.testng.TestNGTestClassProcessor.stop(TestNGTestClassProcessor.java:90)
	at org.gradle.api.internal.tasks.testing.SuiteTestClassProcessor.stop(SuiteTestClassProcessor.java:61)
	at sun.reflect.NativeMethodAccessorImpl.invoke0(Native Method)
	at sun.reflect.NativeMethodAccessorImpl.invoke(NativeMethodAccessorImpl.java:62)
	at sun.reflect.DelegatingMethodAccessorImpl.invoke(DelegatingMethodAccessorImpl.java:43)
	at java.lang.reflect.Method.invoke(Method.java:498)
	at org.gradle.internal.dispatch.ReflectionDispatch.dispatch(ReflectionDispatch.java:36)
	at org.gradle.internal.dispatch.ReflectionDispatch.dispatch(ReflectionDispatch.java:24)
	at org.gradle.internal.dispatch.ContextClassLoaderDispatch.dispatch(ContextClassLoaderDispatch.java:33)
	at org.gradle.internal.dispatch.ProxyDispatchAdapter$DispatchingInvocationHandler.invoke(ProxyDispatchAdapter.java:94)
	at com.sun.proxy.$Proxy2.stop(Unknown Source)
	at org.gradle.api.internal.tasks.testing.worker.TestWorker$3.run(TestWorker.java:193)
	at org.gradle.api.internal.tasks.testing.worker.TestWorker.executeAndMaintainThreadName(TestWorker.java:129)
	at org.gradle.api.internal.tasks.testing.worker.TestWorker.execute(TestWorker.java:100)
	at org.gradle.api.internal.tasks.testing.worker.TestWorker.execute(TestWorker.java:60)
	at org.gradle.process.internal.worker.child.ActionExecutionWorker.execute(ActionExecutionWorker.java:56)
	at org.gradle.process.internal.worker.child.SystemApplicationClassLoaderWorker.call(SystemApplicationClassLoaderWorker.java:133)
	at org.gradle.process.internal.worker.child.SystemApplicationClassLoaderWorker.call(SystemApplicationClassLoaderWorker.java:71)
	at worker.org.gradle.process.internal.worker.GradleWorkerMain.run(GradleWorkerMain.java:69)
	at worker.org.gradle.process.internal.worker.GradleWorkerMain.main(GradleWorkerMain.java:74)
</pre>
</span>
</div>
<div class="test">
<a name="carSearchSingaporeOnly[3](Car(location=Singaperumal Koil, Tamil Nadu, India, make=UK, model=Porsh, year=2018, engine=2.8, fuel=Petrol, gear=SMT, wD=FWD, doors=3, seats=2, clasS=Sx, fuelConsumption=12, registrationNum=10-100-33318773, price=80, distance=150, features=Red fast car, about=Super car))"></a>
<h3 class="failures">carSearchSingaporeOnly[3](Car(location=Singaperumal Koil, Tamil Nadu, India, make=UK, model=Porsh, year=2018, engine=2.8, fuel=Petrol, gear=SMT, wD=FWD, doors=3, seats=2, clasS=Sx, fuelConsumption=12, registrationNum=10-100-33318773, price=80, distance=150, features=Red fast car, about=Super car))</h3>
<span class="code">
<pre>org.openqa.selenium.ElementNotInteractableException: element not interactable
  (Session info: chrome=102.0.5005.115)
Build info: version: '3.141.59', revision: 'e82be7d358', time: '2018-11-14T08:17:03'
System info: host: 'ARTEMKA', ip: '192.168.0.103', os.name: 'Windows 10', os.arch: 'amd64', os.version: '10.0', java.version: '1.8.0_333'
Driver info: org.openqa.selenium.chrome.ChromeDriver
Capabilities {acceptInsecureCerts: false, browserName: chrome, browserVersion: 102.0.5005.115, chrome: {chromedriverVersion: 101.0.4951.41 (93c720db8323..., userDataDir: C:\Users\ompre\AppData\Loca...}, goog:chromeOptions: {debuggerAddress: localhost:51198}, javascriptEnabled: true, networkConnectionEnabled: false, pageLoadStrategy: normal, platform: WINDOWS, platformName: WINDOWS, proxy: Proxy(), setWindowRect: true, strictFileInteractability: false, timeouts: {implicit: 0, pageLoad: 300000, script: 30000}, unhandledPromptBehavior: dismiss and notify, webauthn:extension:credBlob: true, webauthn:extension:largeBlob: true, webauthn:virtualAuthenticators: true}
Session ID: 87e98a9cb0df1b75becee935ee83485d
	at manager.MyListener.onException(MyListener.java:39)
	at sun.reflect.NativeMethodAccessorImpl.invoke0(Native Method)
	at sun.reflect.NativeMethodAccessorImpl.invoke(NativeMethodAccessorImpl.java:62)
	at sun.reflect.DelegatingMethodAccessorImpl.invoke(DelegatingMethodAccessorImpl.java:43)
	at java.lang.reflect.Method.invoke(Method.java:498)
	at org.openqa.selenium.support.events.EventFiringWebDriver.lambda$new$0(EventFiringWebDriver.java:84)
	at com.sun.proxy.$Proxy11.onException(Unknown Source)
	at org.openqa.selenium.support.events.EventFiringWebDriver$EventFiringWebElement.lambda$new$0(EventFiringWebDriver.java:406)
	at com.sun.proxy.$Proxy13.click(Unknown Source)
	at org.openqa.selenium.support.events.EventFiringWebDriver$EventFiringWebElement.click(EventFiringWebDriver.java:417)
	at manager.HelperBase.click(HelperBase.java:22)
	at manager.HelperCar.clickLetTheCarWork(HelperCar.java:19)
	at tests.LetTheCarWork.carSearchSingaporeOnly(LetTheCarWork.java:88)
	at sun.reflect.NativeMethodAccessorImpl.invoke0(Native Method)
	at sun.reflect.NativeMethodAccessorImpl.invoke(NativeMethodAccessorImpl.java:62)
	at sun.reflect.DelegatingMethodAccessorImpl.invoke(DelegatingMethodAccessorImpl.java:43)
	at java.lang.reflect.Method.invoke(Method.java:498)
	at org.testng.internal.MethodInvocationHelper.invokeMethod(MethodInvocationHelper.java:133)
	at org.testng.internal.TestInvoker.invokeMethod(TestInvoker.java:598)
	at org.testng.internal.TestInvoker.invokeTestMethod(TestInvoker.java:173)
	at org.testng.internal.MethodRunner.runInSequence(MethodRunner.java:46)
	at org.testng.internal.TestInvoker$MethodInvocationAgent.invoke(TestInvoker.java:824)
	at org.testng.internal.TestInvoker.invokeTestMethods(TestInvoker.java:146)
	at org.testng.internal.TestMethodWorker.invokeTestMethods(TestMethodWorker.java:146)
	at org.testng.internal.TestMethodWorker.run(TestMethodWorker.java:128)
	at java.util.ArrayList.forEach(ArrayList.java:1259)
	at org.testng.TestRunner.privateRun(TestRunner.java:794)
	at org.testng.TestRunner.run(TestRunner.java:596)
	at org.testng.SuiteRunner.runTest(SuiteRunner.java:377)
	at org.testng.SuiteRunner.runSequentially(SuiteRunner.java:371)
	at org.testng.SuiteRunner.privateRun(SuiteRunner.java:332)
	at org.testng.SuiteRunner.run(SuiteRunner.java:276)
	at org.testng.SuiteRunnerWorker.runSuite(SuiteRunnerWorker.java:53)
	at org.testng.SuiteRunnerWorker.run(SuiteRunnerWorker.java:96)
	at org.testng.TestNG.runSuitesSequentially(TestNG.java:1212)
	at org.testng.TestNG.runSuitesLocally(TestNG.java:1134)
	at org.testng.TestNG.runSuites(TestNG.java:1063)
	at org.testng.TestNG.run(TestNG.java:1031)
	at org.gradle.api.internal.tasks.testing.testng.TestNGTestClassProcessor.runTests(TestNGTestClassProcessor.java:141)
	at org.gradle.api.internal.tasks.testing.testng.TestNGTestClassProcessor.stop(TestNGTestClassProcessor.java:90)
	at org.gradle.api.internal.tasks.testing.SuiteTestClassProcessor.stop(SuiteTestClassProcessor.java:61)
	at sun.reflect.NativeMethodAccessorImpl.invoke0(Native Method)
	at sun.reflect.NativeMethodAccessorImpl.invoke(NativeMethodAccessorImpl.java:62)
	at sun.reflect.DelegatingMethodAccessorImpl.invoke(DelegatingMethodAccessorImpl.java:43)
	at java.lang.reflect.Method.invoke(Method.java:498)
	at org.gradle.internal.dispatch.ReflectionDispatch.dispatch(ReflectionDispatch.java:36)
	at org.gradle.internal.dispatch.ReflectionDispatch.dispatch(ReflectionDispatch.java:24)
	at org.gradle.internal.dispatch.ContextClassLoaderDispatch.dispatch(ContextClassLoaderDispatch.java:33)
	at org.gradle.internal.dispatch.ProxyDispatchAdapter$DispatchingInvocationHandler.invoke(ProxyDispatchAdapter.java:94)
	at com.sun.proxy.$Proxy2.stop(Unknown Source)
	at org.gradle.api.internal.tasks.testing.worker.TestWorker$3.run(TestWorker.java:193)
	at org.gradle.api.internal.tasks.testing.worker.TestWorker.executeAndMaintainThreadName(TestWorker.java:129)
	at org.gradle.api.internal.tasks.testing.worker.TestWorker.execute(TestWorker.java:100)
	at org.gradle.api.internal.tasks.testing.worker.TestWorker.execute(TestWorker.java:60)
	at org.gradle.process.internal.worker.child.ActionExecutionWorker.execute(ActionExecutionWorker.java:56)
	at org.gradle.process.internal.worker.child.SystemApplicationClassLoaderWorker.call(SystemApplicationClassLoaderWorker.java:133)
	at org.gradle.process.internal.worker.child.SystemApplicationClassLoaderWorker.call(SystemApplicationClassLoaderWorker.java:71)
	at worker.org.gradle.process.internal.worker.GradleWorkerMain.run(GradleWorkerMain.java:69)
	at worker.org.gradle.process.internal.worker.GradleWorkerMain.main(GradleWorkerMain.java:74)
</pre>
</span>
</div>
</div>
<div id="tab1" class="tab">
<h2>Tests</h2>
<table>
<thead>
<tr>
<th>Test</th>
<th>Duration</th>
<th>Result</th>
</tr>
</thead>
<tr>
<td class="failures">carSearchSingaporeOnly[0](Car(location=Singapore, make=UK, model=Porsh, year=2018, engine=2.8, fuel=Petrol, gear=SMT, wD=FWD, doors=3, seats=2, clasS=Sx, fuelConsumption=12, registrationNum=10-100-3331877, price=80, distance=150, features=Red fast car, about=Super car))</td>
<td class="failures">16.389s</td>
<td class="failures">failed</td>
</tr>
<tr>
<td class="failures">carSearchSingaporeOnly[1](Car(location=Singapore Zoo, Singapore, make=UK, model=Porsh, year=2018, engine=2.8, fuel=Petrol, gear=SMT, wD=FWD, doors=3, seats=2, clasS=Sx, fuelConsumption=12, registrationNum=10-100-33318771, price=80, distance=150, features=Red fast car, about=Super car))</td>
<td class="failures">14.961s</td>
<td class="failures">failed</td>
</tr>
<tr>
<td class="failures">carSearchSingaporeOnly[2](Car(location=Raffles Avenue, Singapore Flyer, Singapore, make=UK, model=Porsh, year=2018, engine=2.8, fuel=Petrol, gear=SMT, wD=FWD, doors=3, seats=2, clasS=Sx, fuelConsumption=12, registrationNum=10-100-33318772, price=80, distance=150, features=Red fast car, about=Super car))</td>
<td class="failures">5.241s</td>
<td class="failures">failed</td>
</tr>
<tr>
<td class="failures">carSearchSingaporeOnly[3](Car(location=Singaperumal Koil, Tamil Nadu, India, make=UK, model=Porsh, year=2018, engine=2.8, fuel=Petrol, gear=SMT, wD=FWD, doors=3, seats=2, clasS=Sx, fuelConsumption=12, registrationNum=10-100-33318773, price=80, distance=150, features=Red fast car, about=Super car))</td>
<td class="failures">5.236s</td>
<td class="failures">failed</td>
</tr>
</table>
</div>
<div id="tab2" class="tab">
<h2>Standard output</h2>
<span class="code">
<pre>09:31:12 INFO  manager.MyListener - Start search element by locator--&gt;By.xpath: //*[text()=' Logout ']
09:31:17 INFO  manager.MyListener - Element with locator--&gt;By.xpath: //*[text()=' Logout '] was found
09:31:17 INFO  manager.MyListener - Start search element by locator--&gt;By.xpath: //*[text()=' Log in ']
09:31:17 INFO  manager.MyListener - Element with locator--&gt;By.xpath: //*[text()=' Log in '] was found
09:31:17 INFO  manager.MyListener - Start search element by locator--&gt;By.cssSelector: div input#email
09:31:17 INFO  manager.MyListener - Element with locator--&gt;By.cssSelector: div input#email was found
09:31:17 INFO  manager.MyListener - Start search element by locator--&gt;By.cssSelector: div input#password
09:31:17 INFO  manager.MyListener - Element with locator--&gt;By.cssSelector: div input#password was found
09:31:17 INFO  manager.MyListener - Start search element by locator--&gt;By.cssSelector: form button[type='submit']
09:31:17 INFO  manager.MyListener - Element with locator--&gt;By.cssSelector: form button[type='submit'] was found
09:31:17 INFO  tests.TestBase - Starts test---&gt; carSearchSingaporeOnly
09:31:17 INFO  tests.TestBase - Car to be added--&gt;Car(location=Singapore, make=UK, model=Porsh, year=2018, engine=2.8, fuel=Petrol, gear=SMT, wD=FWD, doors=3, seats=2, clasS=Sx, fuelConsumption=12, registrationNum=10-100-3331877, price=80, distance=150, features=Red fast car, about=Super car)
09:31:17 INFO  manager.MyListener - Start search element by locator--&gt;By.cssSelector: a[href='/let-car-work']
09:31:17 INFO  manager.MyListener - Element with locator--&gt;By.cssSelector: a[href='/let-car-work'] was found
09:31:18 INFO  manager.MyListener - Start search element by locator--&gt;By.id: pickUpPlace
09:31:18 INFO  manager.MyListener - Element with locator--&gt;By.id: pickUpPlace was found
09:31:18 INFO  manager.MyListener - Start search element by locator--&gt;By.cssSelector: div.pac-item
09:31:18 INFO  manager.MyListener - Element with locator--&gt;By.cssSelector: div.pac-item was found
09:31:19 INFO  manager.MyListener - Start search element by locator--&gt;By.cssSelector: input[id='make']
09:31:19 INFO  manager.MyListener - Element with locator--&gt;By.cssSelector: input[id='make'] was found
09:31:19 INFO  manager.MyListener - Start search element by locator--&gt;By.id: model
09:31:20 INFO  manager.MyListener - Element with locator--&gt;By.id: model was found
09:31:20 INFO  manager.MyListener - Start search element by locator--&gt;By.id: year
09:31:20 INFO  manager.MyListener - Element with locator--&gt;By.id: year was found
09:31:20 INFO  manager.MyListener - Start search element by locator--&gt;By.id: engine
09:31:20 INFO  manager.MyListener - Element with locator--&gt;By.id: engine was found
09:31:20 INFO  manager.MyListener - Start search element by locator--&gt;By.id: fuel
09:31:20 INFO  manager.MyListener - Element with locator--&gt;By.id: fuel was found
09:31:20 INFO  manager.MyListener - Start search element by locator--&gt;By.xpath: .//option[@value = &quot;Petrol&quot;]
09:31:20 INFO  manager.MyListener - Element with locator--&gt;By.xpath: .//option[@value = &quot;Petrol&quot;] was found
09:31:20 INFO  manager.MyListener - Start search element by locator--&gt;By.id: gear
09:31:20 INFO  manager.MyListener - Element with locator--&gt;By.id: gear was found
09:31:20 INFO  manager.MyListener - Start search element by locator--&gt;By.xpath: .//option[@value = &quot;SMT&quot;]
09:31:20 INFO  manager.MyListener - Element with locator--&gt;By.xpath: .//option[@value = &quot;SMT&quot;] was found
09:31:20 INFO  manager.MyListener - Start search element by locator--&gt;By.id: wheelsDrive
09:31:20 INFO  manager.MyListener - Element with locator--&gt;By.id: wheelsDrive was found
09:31:20 INFO  manager.MyListener - Start search element by locator--&gt;By.xpath: .//option[@value = &quot;FWD&quot;]
09:31:20 INFO  manager.MyListener - Element with locator--&gt;By.xpath: .//option[@value = &quot;FWD&quot;] was found
09:31:20 INFO  manager.MyListener - Start search element by locator--&gt;By.id: doors
09:31:20 INFO  manager.MyListener - Element with locator--&gt;By.id: doors was found
09:31:20 INFO  manager.MyListener - Start search element by locator--&gt;By.id: seats
09:31:20 INFO  manager.MyListener - Element with locator--&gt;By.id: seats was found
09:31:21 INFO  manager.MyListener - Start search element by locator--&gt;By.id: class
09:31:21 INFO  manager.MyListener - Element with locator--&gt;By.id: class was found
09:31:21 INFO  manager.MyListener - Start search element by locator--&gt;By.id: fuelConsumption
09:31:21 INFO  manager.MyListener - Element with locator--&gt;By.id: fuelConsumption was found
09:31:21 INFO  manager.MyListener - Start search element by locator--&gt;By.id: serialNumber
09:31:21 INFO  manager.MyListener - Element with locator--&gt;By.id: serialNumber was found
09:31:21 INFO  manager.MyListener - Start search element by locator--&gt;By.id: price
09:31:21 INFO  manager.MyListener - Element with locator--&gt;By.id: price was found
09:31:21 INFO  manager.MyListener - Start search element by locator--&gt;By.id: distance
09:31:21 INFO  manager.MyListener - Element with locator--&gt;By.id: distance was found
09:31:24 INFO  manager.MyListener - Start search element by locator--&gt;By.cssSelector: input.feature-input
09:31:25 INFO  manager.MyListener - Element with locator--&gt;By.cssSelector: input.feature-input was found
09:31:25 INFO  manager.MyListener - Start search element by locator--&gt;By.id: about
09:31:25 INFO  manager.MyListener - Element with locator--&gt;By.id: about was found
09:31:25 INFO  manager.MyListener - Start search element by locator--&gt;By.id: photos
09:31:25 INFO  manager.MyListener - Element with locator--&gt;By.id: photos was found
09:31:25 INFO  manager.MyListener - Start search element by locator--&gt;By.xpath: //*[text()='Submit']
09:31:25 INFO  manager.MyListener - Element with locator--&gt;By.xpath: //*[text()='Submit'] was found
09:31:27 INFO  manager.MyListener - Start search element by locator--&gt;By.xpath: //*[text()='Submit']
09:31:27 INFO  manager.MyListener - Element with locator--&gt;By.xpath: //*[text()='Submit'] was found
09:31:27 INFO  manager.MyListener - Start search element by locator--&gt;By.id: mat-dialog-0
09:31:28 INFO  manager.MyListener - Element with locator--&gt;By.id: mat-dialog-0 was found
09:31:28 INFO  manager.MyListener - Start search element by locator--&gt;By.xpath: //button[text()='Close']
09:31:28 INFO  manager.MyListener - Element with locator--&gt;By.xpath: //button[text()='Close'] was found
09:31:28 INFO  manager.MyListener - Start search element by locator--&gt;By.xpath: //h1[text()='Something goes wrong']
09:31:28 INFO  manager.MyListener - Element with locator--&gt;By.xpath: //h1[text()='Something goes wrong'] was found
09:31:28 INFO  manager.HelperBase - !!! Bug found with message--&gt;Something goes wrong
09:31:28 INFO  manager.MyListener - Start search element by locator--&gt;By.xpath: //*[@alt='logo']
09:31:28 INFO  manager.MyListener - Element with locator--&gt;By.xpath: //*[@alt='logo'] was found
09:31:28 INFO  manager.MyListener - Start search element by locator--&gt;By.cssSelector: div.dialog-container
09:31:33 INFO  manager.MyListener - Something went wrong: https://ilcarro-1578153671498.web.app/search
09:31:33 INFO  manager.MyListener - no such element: Unable to locate element: {&quot;method&quot;:&quot;css selector&quot;,&quot;selector&quot;:&quot;div.dialog-container&quot;}
  (Session info: chrome=102.0.5005.115)
For documentation on this error, please visit: https://www.seleniumhq.org/exceptions/no_such_element.html
Build info: version: '3.141.59', revision: 'e82be7d358', time: '2018-11-14T08:17:03'
System info: host: 'ARTEMKA', ip: '192.168.0.103', os.name: 'Windows 10', os.arch: 'amd64', os.version: '10.0', java.version: '1.8.0_333'
Driver info: org.openqa.selenium.chrome.ChromeDriver
Capabilities {acceptInsecureCerts: false, browserName: chrome, browserVersion: 102.0.5005.115, chrome: {chromedriverVersion: 101.0.4951.41 (93c720db8323..., userDataDir: C:\Users\ompre\AppData\Loca...}, goog:chromeOptions: {debuggerAddress: localhost:51198}, javascriptEnabled: true, networkConnectionEnabled: false, pageLoadStrategy: normal, platform: WINDOWS, platformName: WINDOWS, proxy: Proxy(), setWindowRect: true, strictFileInteractability: false, timeouts: {implicit: 0, pageLoad: 300000, script: 30000}, unhandledPromptBehavior: dismiss and notify, webauthn:extension:credBlob: true, webauthn:extension:largeBlob: true, webauthn:virtualAuthenticators: true}
Session ID: 87e98a9cb0df1b75becee935ee83485d
*** Element info: {Using=css selector, value=div.dialog-container}
09:31:33 INFO  manager.MyListener - org.openqa.selenium.NoSuchElementException: no such element: Unable to locate element: {&quot;method&quot;:&quot;css selector&quot;,&quot;selector&quot;:&quot;div.dialog-container&quot;}
  (Session info: chrome=102.0.5005.115)
For documentation on this error, please visit: https://www.seleniumhq.org/exceptions/no_such_element.html
Build info: version: '3.141.59', revision: 'e82be7d358', time: '2018-11-14T08:17:03'
System info: host: 'ARTEMKA', ip: '192.168.0.103', os.name: 'Windows 10', os.arch: 'amd64', os.version: '10.0', java.version: '1.8.0_333'
Driver info: org.openqa.selenium.chrome.ChromeDriver
Capabilities {acceptInsecureCerts: false, browserName: chrome, browserVersion: 102.0.5005.115, chrome: {chromedriverVersion: 101.0.4951.41 (93c720db8323..., userDataDir: C:\Users\ompre\AppData\Loca...}, goog:chromeOptions: {debuggerAddress: localhost:51198}, javascriptEnabled: true, networkConnectionEnabled: false, pageLoadStrategy: normal, platform: WINDOWS, platformName: WINDOWS, proxy: Proxy(), setWindowRect: true, strictFileInteractability: false, timeouts: {implicit: 0, pageLoad: 300000, script: 30000}, unhandledPromptBehavior: dismiss and notify, webauthn:extension:credBlob: true, webauthn:extension:largeBlob: true, webauthn:virtualAuthenticators: true}
Session ID: 87e98a9cb0df1b75becee935ee83485d
*** Element info: {Using=css selector, value=div.dialog-container}
09:31:34 INFO  tests.TestBase - Ends test---&gt; carSearchSingaporeOnly
09:31:34 INFO  tests.TestBase - Starts test---&gt; carSearchSingaporeOnly
09:31:34 INFO  tests.TestBase - Car to be added--&gt;Car(location=Singapore Zoo, Singapore, make=UK, model=Porsh, year=2018, engine=2.8, fuel=Petrol, gear=SMT, wD=FWD, doors=3, seats=2, clasS=Sx, fuelConsumption=12, registrationNum=10-100-33318771, price=80, distance=150, features=Red fast car, about=Super car)
09:31:34 INFO  manager.MyListener - Start search element by locator--&gt;By.cssSelector: a[href='/let-car-work']
09:31:34 INFO  manager.MyListener - Element with locator--&gt;By.cssSelector: a[href='/let-car-work'] was found
09:31:34 INFO  manager.MyListener - Start search element by locator--&gt;By.id: pickUpPlace
09:31:34 INFO  manager.MyListener - Element with locator--&gt;By.id: pickUpPlace was found
09:31:35 INFO  manager.MyListener - Start search element by locator--&gt;By.cssSelector: div.pac-item
09:31:35 INFO  manager.MyListener - Element with locator--&gt;By.cssSelector: div.pac-item was found
09:31:36 INFO  manager.MyListener - Start search element by locator--&gt;By.cssSelector: input[id='make']
09:31:36 INFO  manager.MyListener - Element with locator--&gt;By.cssSelector: input[id='make'] was found
09:31:36 INFO  manager.MyListener - Start search element by locator--&gt;By.id: model
09:31:36 INFO  manager.MyListener - Element with locator--&gt;By.id: model was found
09:31:36 INFO  manager.MyListener - Start search element by locator--&gt;By.id: year
09:31:36 INFO  manager.MyListener - Element with locator--&gt;By.id: year was found
09:31:36 INFO  manager.MyListener - Start search element by locator--&gt;By.id: engine
09:31:36 INFO  manager.MyListener - Element with locator--&gt;By.id: engine was found
09:31:36 INFO  manager.MyListener - Start search element by locator--&gt;By.id: fuel
09:31:36 INFO  manager.MyListener - Element with locator--&gt;By.id: fuel was found
09:31:36 INFO  manager.MyListener - Start search element by locator--&gt;By.xpath: .//option[@value = &quot;Petrol&quot;]
09:31:36 INFO  manager.MyListener - Element with locator--&gt;By.xpath: .//option[@value = &quot;Petrol&quot;] was found
09:31:36 INFO  manager.MyListener - Start search element by locator--&gt;By.id: gear
09:31:36 INFO  manager.MyListener - Element with locator--&gt;By.id: gear was found
09:31:36 INFO  manager.MyListener - Start search element by locator--&gt;By.xpath: .//option[@value = &quot;SMT&quot;]
09:31:36 INFO  manager.MyListener - Element with locator--&gt;By.xpath: .//option[@value = &quot;SMT&quot;] was found
09:31:37 INFO  manager.MyListener - Start search element by locator--&gt;By.id: wheelsDrive
09:31:37 INFO  manager.MyListener - Element with locator--&gt;By.id: wheelsDrive was found
09:31:37 INFO  manager.MyListener - Start search element by locator--&gt;By.xpath: .//option[@value = &quot;FWD&quot;]
09:31:37 INFO  manager.MyListener - Element with locator--&gt;By.xpath: .//option[@value = &quot;FWD&quot;] was found
09:31:37 INFO  manager.MyListener - Start search element by locator--&gt;By.id: doors
09:31:37 INFO  manager.MyListener - Element with locator--&gt;By.id: doors was found
09:31:37 INFO  manager.MyListener - Start search element by locator--&gt;By.id: seats
09:31:37 INFO  manager.MyListener - Element with locator--&gt;By.id: seats was found
09:31:37 INFO  manager.MyListener - Start search element by locator--&gt;By.id: class
09:31:37 INFO  manager.MyListener - Element with locator--&gt;By.id: class was found
09:31:37 INFO  manager.MyListener - Start search element by locator--&gt;By.id: fuelConsumption
09:31:37 INFO  manager.MyListener - Element with locator--&gt;By.id: fuelConsumption was found
09:31:37 INFO  manager.MyListener - Start search element by locator--&gt;By.id: serialNumber
09:31:37 INFO  manager.MyListener - Element with locator--&gt;By.id: serialNumber was found
09:31:37 INFO  manager.MyListener - Start search element by locator--&gt;By.id: price
09:31:37 INFO  manager.MyListener - Element with locator--&gt;By.id: price was found
09:31:37 INFO  manager.MyListener - Start search element by locator--&gt;By.id: distance
09:31:38 INFO  manager.MyListener - Element with locator--&gt;By.id: distance was found
09:31:41 INFO  manager.MyListener - Start search element by locator--&gt;By.cssSelector: input.feature-input
09:31:41 INFO  manager.MyListener - Element with locator--&gt;By.cssSelector: input.feature-input was found
09:31:41 INFO  manager.MyListener - Start search element by locator--&gt;By.id: about
09:31:41 INFO  manager.MyListener - Element with locator--&gt;By.id: about was found
09:31:41 INFO  manager.MyListener - Start search element by locator--&gt;By.id: photos
09:31:41 INFO  manager.MyListener - Element with locator--&gt;By.id: photos was found
09:31:41 INFO  manager.MyListener - Start search element by locator--&gt;By.xpath: //*[text()='Submit']
09:31:41 INFO  manager.MyListener - Element with locator--&gt;By.xpath: //*[text()='Submit'] was found
09:31:42 INFO  manager.MyListener - Start search element by locator--&gt;By.xpath: //*[text()='Submit']
09:31:42 INFO  manager.MyListener - Element with locator--&gt;By.xpath: //*[text()='Submit'] was found
09:31:42 INFO  manager.MyListener - Start search element by locator--&gt;By.id: mat-dialog-0
09:31:44 INFO  manager.MyListener - Element with locator--&gt;By.id: mat-dialog-0 was found
09:31:44 INFO  manager.MyListener - Start search element by locator--&gt;By.xpath: //button[text()='Close']
09:31:49 INFO  manager.MyListener - Something went wrong: https://ilcarro-1578153671498.web.app/let-car-work
09:31:49 INFO  manager.MyListener - no such element: Unable to locate element: {&quot;method&quot;:&quot;xpath&quot;,&quot;selector&quot;:&quot;//button[text()='Close']&quot;}
  (Session info: chrome=102.0.5005.115)
For documentation on this error, please visit: https://www.seleniumhq.org/exceptions/no_such_element.html
Build info: version: '3.141.59', revision: 'e82be7d358', time: '2018-11-14T08:17:03'
System info: host: 'ARTEMKA', ip: '192.168.0.103', os.name: 'Windows 10', os.arch: 'amd64', os.version: '10.0', java.version: '1.8.0_333'
Driver info: org.openqa.selenium.chrome.ChromeDriver
Capabilities {acceptInsecureCerts: false, browserName: chrome, browserVersion: 102.0.5005.115, chrome: {chromedriverVersion: 101.0.4951.41 (93c720db8323..., userDataDir: C:\Users\ompre\AppData\Loca...}, goog:chromeOptions: {debuggerAddress: localhost:51198}, javascriptEnabled: true, networkConnectionEnabled: false, pageLoadStrategy: normal, platform: WINDOWS, platformName: WINDOWS, proxy: Proxy(), setWindowRect: true, strictFileInteractability: false, timeouts: {implicit: 0, pageLoad: 300000, script: 30000}, unhandledPromptBehavior: dismiss and notify, webauthn:extension:credBlob: true, webauthn:extension:largeBlob: true, webauthn:virtualAuthenticators: true}
Session ID: 87e98a9cb0df1b75becee935ee83485d
*** Element info: {Using=xpath, value=//button[text()='Close']}
09:31:49 INFO  manager.MyListener - org.openqa.selenium.NoSuchElementException: no such element: Unable to locate element: {&quot;method&quot;:&quot;xpath&quot;,&quot;selector&quot;:&quot;//button[text()='Close']&quot;}
  (Session info: chrome=102.0.5005.115)
For documentation on this error, please visit: https://www.seleniumhq.org/exceptions/no_such_element.html
Build info: version: '3.141.59', revision: 'e82be7d358', time: '2018-11-14T08:17:03'
System info: host: 'ARTEMKA', ip: '192.168.0.103', os.name: 'Windows 10', os.arch: 'amd64', os.version: '10.0', java.version: '1.8.0_333'
Driver info: org.openqa.selenium.chrome.ChromeDriver
Capabilities {acceptInsecureCerts: false, browserName: chrome, browserVersion: 102.0.5005.115, chrome: {chromedriverVersion: 101.0.4951.41 (93c720db8323..., userDataDir: C:\Users\ompre\AppData\Loca...}, goog:chromeOptions: {debuggerAddress: localhost:51198}, javascriptEnabled: true, networkConnectionEnabled: false, pageLoadStrategy: normal, platform: WINDOWS, platformName: WINDOWS, proxy: Proxy(), setWindowRect: true, strictFileInteractability: false, timeouts: {implicit: 0, pageLoad: 300000, script: 30000}, unhandledPromptBehavior: dismiss and notify, webauthn:extension:credBlob: true, webauthn:extension:largeBlob: true, webauthn:virtualAuthenticators: true}
Session ID: 87e98a9cb0df1b75becee935ee83485d
*** Element info: {Using=xpath, value=//button[text()='Close']}
09:31:49 INFO  tests.TestBase - Ends test---&gt; carSearchSingaporeOnly
09:31:49 INFO  tests.TestBase - Starts test---&gt; carSearchSingaporeOnly
09:31:49 INFO  tests.TestBase - Car to be added--&gt;Car(location=Raffles Avenue, Singapore Flyer, Singapore, make=UK, model=Porsh, year=2018, engine=2.8, fuel=Petrol, gear=SMT, wD=FWD, doors=3, seats=2, clasS=Sx, fuelConsumption=12, registrationNum=10-100-33318772, price=80, distance=150, features=Red fast car, about=Super car)
09:31:49 INFO  manager.MyListener - Start search element by locator--&gt;By.cssSelector: a[href='/let-car-work']
09:31:49 INFO  manager.MyListener - Element with locator--&gt;By.cssSelector: a[href='/let-car-work'] was found
09:31:54 INFO  manager.MyListener - Something went wrong: https://ilcarro-1578153671498.web.app/let-car-work
09:31:54 INFO  manager.MyListener - element not interactable
  (Session info: chrome=102.0.5005.115)
Build info: version: '3.141.59', revision: 'e82be7d358', time: '2018-11-14T08:17:03'
System info: host: 'ARTEMKA', ip: '192.168.0.103', os.name: 'Windows 10', os.arch: 'amd64', os.version: '10.0', java.version: '1.8.0_333'
Driver info: org.openqa.selenium.chrome.ChromeDriver
Capabilities {acceptInsecureCerts: false, browserName: chrome, browserVersion: 102.0.5005.115, chrome: {chromedriverVersion: 101.0.4951.41 (93c720db8323..., userDataDir: C:\Users\ompre\AppData\Loca...}, goog:chromeOptions: {debuggerAddress: localhost:51198}, javascriptEnabled: true, networkConnectionEnabled: false, pageLoadStrategy: normal, platform: WINDOWS, platformName: WINDOWS, proxy: Proxy(), setWindowRect: true, strictFileInteractability: false, timeouts: {implicit: 0, pageLoad: 300000, script: 30000}, unhandledPromptBehavior: dismiss and notify, webauthn:extension:credBlob: true, webauthn:extension:largeBlob: true, webauthn:virtualAuthenticators: true}
Session ID: 87e98a9cb0df1b75becee935ee83485d
09:31:54 INFO  manager.MyListener - org.openqa.selenium.ElementNotInteractableException: element not interactable
  (Session info: chrome=102.0.5005.115)
Build info: version: '3.141.59', revision: 'e82be7d358', time: '2018-11-14T08:17:03'
System info: host: 'ARTEMKA', ip: '192.168.0.103', os.name: 'Windows 10', os.arch: 'amd64', os.version: '10.0', java.version: '1.8.0_333'
Driver info: org.openqa.selenium.chrome.ChromeDriver
Capabilities {acceptInsecureCerts: false, browserName: chrome, browserVersion: 102.0.5005.115, chrome: {chromedriverVersion: 101.0.4951.41 (93c720db8323..., userDataDir: C:\Users\ompre\AppData\Loca...}, goog:chromeOptions: {debuggerAddress: localhost:51198}, javascriptEnabled: true, networkConnectionEnabled: false, pageLoadStrategy: normal, platform: WINDOWS, platformName: WINDOWS, proxy: Proxy(), setWindowRect: true, strictFileInteractability: false, timeouts: {implicit: 0, pageLoad: 300000, script: 30000}, unhandledPromptBehavior: dismiss and notify, webauthn:extension:credBlob: true, webauthn:extension:largeBlob: true, webauthn:virtualAuthenticators: true}
Session ID: 87e98a9cb0df1b75becee935ee83485d
09:31:54 INFO  tests.TestBase - Ends test---&gt; carSearchSingaporeOnly
09:31:54 INFO  tests.TestBase - Starts test---&gt; carSearchSingaporeOnly
09:31:54 INFO  tests.TestBase - Car to be added--&gt;Car(location=Singaperumal Koil, Tamil Nadu, India, make=UK, model=Porsh, year=2018, engine=2.8, fuel=Petrol, gear=SMT, wD=FWD, doors=3, seats=2, clasS=Sx, fuelConsumption=12, registrationNum=10-100-33318773, price=80, distance=150, features=Red fast car, about=Super car)
09:31:54 INFO  manager.MyListener - Start search element by locator--&gt;By.cssSelector: a[href='/let-car-work']
09:31:54 INFO  manager.MyListener - Element with locator--&gt;By.cssSelector: a[href='/let-car-work'] was found
09:31:59 INFO  manager.MyListener - Something went wrong: https://ilcarro-1578153671498.web.app/let-car-work
09:31:59 INFO  manager.MyListener - element not interactable
  (Session info: chrome=102.0.5005.115)
Build info: version: '3.141.59', revision: 'e82be7d358', time: '2018-11-14T08:17:03'
System info: host: 'ARTEMKA', ip: '192.168.0.103', os.name: 'Windows 10', os.arch: 'amd64', os.version: '10.0', java.version: '1.8.0_333'
Driver info: org.openqa.selenium.chrome.ChromeDriver
Capabilities {acceptInsecureCerts: false, browserName: chrome, browserVersion: 102.0.5005.115, chrome: {chromedriverVersion: 101.0.4951.41 (93c720db8323..., userDataDir: C:\Users\ompre\AppData\Loca...}, goog:chromeOptions: {debuggerAddress: localhost:51198}, javascriptEnabled: true, networkConnectionEnabled: false, pageLoadStrategy: normal, platform: WINDOWS, platformName: WINDOWS, proxy: Proxy(), setWindowRect: true, strictFileInteractability: false, timeouts: {implicit: 0, pageLoad: 300000, script: 30000}, unhandledPromptBehavior: dismiss and notify, webauthn:extension:credBlob: true, webauthn:extension:largeBlob: true, webauthn:virtualAuthenticators: true}
Session ID: 87e98a9cb0df1b75becee935ee83485d
09:31:59 INFO  manager.MyListener - org.openqa.selenium.ElementNotInteractableException: element not interactable
  (Session info: chrome=102.0.5005.115)
Build info: version: '3.141.59', revision: 'e82be7d358', time: '2018-11-14T08:17:03'
System info: host: 'ARTEMKA', ip: '192.168.0.103', os.name: 'Windows 10', os.arch: 'amd64', os.version: '10.0', java.version: '1.8.0_333'
Driver info: org.openqa.selenium.chrome.ChromeDriver
Capabilities {acceptInsecureCerts: false, browserName: chrome, browserVersion: 102.0.5005.115, chrome: {chromedriverVersion: 101.0.4951.41 (93c720db8323..., userDataDir: C:\Users\ompre\AppData\Loca...}, goog:chromeOptions: {debuggerAddress: localhost:51198}, javascriptEnabled: true, networkConnectionEnabled: false, pageLoadStrategy: normal, platform: WINDOWS, platformName: WINDOWS, proxy: Proxy(), setWindowRect: true, strictFileInteractability: false, timeouts: {implicit: 0, pageLoad: 300000, script: 30000}, unhandledPromptBehavior: dismiss and notify, webauthn:extension:credBlob: true, webauthn:extension:largeBlob: true, webauthn:virtualAuthenticators: true}
Session ID: 87e98a9cb0df1b75becee935ee83485d
09:31:59 INFO  tests.TestBase - Ends test---&gt; carSearchSingaporeOnly
</pre>
</span>
</div>
</div>
<div id="footer">
<p>
<div>
<label class="hidden" id="label-for-line-wrapping-toggle" for="line-wrapping-toggle">Wrap lines
<input id="line-wrapping-toggle" type="checkbox" autocomplete="off"/>
</label>
</div>Generated by 
<a href="http://www.gradle.org">Gradle 7.4</a> at 17.06.2022 9:32:00</p>
</div>
</div>
</body>
</html>
