<?xml version="1.0" encoding="UTF-8"?>
<testsuite name="tests.LetTheCarWork" tests="12" skipped="0" failures="12" errors="0" timestamp="2022-06-16T12:34:25" hostname="ARTEMKA" time="114.319">
  <properties/>
  <testcase name="carSearchSuccess[0](Car(location=London, make=UK, model=Porsh, year=2018, engine=2.8, fuel=Petrol, gear=SMT, wD=FWD, doors=3, seats=2, clasS=Sx, fuelConsumption=12, registrationNum=10-100-3332065, price=80, distance=150, features=Red fast car, about=Super car))" classname="tests.LetTheCarWork" time="10.299">
    <failure message="org.openqa.selenium.InvalidArgumentException: File not found: C:/Users/Olga/QA_12_IlCarro/QA_12_IlCarro/auto2.jpeg&#10;Build info: version: '3.141.59', revision: 'e82be7d358', time: '2018-11-14T08:17:03'&#10;System info: host: 'ARTEMKA', ip: '192.168.0.103', os.name: 'Windows 10', os.arch: 'amd64', os.version: '10.0', java.version: '1.8.0_333'&#10;Driver info: org.openqa.selenium.firefox.FirefoxDriver&#10;Capabilities {acceptInsecureCerts: true, browserName: firefox, browserVersion: 101.0.1, javascriptEnabled: true, moz:accessibilityChecks: false, moz:buildID: 20220608170832, moz:geckodriverVersion: 0.31.0, moz:headless: false, moz:processID: 16292, moz:profile: C:\Users\ompre\AppData\Loca..., moz:shutdownTimeout: 60000, moz:useNonSpecCompliantPointerOrigin: false, moz:webdriverClick: true, pageLoadStrategy: normal, platform: WINDOWS, platformName: WINDOWS, platformVersion: 10.0, proxy: Proxy(), setWindowRect: true, strictFileInteractability: false, timeouts: {implicit: 0, pageLoad: 300000, script: 30000}, unhandledPromptBehavior: dismiss and notify}&#10;Session ID: 3dd7d420-0207-49e3-8e45-913d5acafe0a" type="org.openqa.selenium.InvalidArgumentException">org.openqa.selenium.InvalidArgumentException: File not found: C:/Users/Olga/QA_12_IlCarro/QA_12_IlCarro/auto2.jpeg
Build info: version: '3.141.59', revision: 'e82be7d358', time: '2018-11-14T08:17:03'
System info: host: 'ARTEMKA', ip: '192.168.0.103', os.name: 'Windows 10', os.arch: 'amd64', os.version: '10.0', java.version: '1.8.0_333'
Driver info: org.openqa.selenium.firefox.FirefoxDriver
Capabilities {acceptInsecureCerts: true, browserName: firefox, browserVersion: 101.0.1, javascriptEnabled: true, moz:accessibilityChecks: false, moz:buildID: 20220608170832, moz:geckodriverVersion: 0.31.0, moz:headless: false, moz:processID: 16292, moz:profile: C:\Users\ompre\AppData\Loca..., moz:shutdownTimeout: 60000, moz:useNonSpecCompliantPointerOrigin: false, moz:webdriverClick: true, pageLoadStrategy: normal, platform: WINDOWS, platformName: WINDOWS, platformVersion: 10.0, proxy: Proxy(), setWindowRect: true, strictFileInteractability: false, timeouts: {implicit: 0, pageLoad: 300000, script: 30000}, unhandledPromptBehavior: dismiss and notify}
Session ID: 3dd7d420-0207-49e3-8e45-913d5acafe0a
	at manager.MyListener.onException(MyListener.java:39)
	at sun.reflect.NativeMethodAccessorImpl.invoke0(Native Method)
	at sun.reflect.NativeMethodAccessorImpl.invoke(NativeMethodAccessorImpl.java:62)
	at sun.reflect.DelegatingMethodAccessorImpl.invoke(DelegatingMethodAccessorImpl.java:43)
	at java.lang.reflect.Method.invoke(Method.java:498)
	at org.openqa.selenium.support.events.EventFiringWebDriver.lambda$new$0(EventFiringWebDriver.java:84)
	at com.sun.proxy.$Proxy11.onException(Unknown Source)
	at org.openqa.selenium.support.events.EventFiringWebDriver$EventFiringWebElement.lambda$new$0(EventFiringWebDriver.java:406)
	at com.sun.proxy.$Proxy13.sendKeys(Unknown Source)
	at org.openqa.selenium.support.events.EventFiringWebDriver$EventFiringWebElement.sendKeys(EventFiringWebDriver.java:429)
	at manager.HelperCar.addImage(HelperCar.java:52)
	at tests.LetTheCarWork.carSearchSuccess(LetTheCarWork.java:30)
	at sun.reflect.NativeMethodAccessorImpl.invoke0(Native Method)
	at sun.reflect.NativeMethodAccessorImpl.invoke(NativeMethodAccessorImpl.java:62)
	at sun.reflect.DelegatingMethodAccessorImpl.invoke(DelegatingMethodAccessorImpl.java:43)
	at java.lang.reflect.Method.invoke(Method.java:498)
	at org.testng.internal.MethodInvocationHelper.invokeMethod(MethodInvocationHelper.java:133)
	at org.testng.internal.TestInvoker.invokeMethod(TestInvoker.java:598)
	at org.testng.internal.TestInvoker.invokeTestMethod(TestInvoker.java:173)
	at org.testng.internal.MethodRunner.runInSequence(MethodRunner.java:46)
	at org.testng.internal.TestInvoker$MethodInvocationAgent.invoke(TestInvoker.java:824)
	at org.testng.internal.TestInvoker.invokeTestMethods(TestInvoker.java:146)
	at org.testng.internal.TestMethodWorker.invokeTestMethods(TestMethodWorker.java:146)
	at org.testng.internal.TestMethodWorker.run(TestMethodWorker.java:128)
	at java.util.ArrayList.forEach(ArrayList.java:1259)
	at org.testng.TestRunner.privateRun(TestRunner.java:794)
	at org.testng.TestRunner.run(TestRunner.java:596)
	at org.testng.SuiteRunner.runTest(SuiteRunner.java:377)
	at org.testng.SuiteRunner.runSequentially(SuiteRunner.java:371)
	at org.testng.SuiteRunner.privateRun(SuiteRunner.java:332)
	at org.testng.SuiteRunner.run(SuiteRunner.java:276)
	at org.testng.SuiteRunnerWorker.runSuite(SuiteRunnerWorker.java:53)
	at org.testng.SuiteRunnerWorker.run(SuiteRunnerWorker.java:96)
	at org.testng.TestNG.runSuitesSequentially(TestNG.java:1212)
	at org.testng.TestNG.runSuitesLocally(TestNG.java:1134)
	at org.testng.TestNG.runSuites(TestNG.java:1063)
	at org.testng.TestNG.run(TestNG.java:1031)
	at org.gradle.api.internal.tasks.testing.testng.TestNGTestClassProcessor.runTests(TestNGTestClassProcessor.java:141)
	at org.gradle.api.internal.tasks.testing.testng.TestNGTestClassProcessor.stop(TestNGTestClassProcessor.java:90)
	at org.gradle.api.internal.tasks.testing.SuiteTestClassProcessor.stop(SuiteTestClassProcessor.java:61)
	at sun.reflect.NativeMethodAccessorImpl.invoke0(Native Method)
	at sun.reflect.NativeMethodAccessorImpl.invoke(NativeMethodAccessorImpl.java:62)
	at sun.reflect.DelegatingMethodAccessorImpl.invoke(DelegatingMethodAccessorImpl.java:43)
	at java.lang.reflect.Method.invoke(Method.java:498)
	at org.gradle.internal.dispatch.ReflectionDispatch.dispatch(ReflectionDispatch.java:36)
	at org.gradle.internal.dispatch.ReflectionDispatch.dispatch(ReflectionDispatch.java:24)
	at org.gradle.internal.dispatch.ContextClassLoaderDispatch.dispatch(ContextClassLoaderDispatch.java:33)
	at org.gradle.internal.dispatch.ProxyDispatchAdapter$DispatchingInvocationHandler.invoke(ProxyDispatchAdapter.java:94)
	at com.sun.proxy.$Proxy2.stop(Unknown Source)
	at org.gradle.api.internal.tasks.testing.worker.TestWorker$3.run(TestWorker.java:193)
	at org.gradle.api.internal.tasks.testing.worker.TestWorker.executeAndMaintainThreadName(TestWorker.java:129)
	at org.gradle.api.internal.tasks.testing.worker.TestWorker.execute(TestWorker.java:100)
	at org.gradle.api.internal.tasks.testing.worker.TestWorker.execute(TestWorker.java:60)
	at org.gradle.process.internal.worker.child.ActionExecutionWorker.execute(ActionExecutionWorker.java:56)
	at org.gradle.process.internal.worker.child.SystemApplicationClassLoaderWorker.call(SystemApplicationClassLoaderWorker.java:133)
	at org.gradle.process.internal.worker.child.SystemApplicationClassLoaderWorker.call(SystemApplicationClassLoaderWorker.java:71)
	at worker.org.gradle.process.internal.worker.GradleWorkerMain.run(GradleWorkerMain.java:69)
	at worker.org.gradle.process.internal.worker.GradleWorkerMain.main(GradleWorkerMain.java:74)
</failure>
  </testcase>
  <testcase name="carSearchSuccess[1](Car(location=Berlin, make=UK, model=Porsh, year=2018, engine=2.8, fuel=Petrol, gear=SMT, wD=FWD, doors=3, seats=2, clasS=Sx, fuelConsumption=12, registrationNum=10-100-33320651, price=80, distance=150, features=Red fast car, about=Super car))" classname="tests.LetTheCarWork" time="9.229">
    <failure message="org.openqa.selenium.StaleElementReferenceException: The element reference of &lt;input class=&quot;feature-input&quot; type=&quot;text&quot;&gt; is stale; either the element is no longer attached to the DOM, it is not in the current frame context, or the document has been refreshed&#10;For documentation on this error, please visit: https://www.seleniumhq.org/exceptions/stale_element_reference.html&#10;Build info: version: '3.141.59', revision: 'e82be7d358', time: '2018-11-14T08:17:03'&#10;System info: host: 'ARTEMKA', ip: '192.168.0.103', os.name: 'Windows 10', os.arch: 'amd64', os.version: '10.0', java.version: '1.8.0_333'&#10;Driver info: org.openqa.selenium.firefox.FirefoxDriver&#10;Capabilities {acceptInsecureCerts: true, browserName: firefox, browserVersion: 101.0.1, javascriptEnabled: true, moz:accessibilityChecks: false, moz:buildID: 20220608170832, moz:geckodriverVersion: 0.31.0, moz:headless: false, moz:processID: 16292, moz:profile: C:\Users\ompre\AppData\Loca..., moz:shutdownTimeout: 60000, moz:useNonSpecCompliantPointerOrigin: false, moz:webdriverClick: true, pageLoadStrategy: normal, platform: WINDOWS, platformName: WINDOWS, platformVersion: 10.0, proxy: Proxy(), setWindowRect: true, strictFileInteractability: false, timeouts: {implicit: 0, pageLoad: 300000, script: 30000}, unhandledPromptBehavior: dismiss and notify}&#10;Session ID: 3dd7d420-0207-49e3-8e45-913d5acafe0a" type="org.openqa.selenium.StaleElementReferenceException">org.openqa.selenium.StaleElementReferenceException: The element reference of &lt;input class=&quot;feature-input&quot; type=&quot;text&quot;&gt; is stale; either the element is no longer attached to the DOM, it is not in the current frame context, or the document has been refreshed
For documentation on this error, please visit: https://www.seleniumhq.org/exceptions/stale_element_reference.html
Build info: version: '3.141.59', revision: 'e82be7d358', time: '2018-11-14T08:17:03'
System info: host: 'ARTEMKA', ip: '192.168.0.103', os.name: 'Windows 10', os.arch: 'amd64', os.version: '10.0', java.version: '1.8.0_333'
Driver info: org.openqa.selenium.firefox.FirefoxDriver
Capabilities {acceptInsecureCerts: true, browserName: firefox, browserVersion: 101.0.1, javascriptEnabled: true, moz:accessibilityChecks: false, moz:buildID: 20220608170832, moz:geckodriverVersion: 0.31.0, moz:headless: false, moz:processID: 16292, moz:profile: C:\Users\ompre\AppData\Loca..., moz:shutdownTimeout: 60000, moz:useNonSpecCompliantPointerOrigin: false, moz:webdriverClick: true, pageLoadStrategy: normal, platform: WINDOWS, platformName: WINDOWS, platformVersion: 10.0, proxy: Proxy(), setWindowRect: true, strictFileInteractability: false, timeouts: {implicit: 0, pageLoad: 300000, script: 30000}, unhandledPromptBehavior: dismiss and notify}
Session ID: 3dd7d420-0207-49e3-8e45-913d5acafe0a
	at manager.MyListener.onException(MyListener.java:39)
	at sun.reflect.NativeMethodAccessorImpl.invoke0(Native Method)
	at sun.reflect.NativeMethodAccessorImpl.invoke(NativeMethodAccessorImpl.java:62)
	at sun.reflect.DelegatingMethodAccessorImpl.invoke(DelegatingMethodAccessorImpl.java:43)
	at java.lang.reflect.Method.invoke(Method.java:498)
	at org.openqa.selenium.support.events.EventFiringWebDriver.lambda$new$0(EventFiringWebDriver.java:84)
	at com.sun.proxy.$Proxy11.onException(Unknown Source)
	at org.openqa.selenium.support.events.EventFiringWebDriver$EventFiringWebElement.lambda$new$0(EventFiringWebDriver.java:406)
	at com.sun.proxy.$Proxy13.sendKeys(Unknown Source)
	at org.openqa.selenium.support.events.EventFiringWebDriver$EventFiringWebElement.sendKeys(EventFiringWebDriver.java:429)
	at manager.HelperBase.type(HelperBase.java:30)
	at manager.HelperCar.fillForm(HelperCar.java:39)
	at tests.LetTheCarWork.carSearchSuccess(LetTheCarWork.java:29)
	at sun.reflect.NativeMethodAccessorImpl.invoke0(Native Method)
	at sun.reflect.NativeMethodAccessorImpl.invoke(NativeMethodAccessorImpl.java:62)
	at sun.reflect.DelegatingMethodAccessorImpl.invoke(DelegatingMethodAccessorImpl.java:43)
	at java.lang.reflect.Method.invoke(Method.java:498)
	at org.testng.internal.MethodInvocationHelper.invokeMethod(MethodInvocationHelper.java:133)
	at org.testng.internal.TestInvoker.invokeMethod(TestInvoker.java:598)
	at org.testng.internal.TestInvoker.invokeTestMethod(TestInvoker.java:173)
	at org.testng.internal.MethodRunner.runInSequence(MethodRunner.java:46)
	at org.testng.internal.TestInvoker$MethodInvocationAgent.invoke(TestInvoker.java:824)
	at org.testng.internal.TestInvoker.invokeTestMethods(TestInvoker.java:146)
	at org.testng.internal.TestMethodWorker.invokeTestMethods(TestMethodWorker.java:146)
	at org.testng.internal.TestMethodWorker.run(TestMethodWorker.java:128)
	at java.util.ArrayList.forEach(ArrayList.java:1259)
	at org.testng.TestRunner.privateRun(TestRunner.java:794)
	at org.testng.TestRunner.run(TestRunner.java:596)
	at org.testng.SuiteRunner.runTest(SuiteRunner.java:377)
	at org.testng.SuiteRunner.runSequentially(SuiteRunner.java:371)
	at org.testng.SuiteRunner.privateRun(SuiteRunner.java:332)
	at org.testng.SuiteRunner.run(SuiteRunner.java:276)
	at org.testng.SuiteRunnerWorker.runSuite(SuiteRunnerWorker.java:53)
	at org.testng.SuiteRunnerWorker.run(SuiteRunnerWorker.java:96)
	at org.testng.TestNG.runSuitesSequentially(TestNG.java:1212)
	at org.testng.TestNG.runSuitesLocally(TestNG.java:1134)
	at org.testng.TestNG.runSuites(TestNG.java:1063)
	at org.testng.TestNG.run(TestNG.java:1031)
	at org.gradle.api.internal.tasks.testing.testng.TestNGTestClassProcessor.runTests(TestNGTestClassProcessor.java:141)
	at org.gradle.api.internal.tasks.testing.testng.TestNGTestClassProcessor.stop(TestNGTestClassProcessor.java:90)
	at org.gradle.api.internal.tasks.testing.SuiteTestClassProcessor.stop(SuiteTestClassProcessor.java:61)
	at sun.reflect.NativeMethodAccessorImpl.invoke0(Native Method)
	at sun.reflect.NativeMethodAccessorImpl.invoke(NativeMethodAccessorImpl.java:62)
	at sun.reflect.DelegatingMethodAccessorImpl.invoke(DelegatingMethodAccessorImpl.java:43)
	at java.lang.reflect.Method.invoke(Method.java:498)
	at org.gradle.internal.dispatch.ReflectionDispatch.dispatch(ReflectionDispatch.java:36)
	at org.gradle.internal.dispatch.ReflectionDispatch.dispatch(ReflectionDispatch.java:24)
	at org.gradle.internal.dispatch.ContextClassLoaderDispatch.dispatch(ContextClassLoaderDispatch.java:33)
	at org.gradle.internal.dispatch.ProxyDispatchAdapter$DispatchingInvocationHandler.invoke(ProxyDispatchAdapter.java:94)
	at com.sun.proxy.$Proxy2.stop(Unknown Source)
	at org.gradle.api.internal.tasks.testing.worker.TestWorker$3.run(TestWorker.java:193)
	at org.gradle.api.internal.tasks.testing.worker.TestWorker.executeAndMaintainThreadName(TestWorker.java:129)
	at org.gradle.api.internal.tasks.testing.worker.TestWorker.execute(TestWorker.java:100)
	at org.gradle.api.internal.tasks.testing.worker.TestWorker.execute(TestWorker.java:60)
	at org.gradle.process.internal.worker.child.ActionExecutionWorker.execute(ActionExecutionWorker.java:56)
	at org.gradle.process.internal.worker.child.SystemApplicationClassLoaderWorker.call(SystemApplicationClassLoaderWorker.java:133)
	at org.gradle.process.internal.worker.child.SystemApplicationClassLoaderWorker.call(SystemApplicationClassLoaderWorker.java:71)
	at worker.org.gradle.process.internal.worker.GradleWorkerMain.run(GradleWorkerMain.java:69)
	at worker.org.gradle.process.internal.worker.GradleWorkerMain.main(GradleWorkerMain.java:74)
</failure>
  </testcase>
  <testcase name="carSearchSuccess[2](Car(location=Paris, make=UK, model=Porsh, year=2018, engine=2.8, fuel=Petrol, gear=SMT, wD=FWD, doors=3, seats=2, clasS=Sx, fuelConsumption=12, registrationNum=10-100-33320652, price=80, distance=150, features=Red fast car, about=Super car))" classname="tests.LetTheCarWork" time="9.555">
    <failure message="org.openqa.selenium.InvalidArgumentException: File not found: C:/Users/Olga/QA_12_IlCarro/QA_12_IlCarro/auto2.jpeg&#10;Build info: version: '3.141.59', revision: 'e82be7d358', time: '2018-11-14T08:17:03'&#10;System info: host: 'ARTEMKA', ip: '192.168.0.103', os.name: 'Windows 10', os.arch: 'amd64', os.version: '10.0', java.version: '1.8.0_333'&#10;Driver info: org.openqa.selenium.firefox.FirefoxDriver&#10;Capabilities {acceptInsecureCerts: true, browserName: firefox, browserVersion: 101.0.1, javascriptEnabled: true, moz:accessibilityChecks: false, moz:buildID: 20220608170832, moz:geckodriverVersion: 0.31.0, moz:headless: false, moz:processID: 16292, moz:profile: C:\Users\ompre\AppData\Loca..., moz:shutdownTimeout: 60000, moz:useNonSpecCompliantPointerOrigin: false, moz:webdriverClick: true, pageLoadStrategy: normal, platform: WINDOWS, platformName: WINDOWS, platformVersion: 10.0, proxy: Proxy(), setWindowRect: true, strictFileInteractability: false, timeouts: {implicit: 0, pageLoad: 300000, script: 30000}, unhandledPromptBehavior: dismiss and notify}&#10;Session ID: 3dd7d420-0207-49e3-8e45-913d5acafe0a" type="org.openqa.selenium.InvalidArgumentException">org.openqa.selenium.InvalidArgumentException: File not found: C:/Users/Olga/QA_12_IlCarro/QA_12_IlCarro/auto2.jpeg
Build info: version: '3.141.59', revision: 'e82be7d358', time: '2018-11-14T08:17:03'
System info: host: 'ARTEMKA', ip: '192.168.0.103', os.name: 'Windows 10', os.arch: 'amd64', os.version: '10.0', java.version: '1.8.0_333'
Driver info: org.openqa.selenium.firefox.FirefoxDriver
Capabilities {acceptInsecureCerts: true, browserName: firefox, browserVersion: 101.0.1, javascriptEnabled: true, moz:accessibilityChecks: false, moz:buildID: 20220608170832, moz:geckodriverVersion: 0.31.0, moz:headless: false, moz:processID: 16292, moz:profile: C:\Users\ompre\AppData\Loca..., moz:shutdownTimeout: 60000, moz:useNonSpecCompliantPointerOrigin: false, moz:webdriverClick: true, pageLoadStrategy: normal, platform: WINDOWS, platformName: WINDOWS, platformVersion: 10.0, proxy: Proxy(), setWindowRect: true, strictFileInteractability: false, timeouts: {implicit: 0, pageLoad: 300000, script: 30000}, unhandledPromptBehavior: dismiss and notify}
Session ID: 3dd7d420-0207-49e3-8e45-913d5acafe0a
	at manager.MyListener.onException(MyListener.java:39)
	at sun.reflect.NativeMethodAccessorImpl.invoke0(Native Method)
	at sun.reflect.NativeMethodAccessorImpl.invoke(NativeMethodAccessorImpl.java:62)
	at sun.reflect.DelegatingMethodAccessorImpl.invoke(DelegatingMethodAccessorImpl.java:43)
	at java.lang.reflect.Method.invoke(Method.java:498)
	at org.openqa.selenium.support.events.EventFiringWebDriver.lambda$new$0(EventFiringWebDriver.java:84)
	at com.sun.proxy.$Proxy11.onException(Unknown Source)
	at org.openqa.selenium.support.events.EventFiringWebDriver$EventFiringWebElement.lambda$new$0(EventFiringWebDriver.java:406)
	at com.sun.proxy.$Proxy13.sendKeys(Unknown Source)
	at org.openqa.selenium.support.events.EventFiringWebDriver$EventFiringWebElement.sendKeys(EventFiringWebDriver.java:429)
	at manager.HelperCar.addImage(HelperCar.java:52)
	at tests.LetTheCarWork.carSearchSuccess(LetTheCarWork.java:30)
	at sun.reflect.NativeMethodAccessorImpl.invoke0(Native Method)
	at sun.reflect.NativeMethodAccessorImpl.invoke(NativeMethodAccessorImpl.java:62)
	at sun.reflect.DelegatingMethodAccessorImpl.invoke(DelegatingMethodAccessorImpl.java:43)
	at java.lang.reflect.Method.invoke(Method.java:498)
	at org.testng.internal.MethodInvocationHelper.invokeMethod(MethodInvocationHelper.java:133)
	at org.testng.internal.TestInvoker.invokeMethod(TestInvoker.java:598)
	at org.testng.internal.TestInvoker.invokeTestMethod(TestInvoker.java:173)
	at org.testng.internal.MethodRunner.runInSequence(MethodRunner.java:46)
	at org.testng.internal.TestInvoker$MethodInvocationAgent.invoke(TestInvoker.java:824)
	at org.testng.internal.TestInvoker.invokeTestMethods(TestInvoker.java:146)
	at org.testng.internal.TestMethodWorker.invokeTestMethods(TestMethodWorker.java:146)
	at org.testng.internal.TestMethodWorker.run(TestMethodWorker.java:128)
	at java.util.ArrayList.forEach(ArrayList.java:1259)
	at org.testng.TestRunner.privateRun(TestRunner.java:794)
	at org.testng.TestRunner.run(TestRunner.java:596)
	at org.testng.SuiteRunner.runTest(SuiteRunner.java:377)
	at org.testng.SuiteRunner.runSequentially(SuiteRunner.java:371)
	at org.testng.SuiteRunner.privateRun(SuiteRunner.java:332)
	at org.testng.SuiteRunner.run(SuiteRunner.java:276)
	at org.testng.SuiteRunnerWorker.runSuite(SuiteRunnerWorker.java:53)
	at org.testng.SuiteRunnerWorker.run(SuiteRunnerWorker.java:96)
	at org.testng.TestNG.runSuitesSequentially(TestNG.java:1212)
	at org.testng.TestNG.runSuitesLocally(TestNG.java:1134)
	at org.testng.TestNG.runSuites(TestNG.java:1063)
	at org.testng.TestNG.run(TestNG.java:1031)
	at org.gradle.api.internal.tasks.testing.testng.TestNGTestClassProcessor.runTests(TestNGTestClassProcessor.java:141)
	at org.gradle.api.internal.tasks.testing.testng.TestNGTestClassProcessor.stop(TestNGTestClassProcessor.java:90)
	at org.gradle.api.internal.tasks.testing.SuiteTestClassProcessor.stop(SuiteTestClassProcessor.java:61)
	at sun.reflect.NativeMethodAccessorImpl.invoke0(Native Method)
	at sun.reflect.NativeMethodAccessorImpl.invoke(NativeMethodAccessorImpl.java:62)
	at sun.reflect.DelegatingMethodAccessorImpl.invoke(DelegatingMethodAccessorImpl.java:43)
	at java.lang.reflect.Method.invoke(Method.java:498)
	at org.gradle.internal.dispatch.ReflectionDispatch.dispatch(ReflectionDispatch.java:36)
	at org.gradle.internal.dispatch.ReflectionDispatch.dispatch(ReflectionDispatch.java:24)
	at org.gradle.internal.dispatch.ContextClassLoaderDispatch.dispatch(ContextClassLoaderDispatch.java:33)
	at org.gradle.internal.dispatch.ProxyDispatchAdapter$DispatchingInvocationHandler.invoke(ProxyDispatchAdapter.java:94)
	at com.sun.proxy.$Proxy2.stop(Unknown Source)
	at org.gradle.api.internal.tasks.testing.worker.TestWorker$3.run(TestWorker.java:193)
	at org.gradle.api.internal.tasks.testing.worker.TestWorker.executeAndMaintainThreadName(TestWorker.java:129)
	at org.gradle.api.internal.tasks.testing.worker.TestWorker.execute(TestWorker.java:100)
	at org.gradle.api.internal.tasks.testing.worker.TestWorker.execute(TestWorker.java:60)
	at org.gradle.process.internal.worker.child.ActionExecutionWorker.execute(ActionExecutionWorker.java:56)
	at org.gradle.process.internal.worker.child.SystemApplicationClassLoaderWorker.call(SystemApplicationClassLoaderWorker.java:133)
	at org.gradle.process.internal.worker.child.SystemApplicationClassLoaderWorker.call(SystemApplicationClassLoaderWorker.java:71)
	at worker.org.gradle.process.internal.worker.GradleWorkerMain.run(GradleWorkerMain.java:69)
	at worker.org.gradle.process.internal.worker.GradleWorkerMain.main(GradleWorkerMain.java:74)
</failure>
  </testcase>
  <testcase name="carSearchSuccess[3](Car(location=Madrid, make=UK, model=Porsh, year=2018, engine=2.8, fuel=Petrol, gear=SMT, wD=FWD, doors=3, seats=2, clasS=Sx, fuelConsumption=12, registrationNum=10-100-33320653, price=80, distance=150, features=Red fast car, about=Super car))" classname="tests.LetTheCarWork" time="9.416">
    <failure message="org.openqa.selenium.StaleElementReferenceException: The element reference of &lt;input class=&quot;feature-input&quot; type=&quot;text&quot;&gt; is stale; either the element is no longer attached to the DOM, it is not in the current frame context, or the document has been refreshed&#10;For documentation on this error, please visit: https://www.seleniumhq.org/exceptions/stale_element_reference.html&#10;Build info: version: '3.141.59', revision: 'e82be7d358', time: '2018-11-14T08:17:03'&#10;System info: host: 'ARTEMKA', ip: '192.168.0.103', os.name: 'Windows 10', os.arch: 'amd64', os.version: '10.0', java.version: '1.8.0_333'&#10;Driver info: org.openqa.selenium.firefox.FirefoxDriver&#10;Capabilities {acceptInsecureCerts: true, browserName: firefox, browserVersion: 101.0.1, javascriptEnabled: true, moz:accessibilityChecks: false, moz:buildID: 20220608170832, moz:geckodriverVersion: 0.31.0, moz:headless: false, moz:processID: 16292, moz:profile: C:\Users\ompre\AppData\Loca..., moz:shutdownTimeout: 60000, moz:useNonSpecCompliantPointerOrigin: false, moz:webdriverClick: true, pageLoadStrategy: normal, platform: WINDOWS, platformName: WINDOWS, platformVersion: 10.0, proxy: Proxy(), setWindowRect: true, strictFileInteractability: false, timeouts: {implicit: 0, pageLoad: 300000, script: 30000}, unhandledPromptBehavior: dismiss and notify}&#10;Session ID: 3dd7d420-0207-49e3-8e45-913d5acafe0a" type="org.openqa.selenium.StaleElementReferenceException">org.openqa.selenium.StaleElementReferenceException: The element reference of &lt;input class=&quot;feature-input&quot; type=&quot;text&quot;&gt; is stale; either the element is no longer attached to the DOM, it is not in the current frame context, or the document has been refreshed
For documentation on this error, please visit: https://www.seleniumhq.org/exceptions/stale_element_reference.html
Build info: version: '3.141.59', revision: 'e82be7d358', time: '2018-11-14T08:17:03'
System info: host: 'ARTEMKA', ip: '192.168.0.103', os.name: 'Windows 10', os.arch: 'amd64', os.version: '10.0', java.version: '1.8.0_333'
Driver info: org.openqa.selenium.firefox.FirefoxDriver
Capabilities {acceptInsecureCerts: true, browserName: firefox, browserVersion: 101.0.1, javascriptEnabled: true, moz:accessibilityChecks: false, moz:buildID: 20220608170832, moz:geckodriverVersion: 0.31.0, moz:headless: false, moz:processID: 16292, moz:profile: C:\Users\ompre\AppData\Loca..., moz:shutdownTimeout: 60000, moz:useNonSpecCompliantPointerOrigin: false, moz:webdriverClick: true, pageLoadStrategy: normal, platform: WINDOWS, platformName: WINDOWS, platformVersion: 10.0, proxy: Proxy(), setWindowRect: true, strictFileInteractability: false, timeouts: {implicit: 0, pageLoad: 300000, script: 30000}, unhandledPromptBehavior: dismiss and notify}
Session ID: 3dd7d420-0207-49e3-8e45-913d5acafe0a
	at manager.MyListener.onException(MyListener.java:39)
	at sun.reflect.NativeMethodAccessorImpl.invoke0(Native Method)
	at sun.reflect.NativeMethodAccessorImpl.invoke(NativeMethodAccessorImpl.java:62)
	at sun.reflect.DelegatingMethodAccessorImpl.invoke(DelegatingMethodAccessorImpl.java:43)
	at java.lang.reflect.Method.invoke(Method.java:498)
	at org.openqa.selenium.support.events.EventFiringWebDriver.lambda$new$0(EventFiringWebDriver.java:84)
	at com.sun.proxy.$Proxy11.onException(Unknown Source)
	at org.openqa.selenium.support.events.EventFiringWebDriver$EventFiringWebElement.lambda$new$0(EventFiringWebDriver.java:406)
	at com.sun.proxy.$Proxy13.sendKeys(Unknown Source)
	at org.openqa.selenium.support.events.EventFiringWebDriver$EventFiringWebElement.sendKeys(EventFiringWebDriver.java:429)
	at manager.HelperBase.type(HelperBase.java:30)
	at manager.HelperCar.fillForm(HelperCar.java:39)
	at tests.LetTheCarWork.carSearchSuccess(LetTheCarWork.java:29)
	at sun.reflect.NativeMethodAccessorImpl.invoke0(Native Method)
	at sun.reflect.NativeMethodAccessorImpl.invoke(NativeMethodAccessorImpl.java:62)
	at sun.reflect.DelegatingMethodAccessorImpl.invoke(DelegatingMethodAccessorImpl.java:43)
	at java.lang.reflect.Method.invoke(Method.java:498)
	at org.testng.internal.MethodInvocationHelper.invokeMethod(MethodInvocationHelper.java:133)
	at org.testng.internal.TestInvoker.invokeMethod(TestInvoker.java:598)
	at org.testng.internal.TestInvoker.invokeTestMethod(TestInvoker.java:173)
	at org.testng.internal.MethodRunner.runInSequence(MethodRunner.java:46)
	at org.testng.internal.TestInvoker$MethodInvocationAgent.invoke(TestInvoker.java:824)
	at org.testng.internal.TestInvoker.invokeTestMethods(TestInvoker.java:146)
	at org.testng.internal.TestMethodWorker.invokeTestMethods(TestMethodWorker.java:146)
	at org.testng.internal.TestMethodWorker.run(TestMethodWorker.java:128)
	at java.util.ArrayList.forEach(ArrayList.java:1259)
	at org.testng.TestRunner.privateRun(TestRunner.java:794)
	at org.testng.TestRunner.run(TestRunner.java:596)
	at org.testng.SuiteRunner.runTest(SuiteRunner.java:377)
	at org.testng.SuiteRunner.runSequentially(SuiteRunner.java:371)
	at org.testng.SuiteRunner.privateRun(SuiteRunner.java:332)
	at org.testng.SuiteRunner.run(SuiteRunner.java:276)
	at org.testng.SuiteRunnerWorker.runSuite(SuiteRunnerWorker.java:53)
	at org.testng.SuiteRunnerWorker.run(SuiteRunnerWorker.java:96)
	at org.testng.TestNG.runSuitesSequentially(TestNG.java:1212)
	at org.testng.TestNG.runSuitesLocally(TestNG.java:1134)
	at org.testng.TestNG.runSuites(TestNG.java:1063)
	at org.testng.TestNG.run(TestNG.java:1031)
	at org.gradle.api.internal.tasks.testing.testng.TestNGTestClassProcessor.runTests(TestNGTestClassProcessor.java:141)
	at org.gradle.api.internal.tasks.testing.testng.TestNGTestClassProcessor.stop(TestNGTestClassProcessor.java:90)
	at org.gradle.api.internal.tasks.testing.SuiteTestClassProcessor.stop(SuiteTestClassProcessor.java:61)
	at sun.reflect.NativeMethodAccessorImpl.invoke0(Native Method)
	at sun.reflect.NativeMethodAccessorImpl.invoke(NativeMethodAccessorImpl.java:62)
	at sun.reflect.DelegatingMethodAccessorImpl.invoke(DelegatingMethodAccessorImpl.java:43)
	at java.lang.reflect.Method.invoke(Method.java:498)
	at org.gradle.internal.dispatch.ReflectionDispatch.dispatch(ReflectionDispatch.java:36)
	at org.gradle.internal.dispatch.ReflectionDispatch.dispatch(ReflectionDispatch.java:24)
	at org.gradle.internal.dispatch.ContextClassLoaderDispatch.dispatch(ContextClassLoaderDispatch.java:33)
	at org.gradle.internal.dispatch.ProxyDispatchAdapter$DispatchingInvocationHandler.invoke(ProxyDispatchAdapter.java:94)
	at com.sun.proxy.$Proxy2.stop(Unknown Source)
	at org.gradle.api.internal.tasks.testing.worker.TestWorker$3.run(TestWorker.java:193)
	at org.gradle.api.internal.tasks.testing.worker.TestWorker.executeAndMaintainThreadName(TestWorker.java:129)
	at org.gradle.api.internal.tasks.testing.worker.TestWorker.execute(TestWorker.java:100)
	at org.gradle.api.internal.tasks.testing.worker.TestWorker.execute(TestWorker.java:60)
	at org.gradle.process.internal.worker.child.ActionExecutionWorker.execute(ActionExecutionWorker.java:56)
	at org.gradle.process.internal.worker.child.SystemApplicationClassLoaderWorker.call(SystemApplicationClassLoaderWorker.java:133)
	at org.gradle.process.internal.worker.child.SystemApplicationClassLoaderWorker.call(SystemApplicationClassLoaderWorker.java:71)
	at worker.org.gradle.process.internal.worker.GradleWorkerMain.run(GradleWorkerMain.java:69)
	at worker.org.gradle.process.internal.worker.GradleWorkerMain.main(GradleWorkerMain.java:74)
</failure>
  </testcase>
  <testcase name="carSearchSuccessDP[0](Car(location=Tel Aviv, make=Japan, model=Honda, year=2001, engine=1,3, fuel=Petrol, gear=MT, wD=AWD, doors=4, seats=5, clasS=M, fuelConsumption=9,5, registrationNum=10-15-13, price=10, distance=120, features=New resin, about=Used but in good conditions))" classname="tests.LetTheCarWork" time="10.031">
    <failure message="org.openqa.selenium.InvalidArgumentException: File not found: C:/Users/Olga/QA_12_IlCarro/QA_12_IlCarro/auto2.jpeg&#10;Build info: version: '3.141.59', revision: 'e82be7d358', time: '2018-11-14T08:17:03'&#10;System info: host: 'ARTEMKA', ip: '192.168.0.103', os.name: 'Windows 10', os.arch: 'amd64', os.version: '10.0', java.version: '1.8.0_333'&#10;Driver info: org.openqa.selenium.firefox.FirefoxDriver&#10;Capabilities {acceptInsecureCerts: true, browserName: firefox, browserVersion: 101.0.1, javascriptEnabled: true, moz:accessibilityChecks: false, moz:buildID: 20220608170832, moz:geckodriverVersion: 0.31.0, moz:headless: false, moz:processID: 16292, moz:profile: C:\Users\ompre\AppData\Loca..., moz:shutdownTimeout: 60000, moz:useNonSpecCompliantPointerOrigin: false, moz:webdriverClick: true, pageLoadStrategy: normal, platform: WINDOWS, platformName: WINDOWS, platformVersion: 10.0, proxy: Proxy(), setWindowRect: true, strictFileInteractability: false, timeouts: {implicit: 0, pageLoad: 300000, script: 30000}, unhandledPromptBehavior: dismiss and notify}&#10;Session ID: 3dd7d420-0207-49e3-8e45-913d5acafe0a" type="org.openqa.selenium.InvalidArgumentException">org.openqa.selenium.InvalidArgumentException: File not found: C:/Users/Olga/QA_12_IlCarro/QA_12_IlCarro/auto2.jpeg
Build info: version: '3.141.59', revision: 'e82be7d358', time: '2018-11-14T08:17:03'
System info: host: 'ARTEMKA', ip: '192.168.0.103', os.name: 'Windows 10', os.arch: 'amd64', os.version: '10.0', java.version: '1.8.0_333'
Driver info: org.openqa.selenium.firefox.FirefoxDriver
Capabilities {acceptInsecureCerts: true, browserName: firefox, browserVersion: 101.0.1, javascriptEnabled: true, moz:accessibilityChecks: false, moz:buildID: 20220608170832, moz:geckodriverVersion: 0.31.0, moz:headless: false, moz:processID: 16292, moz:profile: C:\Users\ompre\AppData\Loca..., moz:shutdownTimeout: 60000, moz:useNonSpecCompliantPointerOrigin: false, moz:webdriverClick: true, pageLoadStrategy: normal, platform: WINDOWS, platformName: WINDOWS, platformVersion: 10.0, proxy: Proxy(), setWindowRect: true, strictFileInteractability: false, timeouts: {implicit: 0, pageLoad: 300000, script: 30000}, unhandledPromptBehavior: dismiss and notify}
Session ID: 3dd7d420-0207-49e3-8e45-913d5acafe0a
	at manager.MyListener.onException(MyListener.java:39)
	at sun.reflect.NativeMethodAccessorImpl.invoke0(Native Method)
	at sun.reflect.NativeMethodAccessorImpl.invoke(NativeMethodAccessorImpl.java:62)
	at sun.reflect.DelegatingMethodAccessorImpl.invoke(DelegatingMethodAccessorImpl.java:43)
	at java.lang.reflect.Method.invoke(Method.java:498)
	at org.openqa.selenium.support.events.EventFiringWebDriver.lambda$new$0(EventFiringWebDriver.java:84)
	at com.sun.proxy.$Proxy11.onException(Unknown Source)
	at org.openqa.selenium.support.events.EventFiringWebDriver$EventFiringWebElement.lambda$new$0(EventFiringWebDriver.java:406)
	at com.sun.proxy.$Proxy13.sendKeys(Unknown Source)
	at org.openqa.selenium.support.events.EventFiringWebDriver$EventFiringWebElement.sendKeys(EventFiringWebDriver.java:429)
	at manager.HelperCar.addImage(HelperCar.java:52)
	at tests.LetTheCarWork.carSearchSuccessDP(LetTheCarWork.java:51)
	at sun.reflect.NativeMethodAccessorImpl.invoke0(Native Method)
	at sun.reflect.NativeMethodAccessorImpl.invoke(NativeMethodAccessorImpl.java:62)
	at sun.reflect.DelegatingMethodAccessorImpl.invoke(DelegatingMethodAccessorImpl.java:43)
	at java.lang.reflect.Method.invoke(Method.java:498)
	at org.testng.internal.MethodInvocationHelper.invokeMethod(MethodInvocationHelper.java:133)
	at org.testng.internal.TestInvoker.invokeMethod(TestInvoker.java:598)
	at org.testng.internal.TestInvoker.invokeTestMethod(TestInvoker.java:173)
	at org.testng.internal.MethodRunner.runInSequence(MethodRunner.java:46)
	at org.testng.internal.TestInvoker$MethodInvocationAgent.invoke(TestInvoker.java:824)
	at org.testng.internal.TestInvoker.invokeTestMethods(TestInvoker.java:146)
	at org.testng.internal.TestMethodWorker.invokeTestMethods(TestMethodWorker.java:146)
	at org.testng.internal.TestMethodWorker.run(TestMethodWorker.java:128)
	at java.util.ArrayList.forEach(ArrayList.java:1259)
	at org.testng.TestRunner.privateRun(TestRunner.java:794)
	at org.testng.TestRunner.run(TestRunner.java:596)
	at org.testng.SuiteRunner.runTest(SuiteRunner.java:377)
	at org.testng.SuiteRunner.runSequentially(SuiteRunner.java:371)
	at org.testng.SuiteRunner.privateRun(SuiteRunner.java:332)
	at org.testng.SuiteRunner.run(SuiteRunner.java:276)
	at org.testng.SuiteRunnerWorker.runSuite(SuiteRunnerWorker.java:53)
	at org.testng.SuiteRunnerWorker.run(SuiteRunnerWorker.java:96)
	at org.testng.TestNG.runSuitesSequentially(TestNG.java:1212)
	at org.testng.TestNG.runSuitesLocally(TestNG.java:1134)
	at org.testng.TestNG.runSuites(TestNG.java:1063)
	at org.testng.TestNG.run(TestNG.java:1031)
	at org.gradle.api.internal.tasks.testing.testng.TestNGTestClassProcessor.runTests(TestNGTestClassProcessor.java:141)
	at org.gradle.api.internal.tasks.testing.testng.TestNGTestClassProcessor.stop(TestNGTestClassProcessor.java:90)
	at org.gradle.api.internal.tasks.testing.SuiteTestClassProcessor.stop(SuiteTestClassProcessor.java:61)
	at sun.reflect.NativeMethodAccessorImpl.invoke0(Native Method)
	at sun.reflect.NativeMethodAccessorImpl.invoke(NativeMethodAccessorImpl.java:62)
	at sun.reflect.DelegatingMethodAccessorImpl.invoke(DelegatingMethodAccessorImpl.java:43)
	at java.lang.reflect.Method.invoke(Method.java:498)
	at org.gradle.internal.dispatch.ReflectionDispatch.dispatch(ReflectionDispatch.java:36)
	at org.gradle.internal.dispatch.ReflectionDispatch.dispatch(ReflectionDispatch.java:24)
	at org.gradle.internal.dispatch.ContextClassLoaderDispatch.dispatch(ContextClassLoaderDispatch.java:33)
	at org.gradle.internal.dispatch.ProxyDispatchAdapter$DispatchingInvocationHandler.invoke(ProxyDispatchAdapter.java:94)
	at com.sun.proxy.$Proxy2.stop(Unknown Source)
	at org.gradle.api.internal.tasks.testing.worker.TestWorker$3.run(TestWorker.java:193)
	at org.gradle.api.internal.tasks.testing.worker.TestWorker.executeAndMaintainThreadName(TestWorker.java:129)
	at org.gradle.api.internal.tasks.testing.worker.TestWorker.execute(TestWorker.java:100)
	at org.gradle.api.internal.tasks.testing.worker.TestWorker.execute(TestWorker.java:60)
	at org.gradle.process.internal.worker.child.ActionExecutionWorker.execute(ActionExecutionWorker.java:56)
	at org.gradle.process.internal.worker.child.SystemApplicationClassLoaderWorker.call(SystemApplicationClassLoaderWorker.java:133)
	at org.gradle.process.internal.worker.child.SystemApplicationClassLoaderWorker.call(SystemApplicationClassLoaderWorker.java:71)
	at worker.org.gradle.process.internal.worker.GradleWorkerMain.run(GradleWorkerMain.java:69)
	at worker.org.gradle.process.internal.worker.GradleWorkerMain.main(GradleWorkerMain.java:74)
</failure>
  </testcase>
  <testcase name="carSearchSuccessDP[1](Car(location=Moscow, make=Japan, model=Toyota, year=2001, engine=1,3, fuel=Petrol, gear=MT, wD=AWD, doors=4, seats=5, clasS=M, fuelConsumption=9,5, registrationNum=10-15-13, price=15, distance=120, features=New resin, about=Used but in good conditions))" classname="tests.LetTheCarWork" time="9.209">
    <failure message="org.openqa.selenium.StaleElementReferenceException: The element reference of &lt;input class=&quot;feature-input&quot; type=&quot;text&quot;&gt; is stale; either the element is no longer attached to the DOM, it is not in the current frame context, or the document has been refreshed&#10;For documentation on this error, please visit: https://www.seleniumhq.org/exceptions/stale_element_reference.html&#10;Build info: version: '3.141.59', revision: 'e82be7d358', time: '2018-11-14T08:17:03'&#10;System info: host: 'ARTEMKA', ip: '192.168.0.103', os.name: 'Windows 10', os.arch: 'amd64', os.version: '10.0', java.version: '1.8.0_333'&#10;Driver info: org.openqa.selenium.firefox.FirefoxDriver&#10;Capabilities {acceptInsecureCerts: true, browserName: firefox, browserVersion: 101.0.1, javascriptEnabled: true, moz:accessibilityChecks: false, moz:buildID: 20220608170832, moz:geckodriverVersion: 0.31.0, moz:headless: false, moz:processID: 16292, moz:profile: C:\Users\ompre\AppData\Loca..., moz:shutdownTimeout: 60000, moz:useNonSpecCompliantPointerOrigin: false, moz:webdriverClick: true, pageLoadStrategy: normal, platform: WINDOWS, platformName: WINDOWS, platformVersion: 10.0, proxy: Proxy(), setWindowRect: true, strictFileInteractability: false, timeouts: {implicit: 0, pageLoad: 300000, script: 30000}, unhandledPromptBehavior: dismiss and notify}&#10;Session ID: 3dd7d420-0207-49e3-8e45-913d5acafe0a" type="org.openqa.selenium.StaleElementReferenceException">org.openqa.selenium.StaleElementReferenceException: The element reference of &lt;input class=&quot;feature-input&quot; type=&quot;text&quot;&gt; is stale; either the element is no longer attached to the DOM, it is not in the current frame context, or the document has been refreshed
For documentation on this error, please visit: https://www.seleniumhq.org/exceptions/stale_element_reference.html
Build info: version: '3.141.59', revision: 'e82be7d358', time: '2018-11-14T08:17:03'
System info: host: 'ARTEMKA', ip: '192.168.0.103', os.name: 'Windows 10', os.arch: 'amd64', os.version: '10.0', java.version: '1.8.0_333'
Driver info: org.openqa.selenium.firefox.FirefoxDriver
Capabilities {acceptInsecureCerts: true, browserName: firefox, browserVersion: 101.0.1, javascriptEnabled: true, moz:accessibilityChecks: false, moz:buildID: 20220608170832, moz:geckodriverVersion: 0.31.0, moz:headless: false, moz:processID: 16292, moz:profile: C:\Users\ompre\AppData\Loca..., moz:shutdownTimeout: 60000, moz:useNonSpecCompliantPointerOrigin: false, moz:webdriverClick: true, pageLoadStrategy: normal, platform: WINDOWS, platformName: WINDOWS, platformVersion: 10.0, proxy: Proxy(), setWindowRect: true, strictFileInteractability: false, timeouts: {implicit: 0, pageLoad: 300000, script: 30000}, unhandledPromptBehavior: dismiss and notify}
Session ID: 3dd7d420-0207-49e3-8e45-913d5acafe0a
	at manager.MyListener.onException(MyListener.java:39)
	at sun.reflect.NativeMethodAccessorImpl.invoke0(Native Method)
	at sun.reflect.NativeMethodAccessorImpl.invoke(NativeMethodAccessorImpl.java:62)
	at sun.reflect.DelegatingMethodAccessorImpl.invoke(DelegatingMethodAccessorImpl.java:43)
	at java.lang.reflect.Method.invoke(Method.java:498)
	at org.openqa.selenium.support.events.EventFiringWebDriver.lambda$new$0(EventFiringWebDriver.java:84)
	at com.sun.proxy.$Proxy11.onException(Unknown Source)
	at org.openqa.selenium.support.events.EventFiringWebDriver$EventFiringWebElement.lambda$new$0(EventFiringWebDriver.java:406)
	at com.sun.proxy.$Proxy13.sendKeys(Unknown Source)
	at org.openqa.selenium.support.events.EventFiringWebDriver$EventFiringWebElement.sendKeys(EventFiringWebDriver.java:429)
	at manager.HelperBase.type(HelperBase.java:30)
	at manager.HelperCar.fillForm(HelperCar.java:39)
	at tests.LetTheCarWork.carSearchSuccessDP(LetTheCarWork.java:48)
	at sun.reflect.NativeMethodAccessorImpl.invoke0(Native Method)
	at sun.reflect.NativeMethodAccessorImpl.invoke(NativeMethodAccessorImpl.java:62)
	at sun.reflect.DelegatingMethodAccessorImpl.invoke(DelegatingMethodAccessorImpl.java:43)
	at java.lang.reflect.Method.invoke(Method.java:498)
	at org.testng.internal.MethodInvocationHelper.invokeMethod(MethodInvocationHelper.java:133)
	at org.testng.internal.TestInvoker.invokeMethod(TestInvoker.java:598)
	at org.testng.internal.TestInvoker.invokeTestMethod(TestInvoker.java:173)
	at org.testng.internal.MethodRunner.runInSequence(MethodRunner.java:46)
	at org.testng.internal.TestInvoker$MethodInvocationAgent.invoke(TestInvoker.java:824)
	at org.testng.internal.TestInvoker.invokeTestMethods(TestInvoker.java:146)
	at org.testng.internal.TestMethodWorker.invokeTestMethods(TestMethodWorker.java:146)
	at org.testng.internal.TestMethodWorker.run(TestMethodWorker.java:128)
	at java.util.ArrayList.forEach(ArrayList.java:1259)
	at org.testng.TestRunner.privateRun(TestRunner.java:794)
	at org.testng.TestRunner.run(TestRunner.java:596)
	at org.testng.SuiteRunner.runTest(SuiteRunner.java:377)
	at org.testng.SuiteRunner.runSequentially(SuiteRunner.java:371)
	at org.testng.SuiteRunner.privateRun(SuiteRunner.java:332)
	at org.testng.SuiteRunner.run(SuiteRunner.java:276)
	at org.testng.SuiteRunnerWorker.runSuite(SuiteRunnerWorker.java:53)
	at org.testng.SuiteRunnerWorker.run(SuiteRunnerWorker.java:96)
	at org.testng.TestNG.runSuitesSequentially(TestNG.java:1212)
	at org.testng.TestNG.runSuitesLocally(TestNG.java:1134)
	at org.testng.TestNG.runSuites(TestNG.java:1063)
	at org.testng.TestNG.run(TestNG.java:1031)
	at org.gradle.api.internal.tasks.testing.testng.TestNGTestClassProcessor.runTests(TestNGTestClassProcessor.java:141)
	at org.gradle.api.internal.tasks.testing.testng.TestNGTestClassProcessor.stop(TestNGTestClassProcessor.java:90)
	at org.gradle.api.internal.tasks.testing.SuiteTestClassProcessor.stop(SuiteTestClassProcessor.java:61)
	at sun.reflect.NativeMethodAccessorImpl.invoke0(Native Method)
	at sun.reflect.NativeMethodAccessorImpl.invoke(NativeMethodAccessorImpl.java:62)
	at sun.reflect.DelegatingMethodAccessorImpl.invoke(DelegatingMethodAccessorImpl.java:43)
	at java.lang.reflect.Method.invoke(Method.java:498)
	at org.gradle.internal.dispatch.ReflectionDispatch.dispatch(ReflectionDispatch.java:36)
	at org.gradle.internal.dispatch.ReflectionDispatch.dispatch(ReflectionDispatch.java:24)
	at org.gradle.internal.dispatch.ContextClassLoaderDispatch.dispatch(ContextClassLoaderDispatch.java:33)
	at org.gradle.internal.dispatch.ProxyDispatchAdapter$DispatchingInvocationHandler.invoke(ProxyDispatchAdapter.java:94)
	at com.sun.proxy.$Proxy2.stop(Unknown Source)
	at org.gradle.api.internal.tasks.testing.worker.TestWorker$3.run(TestWorker.java:193)
	at org.gradle.api.internal.tasks.testing.worker.TestWorker.executeAndMaintainThreadName(TestWorker.java:129)
	at org.gradle.api.internal.tasks.testing.worker.TestWorker.execute(TestWorker.java:100)
	at org.gradle.api.internal.tasks.testing.worker.TestWorker.execute(TestWorker.java:60)
	at org.gradle.process.internal.worker.child.ActionExecutionWorker.execute(ActionExecutionWorker.java:56)
	at org.gradle.process.internal.worker.child.SystemApplicationClassLoaderWorker.call(SystemApplicationClassLoaderWorker.java:133)
	at org.gradle.process.internal.worker.child.SystemApplicationClassLoaderWorker.call(SystemApplicationClassLoaderWorker.java:71)
	at worker.org.gradle.process.internal.worker.GradleWorkerMain.run(GradleWorkerMain.java:69)
	at worker.org.gradle.process.internal.worker.GradleWorkerMain.main(GradleWorkerMain.java:74)
</failure>
  </testcase>
  <testcase name="carSearchSuccessDP[2](Car(location=Tokio, make=Japan, model=BMW, year=2001, engine=1,3, fuel=Petrol, gear=MT, wD=AWD, doors=4, seats=5, clasS=M, fuelConsumption=9,5, registrationNum=10-15-13, price=20, distance=120, features=New resin, about=Used but in good conditions))" classname="tests.LetTheCarWork" time="9.572">
    <failure message="org.openqa.selenium.InvalidArgumentException: File not found: C:/Users/Olga/QA_12_IlCarro/QA_12_IlCarro/auto2.jpeg&#10;Build info: version: '3.141.59', revision: 'e82be7d358', time: '2018-11-14T08:17:03'&#10;System info: host: 'ARTEMKA', ip: '192.168.0.103', os.name: 'Windows 10', os.arch: 'amd64', os.version: '10.0', java.version: '1.8.0_333'&#10;Driver info: org.openqa.selenium.firefox.FirefoxDriver&#10;Capabilities {acceptInsecureCerts: true, browserName: firefox, browserVersion: 101.0.1, javascriptEnabled: true, moz:accessibilityChecks: false, moz:buildID: 20220608170832, moz:geckodriverVersion: 0.31.0, moz:headless: false, moz:processID: 16292, moz:profile: C:\Users\ompre\AppData\Loca..., moz:shutdownTimeout: 60000, moz:useNonSpecCompliantPointerOrigin: false, moz:webdriverClick: true, pageLoadStrategy: normal, platform: WINDOWS, platformName: WINDOWS, platformVersion: 10.0, proxy: Proxy(), setWindowRect: true, strictFileInteractability: false, timeouts: {implicit: 0, pageLoad: 300000, script: 30000}, unhandledPromptBehavior: dismiss and notify}&#10;Session ID: 3dd7d420-0207-49e3-8e45-913d5acafe0a" type="org.openqa.selenium.InvalidArgumentException">org.openqa.selenium.InvalidArgumentException: File not found: C:/Users/Olga/QA_12_IlCarro/QA_12_IlCarro/auto2.jpeg
Build info: version: '3.141.59', revision: 'e82be7d358', time: '2018-11-14T08:17:03'
System info: host: 'ARTEMKA', ip: '192.168.0.103', os.name: 'Windows 10', os.arch: 'amd64', os.version: '10.0', java.version: '1.8.0_333'
Driver info: org.openqa.selenium.firefox.FirefoxDriver
Capabilities {acceptInsecureCerts: true, browserName: firefox, browserVersion: 101.0.1, javascriptEnabled: true, moz:accessibilityChecks: false, moz:buildID: 20220608170832, moz:geckodriverVersion: 0.31.0, moz:headless: false, moz:processID: 16292, moz:profile: C:\Users\ompre\AppData\Loca..., moz:shutdownTimeout: 60000, moz:useNonSpecCompliantPointerOrigin: false, moz:webdriverClick: true, pageLoadStrategy: normal, platform: WINDOWS, platformName: WINDOWS, platformVersion: 10.0, proxy: Proxy(), setWindowRect: true, strictFileInteractability: false, timeouts: {implicit: 0, pageLoad: 300000, script: 30000}, unhandledPromptBehavior: dismiss and notify}
Session ID: 3dd7d420-0207-49e3-8e45-913d5acafe0a
	at manager.MyListener.onException(MyListener.java:39)
	at sun.reflect.NativeMethodAccessorImpl.invoke0(Native Method)
	at sun.reflect.NativeMethodAccessorImpl.invoke(NativeMethodAccessorImpl.java:62)
	at sun.reflect.DelegatingMethodAccessorImpl.invoke(DelegatingMethodAccessorImpl.java:43)
	at java.lang.reflect.Method.invoke(Method.java:498)
	at org.openqa.selenium.support.events.EventFiringWebDriver.lambda$new$0(EventFiringWebDriver.java:84)
	at com.sun.proxy.$Proxy11.onException(Unknown Source)
	at org.openqa.selenium.support.events.EventFiringWebDriver$EventFiringWebElement.lambda$new$0(EventFiringWebDriver.java:406)
	at com.sun.proxy.$Proxy13.sendKeys(Unknown Source)
	at org.openqa.selenium.support.events.EventFiringWebDriver$EventFiringWebElement.sendKeys(EventFiringWebDriver.java:429)
	at manager.HelperCar.addImage(HelperCar.java:52)
	at tests.LetTheCarWork.carSearchSuccessDP(LetTheCarWork.java:51)
	at sun.reflect.NativeMethodAccessorImpl.invoke0(Native Method)
	at sun.reflect.NativeMethodAccessorImpl.invoke(NativeMethodAccessorImpl.java:62)
	at sun.reflect.DelegatingMethodAccessorImpl.invoke(DelegatingMethodAccessorImpl.java:43)
	at java.lang.reflect.Method.invoke(Method.java:498)
	at org.testng.internal.MethodInvocationHelper.invokeMethod(MethodInvocationHelper.java:133)
	at org.testng.internal.TestInvoker.invokeMethod(TestInvoker.java:598)
	at org.testng.internal.TestInvoker.invokeTestMethod(TestInvoker.java:173)
	at org.testng.internal.MethodRunner.runInSequence(MethodRunner.java:46)
	at org.testng.internal.TestInvoker$MethodInvocationAgent.invoke(TestInvoker.java:824)
	at org.testng.internal.TestInvoker.invokeTestMethods(TestInvoker.java:146)
	at org.testng.internal.TestMethodWorker.invokeTestMethods(TestMethodWorker.java:146)
	at org.testng.internal.TestMethodWorker.run(TestMethodWorker.java:128)
	at java.util.ArrayList.forEach(ArrayList.java:1259)
	at org.testng.TestRunner.privateRun(TestRunner.java:794)
	at org.testng.TestRunner.run(TestRunner.java:596)
	at org.testng.SuiteRunner.runTest(SuiteRunner.java:377)
	at org.testng.SuiteRunner.runSequentially(SuiteRunner.java:371)
	at org.testng.SuiteRunner.privateRun(SuiteRunner.java:332)
	at org.testng.SuiteRunner.run(SuiteRunner.java:276)
	at org.testng.SuiteRunnerWorker.runSuite(SuiteRunnerWorker.java:53)
	at org.testng.SuiteRunnerWorker.run(SuiteRunnerWorker.java:96)
	at org.testng.TestNG.runSuitesSequentially(TestNG.java:1212)
	at org.testng.TestNG.runSuitesLocally(TestNG.java:1134)
	at org.testng.TestNG.runSuites(TestNG.java:1063)
	at org.testng.TestNG.run(TestNG.java:1031)
	at org.gradle.api.internal.tasks.testing.testng.TestNGTestClassProcessor.runTests(TestNGTestClassProcessor.java:141)
	at org.gradle.api.internal.tasks.testing.testng.TestNGTestClassProcessor.stop(TestNGTestClassProcessor.java:90)
	at org.gradle.api.internal.tasks.testing.SuiteTestClassProcessor.stop(SuiteTestClassProcessor.java:61)
	at sun.reflect.NativeMethodAccessorImpl.invoke0(Native Method)
	at sun.reflect.NativeMethodAccessorImpl.invoke(NativeMethodAccessorImpl.java:62)
	at sun.reflect.DelegatingMethodAccessorImpl.invoke(DelegatingMethodAccessorImpl.java:43)
	at java.lang.reflect.Method.invoke(Method.java:498)
	at org.gradle.internal.dispatch.ReflectionDispatch.dispatch(ReflectionDispatch.java:36)
	at org.gradle.internal.dispatch.ReflectionDispatch.dispatch(ReflectionDispatch.java:24)
	at org.gradle.internal.dispatch.ContextClassLoaderDispatch.dispatch(ContextClassLoaderDispatch.java:33)
	at org.gradle.internal.dispatch.ProxyDispatchAdapter$DispatchingInvocationHandler.invoke(ProxyDispatchAdapter.java:94)
	at com.sun.proxy.$Proxy2.stop(Unknown Source)
	at org.gradle.api.internal.tasks.testing.worker.TestWorker$3.run(TestWorker.java:193)
	at org.gradle.api.internal.tasks.testing.worker.TestWorker.executeAndMaintainThreadName(TestWorker.java:129)
	at org.gradle.api.internal.tasks.testing.worker.TestWorker.execute(TestWorker.java:100)
	at org.gradle.api.internal.tasks.testing.worker.TestWorker.execute(TestWorker.java:60)
	at org.gradle.process.internal.worker.child.ActionExecutionWorker.execute(ActionExecutionWorker.java:56)
	at org.gradle.process.internal.worker.child.SystemApplicationClassLoaderWorker.call(SystemApplicationClassLoaderWorker.java:133)
	at org.gradle.process.internal.worker.child.SystemApplicationClassLoaderWorker.call(SystemApplicationClassLoaderWorker.java:71)
	at worker.org.gradle.process.internal.worker.GradleWorkerMain.run(GradleWorkerMain.java:69)
	at worker.org.gradle.process.internal.worker.GradleWorkerMain.main(GradleWorkerMain.java:74)
</failure>
  </testcase>
  <testcase name="carSearchSuccessDP[3](Car(location=Haifa, make=Japan, model=Deep, year=2001, engine=1,3, fuel=Petrol, gear=MT, wD=AWD, doors=4, seats=5, clasS=M, fuelConsumption=9,5, registrationNum=10-15-13, price=25, distance=120, features=New resin, about=Used but in good conditions))" classname="tests.LetTheCarWork" time="9.243">
    <failure message="org.openqa.selenium.StaleElementReferenceException: The element reference of &lt;input class=&quot;feature-input&quot; type=&quot;text&quot;&gt; is stale; either the element is no longer attached to the DOM, it is not in the current frame context, or the document has been refreshed&#10;For documentation on this error, please visit: https://www.seleniumhq.org/exceptions/stale_element_reference.html&#10;Build info: version: '3.141.59', revision: 'e82be7d358', time: '2018-11-14T08:17:03'&#10;System info: host: 'ARTEMKA', ip: '192.168.0.103', os.name: 'Windows 10', os.arch: 'amd64', os.version: '10.0', java.version: '1.8.0_333'&#10;Driver info: org.openqa.selenium.firefox.FirefoxDriver&#10;Capabilities {acceptInsecureCerts: true, browserName: firefox, browserVersion: 101.0.1, javascriptEnabled: true, moz:accessibilityChecks: false, moz:buildID: 20220608170832, moz:geckodriverVersion: 0.31.0, moz:headless: false, moz:processID: 16292, moz:profile: C:\Users\ompre\AppData\Loca..., moz:shutdownTimeout: 60000, moz:useNonSpecCompliantPointerOrigin: false, moz:webdriverClick: true, pageLoadStrategy: normal, platform: WINDOWS, platformName: WINDOWS, platformVersion: 10.0, proxy: Proxy(), setWindowRect: true, strictFileInteractability: false, timeouts: {implicit: 0, pageLoad: 300000, script: 30000}, unhandledPromptBehavior: dismiss and notify}&#10;Session ID: 3dd7d420-0207-49e3-8e45-913d5acafe0a" type="org.openqa.selenium.StaleElementReferenceException">org.openqa.selenium.StaleElementReferenceException: The element reference of &lt;input class=&quot;feature-input&quot; type=&quot;text&quot;&gt; is stale; either the element is no longer attached to the DOM, it is not in the current frame context, or the document has been refreshed
For documentation on this error, please visit: https://www.seleniumhq.org/exceptions/stale_element_reference.html
Build info: version: '3.141.59', revision: 'e82be7d358', time: '2018-11-14T08:17:03'
System info: host: 'ARTEMKA', ip: '192.168.0.103', os.name: 'Windows 10', os.arch: 'amd64', os.version: '10.0', java.version: '1.8.0_333'
Driver info: org.openqa.selenium.firefox.FirefoxDriver
Capabilities {acceptInsecureCerts: true, browserName: firefox, browserVersion: 101.0.1, javascriptEnabled: true, moz:accessibilityChecks: false, moz:buildID: 20220608170832, moz:geckodriverVersion: 0.31.0, moz:headless: false, moz:processID: 16292, moz:profile: C:\Users\ompre\AppData\Loca..., moz:shutdownTimeout: 60000, moz:useNonSpecCompliantPointerOrigin: false, moz:webdriverClick: true, pageLoadStrategy: normal, platform: WINDOWS, platformName: WINDOWS, platformVersion: 10.0, proxy: Proxy(), setWindowRect: true, strictFileInteractability: false, timeouts: {implicit: 0, pageLoad: 300000, script: 30000}, unhandledPromptBehavior: dismiss and notify}
Session ID: 3dd7d420-0207-49e3-8e45-913d5acafe0a
	at manager.MyListener.onException(MyListener.java:39)
	at sun.reflect.NativeMethodAccessorImpl.invoke0(Native Method)
	at sun.reflect.NativeMethodAccessorImpl.invoke(NativeMethodAccessorImpl.java:62)
	at sun.reflect.DelegatingMethodAccessorImpl.invoke(DelegatingMethodAccessorImpl.java:43)
	at java.lang.reflect.Method.invoke(Method.java:498)
	at org.openqa.selenium.support.events.EventFiringWebDriver.lambda$new$0(EventFiringWebDriver.java:84)
	at com.sun.proxy.$Proxy11.onException(Unknown Source)
	at org.openqa.selenium.support.events.EventFiringWebDriver$EventFiringWebElement.lambda$new$0(EventFiringWebDriver.java:406)
	at com.sun.proxy.$Proxy13.sendKeys(Unknown Source)
	at org.openqa.selenium.support.events.EventFiringWebDriver$EventFiringWebElement.sendKeys(EventFiringWebDriver.java:429)
	at manager.HelperBase.type(HelperBase.java:30)
	at manager.HelperCar.fillForm(HelperCar.java:39)
	at tests.LetTheCarWork.carSearchSuccessDP(LetTheCarWork.java:48)
	at sun.reflect.NativeMethodAccessorImpl.invoke0(Native Method)
	at sun.reflect.NativeMethodAccessorImpl.invoke(NativeMethodAccessorImpl.java:62)
	at sun.reflect.DelegatingMethodAccessorImpl.invoke(DelegatingMethodAccessorImpl.java:43)
	at java.lang.reflect.Method.invoke(Method.java:498)
	at org.testng.internal.MethodInvocationHelper.invokeMethod(MethodInvocationHelper.java:133)
	at org.testng.internal.TestInvoker.invokeMethod(TestInvoker.java:598)
	at org.testng.internal.TestInvoker.invokeTestMethod(TestInvoker.java:173)
	at org.testng.internal.MethodRunner.runInSequence(MethodRunner.java:46)
	at org.testng.internal.TestInvoker$MethodInvocationAgent.invoke(TestInvoker.java:824)
	at org.testng.internal.TestInvoker.invokeTestMethods(TestInvoker.java:146)
	at org.testng.internal.TestMethodWorker.invokeTestMethods(TestMethodWorker.java:146)
	at org.testng.internal.TestMethodWorker.run(TestMethodWorker.java:128)
	at java.util.ArrayList.forEach(ArrayList.java:1259)
	at org.testng.TestRunner.privateRun(TestRunner.java:794)
	at org.testng.TestRunner.run(TestRunner.java:596)
	at org.testng.SuiteRunner.runTest(SuiteRunner.java:377)
	at org.testng.SuiteRunner.runSequentially(SuiteRunner.java:371)
	at org.testng.SuiteRunner.privateRun(SuiteRunner.java:332)
	at org.testng.SuiteRunner.run(SuiteRunner.java:276)
	at org.testng.SuiteRunnerWorker.runSuite(SuiteRunnerWorker.java:53)
	at org.testng.SuiteRunnerWorker.run(SuiteRunnerWorker.java:96)
	at org.testng.TestNG.runSuitesSequentially(TestNG.java:1212)
	at org.testng.TestNG.runSuitesLocally(TestNG.java:1134)
	at org.testng.TestNG.runSuites(TestNG.java:1063)
	at org.testng.TestNG.run(TestNG.java:1031)
	at org.gradle.api.internal.tasks.testing.testng.TestNGTestClassProcessor.runTests(TestNGTestClassProcessor.java:141)
	at org.gradle.api.internal.tasks.testing.testng.TestNGTestClassProcessor.stop(TestNGTestClassProcessor.java:90)
	at org.gradle.api.internal.tasks.testing.SuiteTestClassProcessor.stop(SuiteTestClassProcessor.java:61)
	at sun.reflect.NativeMethodAccessorImpl.invoke0(Native Method)
	at sun.reflect.NativeMethodAccessorImpl.invoke(NativeMethodAccessorImpl.java:62)
	at sun.reflect.DelegatingMethodAccessorImpl.invoke(DelegatingMethodAccessorImpl.java:43)
	at java.lang.reflect.Method.invoke(Method.java:498)
	at org.gradle.internal.dispatch.ReflectionDispatch.dispatch(ReflectionDispatch.java:36)
	at org.gradle.internal.dispatch.ReflectionDispatch.dispatch(ReflectionDispatch.java:24)
	at org.gradle.internal.dispatch.ContextClassLoaderDispatch.dispatch(ContextClassLoaderDispatch.java:33)
	at org.gradle.internal.dispatch.ProxyDispatchAdapter$DispatchingInvocationHandler.invoke(ProxyDispatchAdapter.java:94)
	at com.sun.proxy.$Proxy2.stop(Unknown Source)
	at org.gradle.api.internal.tasks.testing.worker.TestWorker$3.run(TestWorker.java:193)
	at org.gradle.api.internal.tasks.testing.worker.TestWorker.executeAndMaintainThreadName(TestWorker.java:129)
	at org.gradle.api.internal.tasks.testing.worker.TestWorker.execute(TestWorker.java:100)
	at org.gradle.api.internal.tasks.testing.worker.TestWorker.execute(TestWorker.java:60)
	at org.gradle.process.internal.worker.child.ActionExecutionWorker.execute(ActionExecutionWorker.java:56)
	at org.gradle.process.internal.worker.child.SystemApplicationClassLoaderWorker.call(SystemApplicationClassLoaderWorker.java:133)
	at org.gradle.process.internal.worker.child.SystemApplicationClassLoaderWorker.call(SystemApplicationClassLoaderWorker.java:71)
	at worker.org.gradle.process.internal.worker.GradleWorkerMain.run(GradleWorkerMain.java:69)
	at worker.org.gradle.process.internal.worker.GradleWorkerMain.main(GradleWorkerMain.java:74)
</failure>
  </testcase>
  <testcase name="carSearchSuccessDP[4](Car(location=London, make=Japan, model=lada, year=2001, engine=1,3, fuel=Petrol, gear=MT, wD=AWD, doors=4, seats=5, clasS=M, fuelConsumption=9,5, registrationNum=10-15-13, price=30, distance=120, features=New resin, about=Used but in good conditions))" classname="tests.LetTheCarWork" time="9.743">
    <failure message="org.openqa.selenium.InvalidArgumentException: File not found: C:/Users/Olga/QA_12_IlCarro/QA_12_IlCarro/auto2.jpeg&#10;Build info: version: '3.141.59', revision: 'e82be7d358', time: '2018-11-14T08:17:03'&#10;System info: host: 'ARTEMKA', ip: '192.168.0.103', os.name: 'Windows 10', os.arch: 'amd64', os.version: '10.0', java.version: '1.8.0_333'&#10;Driver info: org.openqa.selenium.firefox.FirefoxDriver&#10;Capabilities {acceptInsecureCerts: true, browserName: firefox, browserVersion: 101.0.1, javascriptEnabled: true, moz:accessibilityChecks: false, moz:buildID: 20220608170832, moz:geckodriverVersion: 0.31.0, moz:headless: false, moz:processID: 16292, moz:profile: C:\Users\ompre\AppData\Loca..., moz:shutdownTimeout: 60000, moz:useNonSpecCompliantPointerOrigin: false, moz:webdriverClick: true, pageLoadStrategy: normal, platform: WINDOWS, platformName: WINDOWS, platformVersion: 10.0, proxy: Proxy(), setWindowRect: true, strictFileInteractability: false, timeouts: {implicit: 0, pageLoad: 300000, script: 30000}, unhandledPromptBehavior: dismiss and notify}&#10;Session ID: 3dd7d420-0207-49e3-8e45-913d5acafe0a" type="org.openqa.selenium.InvalidArgumentException">org.openqa.selenium.InvalidArgumentException: File not found: C:/Users/Olga/QA_12_IlCarro/QA_12_IlCarro/auto2.jpeg
Build info: version: '3.141.59', revision: 'e82be7d358', time: '2018-11-14T08:17:03'
System info: host: 'ARTEMKA', ip: '192.168.0.103', os.name: 'Windows 10', os.arch: 'amd64', os.version: '10.0', java.version: '1.8.0_333'
Driver info: org.openqa.selenium.firefox.FirefoxDriver
Capabilities {acceptInsecureCerts: true, browserName: firefox, browserVersion: 101.0.1, javascriptEnabled: true, moz:accessibilityChecks: false, moz:buildID: 20220608170832, moz:geckodriverVersion: 0.31.0, moz:headless: false, moz:processID: 16292, moz:profile: C:\Users\ompre\AppData\Loca..., moz:shutdownTimeout: 60000, moz:useNonSpecCompliantPointerOrigin: false, moz:webdriverClick: true, pageLoadStrategy: normal, platform: WINDOWS, platformName: WINDOWS, platformVersion: 10.0, proxy: Proxy(), setWindowRect: true, strictFileInteractability: false, timeouts: {implicit: 0, pageLoad: 300000, script: 30000}, unhandledPromptBehavior: dismiss and notify}
Session ID: 3dd7d420-0207-49e3-8e45-913d5acafe0a
	at manager.MyListener.onException(MyListener.java:39)
	at sun.reflect.NativeMethodAccessorImpl.invoke0(Native Method)
	at sun.reflect.NativeMethodAccessorImpl.invoke(NativeMethodAccessorImpl.java:62)
	at sun.reflect.DelegatingMethodAccessorImpl.invoke(DelegatingMethodAccessorImpl.java:43)
	at java.lang.reflect.Method.invoke(Method.java:498)
	at org.openqa.selenium.support.events.EventFiringWebDriver.lambda$new$0(EventFiringWebDriver.java:84)
	at com.sun.proxy.$Proxy11.onException(Unknown Source)
	at org.openqa.selenium.support.events.EventFiringWebDriver$EventFiringWebElement.lambda$new$0(EventFiringWebDriver.java:406)
	at com.sun.proxy.$Proxy13.sendKeys(Unknown Source)
	at org.openqa.selenium.support.events.EventFiringWebDriver$EventFiringWebElement.sendKeys(EventFiringWebDriver.java:429)
	at manager.HelperCar.addImage(HelperCar.java:52)
	at tests.LetTheCarWork.carSearchSuccessDP(LetTheCarWork.java:51)
	at sun.reflect.NativeMethodAccessorImpl.invoke0(Native Method)
	at sun.reflect.NativeMethodAccessorImpl.invoke(NativeMethodAccessorImpl.java:62)
	at sun.reflect.DelegatingMethodAccessorImpl.invoke(DelegatingMethodAccessorImpl.java:43)
	at java.lang.reflect.Method.invoke(Method.java:498)
	at org.testng.internal.MethodInvocationHelper.invokeMethod(MethodInvocationHelper.java:133)
	at org.testng.internal.TestInvoker.invokeMethod(TestInvoker.java:598)
	at org.testng.internal.TestInvoker.invokeTestMethod(TestInvoker.java:173)
	at org.testng.internal.MethodRunner.runInSequence(MethodRunner.java:46)
	at org.testng.internal.TestInvoker$MethodInvocationAgent.invoke(TestInvoker.java:824)
	at org.testng.internal.TestInvoker.invokeTestMethods(TestInvoker.java:146)
	at org.testng.internal.TestMethodWorker.invokeTestMethods(TestMethodWorker.java:146)
	at org.testng.internal.TestMethodWorker.run(TestMethodWorker.java:128)
	at java.util.ArrayList.forEach(ArrayList.java:1259)
	at org.testng.TestRunner.privateRun(TestRunner.java:794)
	at org.testng.TestRunner.run(TestRunner.java:596)
	at org.testng.SuiteRunner.runTest(SuiteRunner.java:377)
	at org.testng.SuiteRunner.runSequentially(SuiteRunner.java:371)
	at org.testng.SuiteRunner.privateRun(SuiteRunner.java:332)
	at org.testng.SuiteRunner.run(SuiteRunner.java:276)
	at org.testng.SuiteRunnerWorker.runSuite(SuiteRunnerWorker.java:53)
	at org.testng.SuiteRunnerWorker.run(SuiteRunnerWorker.java:96)
	at org.testng.TestNG.runSuitesSequentially(TestNG.java:1212)
	at org.testng.TestNG.runSuitesLocally(TestNG.java:1134)
	at org.testng.TestNG.runSuites(TestNG.java:1063)
	at org.testng.TestNG.run(TestNG.java:1031)
	at org.gradle.api.internal.tasks.testing.testng.TestNGTestClassProcessor.runTests(TestNGTestClassProcessor.java:141)
	at org.gradle.api.internal.tasks.testing.testng.TestNGTestClassProcessor.stop(TestNGTestClassProcessor.java:90)
	at org.gradle.api.internal.tasks.testing.SuiteTestClassProcessor.stop(SuiteTestClassProcessor.java:61)
	at sun.reflect.NativeMethodAccessorImpl.invoke0(Native Method)
	at sun.reflect.NativeMethodAccessorImpl.invoke(NativeMethodAccessorImpl.java:62)
	at sun.reflect.DelegatingMethodAccessorImpl.invoke(DelegatingMethodAccessorImpl.java:43)
	at java.lang.reflect.Method.invoke(Method.java:498)
	at org.gradle.internal.dispatch.ReflectionDispatch.dispatch(ReflectionDispatch.java:36)
	at org.gradle.internal.dispatch.ReflectionDispatch.dispatch(ReflectionDispatch.java:24)
	at org.gradle.internal.dispatch.ContextClassLoaderDispatch.dispatch(ContextClassLoaderDispatch.java:33)
	at org.gradle.internal.dispatch.ProxyDispatchAdapter$DispatchingInvocationHandler.invoke(ProxyDispatchAdapter.java:94)
	at com.sun.proxy.$Proxy2.stop(Unknown Source)
	at org.gradle.api.internal.tasks.testing.worker.TestWorker$3.run(TestWorker.java:193)
	at org.gradle.api.internal.tasks.testing.worker.TestWorker.executeAndMaintainThreadName(TestWorker.java:129)
	at org.gradle.api.internal.tasks.testing.worker.TestWorker.execute(TestWorker.java:100)
	at org.gradle.api.internal.tasks.testing.worker.TestWorker.execute(TestWorker.java:60)
	at org.gradle.process.internal.worker.child.ActionExecutionWorker.execute(ActionExecutionWorker.java:56)
	at org.gradle.process.internal.worker.child.SystemApplicationClassLoaderWorker.call(SystemApplicationClassLoaderWorker.java:133)
	at org.gradle.process.internal.worker.child.SystemApplicationClassLoaderWorker.call(SystemApplicationClassLoaderWorker.java:71)
	at worker.org.gradle.process.internal.worker.GradleWorkerMain.run(GradleWorkerMain.java:69)
	at worker.org.gradle.process.internal.worker.GradleWorkerMain.main(GradleWorkerMain.java:74)
</failure>
  </testcase>
  <testcase name="carSearchSuccessDP[5](Car(location=New York, make=Japan, model=Honda, year=2001, engine=1,3, fuel=Petrol, gear=MT, wD=AWD, doors=4, seats=5, clasS=M, fuelConsumption=9,5, registrationNum=10-15-13, price=35, distance=120, features=New resin, about=Used but in good conditions))" classname="tests.LetTheCarWork" time="9.261">
    <failure message="org.openqa.selenium.StaleElementReferenceException: The element reference of &lt;input class=&quot;feature-input&quot; type=&quot;text&quot;&gt; is stale; either the element is no longer attached to the DOM, it is not in the current frame context, or the document has been refreshed&#10;For documentation on this error, please visit: https://www.seleniumhq.org/exceptions/stale_element_reference.html&#10;Build info: version: '3.141.59', revision: 'e82be7d358', time: '2018-11-14T08:17:03'&#10;System info: host: 'ARTEMKA', ip: '192.168.0.103', os.name: 'Windows 10', os.arch: 'amd64', os.version: '10.0', java.version: '1.8.0_333'&#10;Driver info: org.openqa.selenium.firefox.FirefoxDriver&#10;Capabilities {acceptInsecureCerts: true, browserName: firefox, browserVersion: 101.0.1, javascriptEnabled: true, moz:accessibilityChecks: false, moz:buildID: 20220608170832, moz:geckodriverVersion: 0.31.0, moz:headless: false, moz:processID: 16292, moz:profile: C:\Users\ompre\AppData\Loca..., moz:shutdownTimeout: 60000, moz:useNonSpecCompliantPointerOrigin: false, moz:webdriverClick: true, pageLoadStrategy: normal, platform: WINDOWS, platformName: WINDOWS, platformVersion: 10.0, proxy: Proxy(), setWindowRect: true, strictFileInteractability: false, timeouts: {implicit: 0, pageLoad: 300000, script: 30000}, unhandledPromptBehavior: dismiss and notify}&#10;Session ID: 3dd7d420-0207-49e3-8e45-913d5acafe0a" type="org.openqa.selenium.StaleElementReferenceException">org.openqa.selenium.StaleElementReferenceException: The element reference of &lt;input class=&quot;feature-input&quot; type=&quot;text&quot;&gt; is stale; either the element is no longer attached to the DOM, it is not in the current frame context, or the document has been refreshed
For documentation on this error, please visit: https://www.seleniumhq.org/exceptions/stale_element_reference.html
Build info: version: '3.141.59', revision: 'e82be7d358', time: '2018-11-14T08:17:03'
System info: host: 'ARTEMKA', ip: '192.168.0.103', os.name: 'Windows 10', os.arch: 'amd64', os.version: '10.0', java.version: '1.8.0_333'
Driver info: org.openqa.selenium.firefox.FirefoxDriver
Capabilities {acceptInsecureCerts: true, browserName: firefox, browserVersion: 101.0.1, javascriptEnabled: true, moz:accessibilityChecks: false, moz:buildID: 20220608170832, moz:geckodriverVersion: 0.31.0, moz:headless: false, moz:processID: 16292, moz:profile: C:\Users\ompre\AppData\Loca..., moz:shutdownTimeout: 60000, moz:useNonSpecCompliantPointerOrigin: false, moz:webdriverClick: true, pageLoadStrategy: normal, platform: WINDOWS, platformName: WINDOWS, platformVersion: 10.0, proxy: Proxy(), setWindowRect: true, strictFileInteractability: false, timeouts: {implicit: 0, pageLoad: 300000, script: 30000}, unhandledPromptBehavior: dismiss and notify}
Session ID: 3dd7d420-0207-49e3-8e45-913d5acafe0a
	at manager.MyListener.onException(MyListener.java:39)
	at sun.reflect.NativeMethodAccessorImpl.invoke0(Native Method)
	at sun.reflect.NativeMethodAccessorImpl.invoke(NativeMethodAccessorImpl.java:62)
	at sun.reflect.DelegatingMethodAccessorImpl.invoke(DelegatingMethodAccessorImpl.java:43)
	at java.lang.reflect.Method.invoke(Method.java:498)
	at org.openqa.selenium.support.events.EventFiringWebDriver.lambda$new$0(EventFiringWebDriver.java:84)
	at com.sun.proxy.$Proxy11.onException(Unknown Source)
	at org.openqa.selenium.support.events.EventFiringWebDriver$EventFiringWebElement.lambda$new$0(EventFiringWebDriver.java:406)
	at com.sun.proxy.$Proxy13.sendKeys(Unknown Source)
	at org.openqa.selenium.support.events.EventFiringWebDriver$EventFiringWebElement.sendKeys(EventFiringWebDriver.java:429)
	at manager.HelperBase.type(HelperBase.java:30)
	at manager.HelperCar.fillForm(HelperCar.java:39)
	at tests.LetTheCarWork.carSearchSuccessDP(LetTheCarWork.java:48)
	at sun.reflect.NativeMethodAccessorImpl.invoke0(Native Method)
	at sun.reflect.NativeMethodAccessorImpl.invoke(NativeMethodAccessorImpl.java:62)
	at sun.reflect.DelegatingMethodAccessorImpl.invoke(DelegatingMethodAccessorImpl.java:43)
	at java.lang.reflect.Method.invoke(Method.java:498)
	at org.testng.internal.MethodInvocationHelper.invokeMethod(MethodInvocationHelper.java:133)
	at org.testng.internal.TestInvoker.invokeMethod(TestInvoker.java:598)
	at org.testng.internal.TestInvoker.invokeTestMethod(TestInvoker.java:173)
	at org.testng.internal.MethodRunner.runInSequence(MethodRunner.java:46)
	at org.testng.internal.TestInvoker$MethodInvocationAgent.invoke(TestInvoker.java:824)
	at org.testng.internal.TestInvoker.invokeTestMethods(TestInvoker.java:146)
	at org.testng.internal.TestMethodWorker.invokeTestMethods(TestMethodWorker.java:146)
	at org.testng.internal.TestMethodWorker.run(TestMethodWorker.java:128)
	at java.util.ArrayList.forEach(ArrayList.java:1259)
	at org.testng.TestRunner.privateRun(TestRunner.java:794)
	at org.testng.TestRunner.run(TestRunner.java:596)
	at org.testng.SuiteRunner.runTest(SuiteRunner.java:377)
	at org.testng.SuiteRunner.runSequentially(SuiteRunner.java:371)
	at org.testng.SuiteRunner.privateRun(SuiteRunner.java:332)
	at org.testng.SuiteRunner.run(SuiteRunner.java:276)
	at org.testng.SuiteRunnerWorker.runSuite(SuiteRunnerWorker.java:53)
	at org.testng.SuiteRunnerWorker.run(SuiteRunnerWorker.java:96)
	at org.testng.TestNG.runSuitesSequentially(TestNG.java:1212)
	at org.testng.TestNG.runSuitesLocally(TestNG.java:1134)
	at org.testng.TestNG.runSuites(TestNG.java:1063)
	at org.testng.TestNG.run(TestNG.java:1031)
	at org.gradle.api.internal.tasks.testing.testng.TestNGTestClassProcessor.runTests(TestNGTestClassProcessor.java:141)
	at org.gradle.api.internal.tasks.testing.testng.TestNGTestClassProcessor.stop(TestNGTestClassProcessor.java:90)
	at org.gradle.api.internal.tasks.testing.SuiteTestClassProcessor.stop(SuiteTestClassProcessor.java:61)
	at sun.reflect.NativeMethodAccessorImpl.invoke0(Native Method)
	at sun.reflect.NativeMethodAccessorImpl.invoke(NativeMethodAccessorImpl.java:62)
	at sun.reflect.DelegatingMethodAccessorImpl.invoke(DelegatingMethodAccessorImpl.java:43)
	at java.lang.reflect.Method.invoke(Method.java:498)
	at org.gradle.internal.dispatch.ReflectionDispatch.dispatch(ReflectionDispatch.java:36)
	at org.gradle.internal.dispatch.ReflectionDispatch.dispatch(ReflectionDispatch.java:24)
	at org.gradle.internal.dispatch.ContextClassLoaderDispatch.dispatch(ContextClassLoaderDispatch.java:33)
	at org.gradle.internal.dispatch.ProxyDispatchAdapter$DispatchingInvocationHandler.invoke(ProxyDispatchAdapter.java:94)
	at com.sun.proxy.$Proxy2.stop(Unknown Source)
	at org.gradle.api.internal.tasks.testing.worker.TestWorker$3.run(TestWorker.java:193)
	at org.gradle.api.internal.tasks.testing.worker.TestWorker.executeAndMaintainThreadName(TestWorker.java:129)
	at org.gradle.api.internal.tasks.testing.worker.TestWorker.execute(TestWorker.java:100)
	at org.gradle.api.internal.tasks.testing.worker.TestWorker.execute(TestWorker.java:60)
	at org.gradle.process.internal.worker.child.ActionExecutionWorker.execute(ActionExecutionWorker.java:56)
	at org.gradle.process.internal.worker.child.SystemApplicationClassLoaderWorker.call(SystemApplicationClassLoaderWorker.java:133)
	at org.gradle.process.internal.worker.child.SystemApplicationClassLoaderWorker.call(SystemApplicationClassLoaderWorker.java:71)
	at worker.org.gradle.process.internal.worker.GradleWorkerMain.run(GradleWorkerMain.java:69)
	at worker.org.gradle.process.internal.worker.GradleWorkerMain.main(GradleWorkerMain.java:74)
</failure>
  </testcase>
  <testcase name="carSearchSuccessDP[6](Car(location=Samara, make=Japan, model=Porche, year=2001, engine=1,3, fuel=Petrol, gear=MT, wD=AWD, doors=4, seats=5, clasS=M, fuelConsumption=9,5, registrationNum=10-15-13, price=40, distance=120, features=New resin, about=Used but in good conditions))" classname="tests.LetTheCarWork" time="9.532">
    <failure message="org.openqa.selenium.InvalidArgumentException: File not found: C:/Users/Olga/QA_12_IlCarro/QA_12_IlCarro/auto2.jpeg&#10;Build info: version: '3.141.59', revision: 'e82be7d358', time: '2018-11-14T08:17:03'&#10;System info: host: 'ARTEMKA', ip: '192.168.0.103', os.name: 'Windows 10', os.arch: 'amd64', os.version: '10.0', java.version: '1.8.0_333'&#10;Driver info: org.openqa.selenium.firefox.FirefoxDriver&#10;Capabilities {acceptInsecureCerts: true, browserName: firefox, browserVersion: 101.0.1, javascriptEnabled: true, moz:accessibilityChecks: false, moz:buildID: 20220608170832, moz:geckodriverVersion: 0.31.0, moz:headless: false, moz:processID: 16292, moz:profile: C:\Users\ompre\AppData\Loca..., moz:shutdownTimeout: 60000, moz:useNonSpecCompliantPointerOrigin: false, moz:webdriverClick: true, pageLoadStrategy: normal, platform: WINDOWS, platformName: WINDOWS, platformVersion: 10.0, proxy: Proxy(), setWindowRect: true, strictFileInteractability: false, timeouts: {implicit: 0, pageLoad: 300000, script: 30000}, unhandledPromptBehavior: dismiss and notify}&#10;Session ID: 3dd7d420-0207-49e3-8e45-913d5acafe0a" type="org.openqa.selenium.InvalidArgumentException">org.openqa.selenium.InvalidArgumentException: File not found: C:/Users/Olga/QA_12_IlCarro/QA_12_IlCarro/auto2.jpeg
Build info: version: '3.141.59', revision: 'e82be7d358', time: '2018-11-14T08:17:03'
System info: host: 'ARTEMKA', ip: '192.168.0.103', os.name: 'Windows 10', os.arch: 'amd64', os.version: '10.0', java.version: '1.8.0_333'
Driver info: org.openqa.selenium.firefox.FirefoxDriver
Capabilities {acceptInsecureCerts: true, browserName: firefox, browserVersion: 101.0.1, javascriptEnabled: true, moz:accessibilityChecks: false, moz:buildID: 20220608170832, moz:geckodriverVersion: 0.31.0, moz:headless: false, moz:processID: 16292, moz:profile: C:\Users\ompre\AppData\Loca..., moz:shutdownTimeout: 60000, moz:useNonSpecCompliantPointerOrigin: false, moz:webdriverClick: true, pageLoadStrategy: normal, platform: WINDOWS, platformName: WINDOWS, platformVersion: 10.0, proxy: Proxy(), setWindowRect: true, strictFileInteractability: false, timeouts: {implicit: 0, pageLoad: 300000, script: 30000}, unhandledPromptBehavior: dismiss and notify}
Session ID: 3dd7d420-0207-49e3-8e45-913d5acafe0a
	at manager.MyListener.onException(MyListener.java:39)
	at sun.reflect.NativeMethodAccessorImpl.invoke0(Native Method)
	at sun.reflect.NativeMethodAccessorImpl.invoke(NativeMethodAccessorImpl.java:62)
	at sun.reflect.DelegatingMethodAccessorImpl.invoke(DelegatingMethodAccessorImpl.java:43)
	at java.lang.reflect.Method.invoke(Method.java:498)
	at org.openqa.selenium.support.events.EventFiringWebDriver.lambda$new$0(EventFiringWebDriver.java:84)
	at com.sun.proxy.$Proxy11.onException(Unknown Source)
	at org.openqa.selenium.support.events.EventFiringWebDriver$EventFiringWebElement.lambda$new$0(EventFiringWebDriver.java:406)
	at com.sun.proxy.$Proxy13.sendKeys(Unknown Source)
	at org.openqa.selenium.support.events.EventFiringWebDriver$EventFiringWebElement.sendKeys(EventFiringWebDriver.java:429)
	at manager.HelperCar.addImage(HelperCar.java:52)
	at tests.LetTheCarWork.carSearchSuccessDP(LetTheCarWork.java:51)
	at sun.reflect.NativeMethodAccessorImpl.invoke0(Native Method)
	at sun.reflect.NativeMethodAccessorImpl.invoke(NativeMethodAccessorImpl.java:62)
	at sun.reflect.DelegatingMethodAccessorImpl.invoke(DelegatingMethodAccessorImpl.java:43)
	at java.lang.reflect.Method.invoke(Method.java:498)
	at org.testng.internal.MethodInvocationHelper.invokeMethod(MethodInvocationHelper.java:133)
	at org.testng.internal.TestInvoker.invokeMethod(TestInvoker.java:598)
	at org.testng.internal.TestInvoker.invokeTestMethod(TestInvoker.java:173)
	at org.testng.internal.MethodRunner.runInSequence(MethodRunner.java:46)
	at org.testng.internal.TestInvoker$MethodInvocationAgent.invoke(TestInvoker.java:824)
	at org.testng.internal.TestInvoker.invokeTestMethods(TestInvoker.java:146)
	at org.testng.internal.TestMethodWorker.invokeTestMethods(TestMethodWorker.java:146)
	at org.testng.internal.TestMethodWorker.run(TestMethodWorker.java:128)
	at java.util.ArrayList.forEach(ArrayList.java:1259)
	at org.testng.TestRunner.privateRun(TestRunner.java:794)
	at org.testng.TestRunner.run(TestRunner.java:596)
	at org.testng.SuiteRunner.runTest(SuiteRunner.java:377)
	at org.testng.SuiteRunner.runSequentially(SuiteRunner.java:371)
	at org.testng.SuiteRunner.privateRun(SuiteRunner.java:332)
	at org.testng.SuiteRunner.run(SuiteRunner.java:276)
	at org.testng.SuiteRunnerWorker.runSuite(SuiteRunnerWorker.java:53)
	at org.testng.SuiteRunnerWorker.run(SuiteRunnerWorker.java:96)
	at org.testng.TestNG.runSuitesSequentially(TestNG.java:1212)
	at org.testng.TestNG.runSuitesLocally(TestNG.java:1134)
	at org.testng.TestNG.runSuites(TestNG.java:1063)
	at org.testng.TestNG.run(TestNG.java:1031)
	at org.gradle.api.internal.tasks.testing.testng.TestNGTestClassProcessor.runTests(TestNGTestClassProcessor.java:141)
	at org.gradle.api.internal.tasks.testing.testng.TestNGTestClassProcessor.stop(TestNGTestClassProcessor.java:90)
	at org.gradle.api.internal.tasks.testing.SuiteTestClassProcessor.stop(SuiteTestClassProcessor.java:61)
	at sun.reflect.NativeMethodAccessorImpl.invoke0(Native Method)
	at sun.reflect.NativeMethodAccessorImpl.invoke(NativeMethodAccessorImpl.java:62)
	at sun.reflect.DelegatingMethodAccessorImpl.invoke(DelegatingMethodAccessorImpl.java:43)
	at java.lang.reflect.Method.invoke(Method.java:498)
	at org.gradle.internal.dispatch.ReflectionDispatch.dispatch(ReflectionDispatch.java:36)
	at org.gradle.internal.dispatch.ReflectionDispatch.dispatch(ReflectionDispatch.java:24)
	at org.gradle.internal.dispatch.ContextClassLoaderDispatch.dispatch(ContextClassLoaderDispatch.java:33)
	at org.gradle.internal.dispatch.ProxyDispatchAdapter$DispatchingInvocationHandler.invoke(ProxyDispatchAdapter.java:94)
	at com.sun.proxy.$Proxy2.stop(Unknown Source)
	at org.gradle.api.internal.tasks.testing.worker.TestWorker$3.run(TestWorker.java:193)
	at org.gradle.api.internal.tasks.testing.worker.TestWorker.executeAndMaintainThreadName(TestWorker.java:129)
	at org.gradle.api.internal.tasks.testing.worker.TestWorker.execute(TestWorker.java:100)
	at org.gradle.api.internal.tasks.testing.worker.TestWorker.execute(TestWorker.java:60)
	at org.gradle.process.internal.worker.child.ActionExecutionWorker.execute(ActionExecutionWorker.java:56)
	at org.gradle.process.internal.worker.child.SystemApplicationClassLoaderWorker.call(SystemApplicationClassLoaderWorker.java:133)
	at org.gradle.process.internal.worker.child.SystemApplicationClassLoaderWorker.call(SystemApplicationClassLoaderWorker.java:71)
	at worker.org.gradle.process.internal.worker.GradleWorkerMain.run(GradleWorkerMain.java:69)
	at worker.org.gradle.process.internal.worker.GradleWorkerMain.main(GradleWorkerMain.java:74)
</failure>
  </testcase>
  <testcase name="carSearchSuccessDP[7](Car(location=Miami, make=Japan, model=Mercedes, year=2001, engine=1,3, fuel=Petrol, gear=MT, wD=AWD, doors=4, seats=5, clasS=M, fuelConsumption=9,5, registrationNum=10-15-13, price=45, distance=120, features=New resin, about=Used but in good conditions))" classname="tests.LetTheCarWork" time="9.207">
    <failure message="org.openqa.selenium.StaleElementReferenceException: The element reference of &lt;input class=&quot;feature-input&quot; type=&quot;text&quot;&gt; is stale; either the element is no longer attached to the DOM, it is not in the current frame context, or the document has been refreshed&#10;For documentation on this error, please visit: https://www.seleniumhq.org/exceptions/stale_element_reference.html&#10;Build info: version: '3.141.59', revision: 'e82be7d358', time: '2018-11-14T08:17:03'&#10;System info: host: 'ARTEMKA', ip: '192.168.0.103', os.name: 'Windows 10', os.arch: 'amd64', os.version: '10.0', java.version: '1.8.0_333'&#10;Driver info: org.openqa.selenium.firefox.FirefoxDriver&#10;Capabilities {acceptInsecureCerts: true, browserName: firefox, browserVersion: 101.0.1, javascriptEnabled: true, moz:accessibilityChecks: false, moz:buildID: 20220608170832, moz:geckodriverVersion: 0.31.0, moz:headless: false, moz:processID: 16292, moz:profile: C:\Users\ompre\AppData\Loca..., moz:shutdownTimeout: 60000, moz:useNonSpecCompliantPointerOrigin: false, moz:webdriverClick: true, pageLoadStrategy: normal, platform: WINDOWS, platformName: WINDOWS, platformVersion: 10.0, proxy: Proxy(), setWindowRect: true, strictFileInteractability: false, timeouts: {implicit: 0, pageLoad: 300000, script: 30000}, unhandledPromptBehavior: dismiss and notify}&#10;Session ID: 3dd7d420-0207-49e3-8e45-913d5acafe0a" type="org.openqa.selenium.StaleElementReferenceException">org.openqa.selenium.StaleElementReferenceException: The element reference of &lt;input class=&quot;feature-input&quot; type=&quot;text&quot;&gt; is stale; either the element is no longer attached to the DOM, it is not in the current frame context, or the document has been refreshed
For documentation on this error, please visit: https://www.seleniumhq.org/exceptions/stale_element_reference.html
Build info: version: '3.141.59', revision: 'e82be7d358', time: '2018-11-14T08:17:03'
System info: host: 'ARTEMKA', ip: '192.168.0.103', os.name: 'Windows 10', os.arch: 'amd64', os.version: '10.0', java.version: '1.8.0_333'
Driver info: org.openqa.selenium.firefox.FirefoxDriver
Capabilities {acceptInsecureCerts: true, browserName: firefox, browserVersion: 101.0.1, javascriptEnabled: true, moz:accessibilityChecks: false, moz:buildID: 20220608170832, moz:geckodriverVersion: 0.31.0, moz:headless: false, moz:processID: 16292, moz:profile: C:\Users\ompre\AppData\Loca..., moz:shutdownTimeout: 60000, moz:useNonSpecCompliantPointerOrigin: false, moz:webdriverClick: true, pageLoadStrategy: normal, platform: WINDOWS, platformName: WINDOWS, platformVersion: 10.0, proxy: Proxy(), setWindowRect: true, strictFileInteractability: false, timeouts: {implicit: 0, pageLoad: 300000, script: 30000}, unhandledPromptBehavior: dismiss and notify}
Session ID: 3dd7d420-0207-49e3-8e45-913d5acafe0a
	at manager.MyListener.onException(MyListener.java:39)
	at sun.reflect.NativeMethodAccessorImpl.invoke0(Native Method)
	at sun.reflect.NativeMethodAccessorImpl.invoke(NativeMethodAccessorImpl.java:62)
	at sun.reflect.DelegatingMethodAccessorImpl.invoke(DelegatingMethodAccessorImpl.java:43)
	at java.lang.reflect.Method.invoke(Method.java:498)
	at org.openqa.selenium.support.events.EventFiringWebDriver.lambda$new$0(EventFiringWebDriver.java:84)
	at com.sun.proxy.$Proxy11.onException(Unknown Source)
	at org.openqa.selenium.support.events.EventFiringWebDriver$EventFiringWebElement.lambda$new$0(EventFiringWebDriver.java:406)
	at com.sun.proxy.$Proxy13.sendKeys(Unknown Source)
	at org.openqa.selenium.support.events.EventFiringWebDriver$EventFiringWebElement.sendKeys(EventFiringWebDriver.java:429)
	at manager.HelperBase.type(HelperBase.java:30)
	at manager.HelperCar.fillForm(HelperCar.java:39)
	at tests.LetTheCarWork.carSearchSuccessDP(LetTheCarWork.java:48)
	at sun.reflect.NativeMethodAccessorImpl.invoke0(Native Method)
	at sun.reflect.NativeMethodAccessorImpl.invoke(NativeMethodAccessorImpl.java:62)
	at sun.reflect.DelegatingMethodAccessorImpl.invoke(DelegatingMethodAccessorImpl.java:43)
	at java.lang.reflect.Method.invoke(Method.java:498)
	at org.testng.internal.MethodInvocationHelper.invokeMethod(MethodInvocationHelper.java:133)
	at org.testng.internal.TestInvoker.invokeMethod(TestInvoker.java:598)
	at org.testng.internal.TestInvoker.invokeTestMethod(TestInvoker.java:173)
	at org.testng.internal.MethodRunner.runInSequence(MethodRunner.java:46)
	at org.testng.internal.TestInvoker$MethodInvocationAgent.invoke(TestInvoker.java:824)
	at org.testng.internal.TestInvoker.invokeTestMethods(TestInvoker.java:146)
	at org.testng.internal.TestMethodWorker.invokeTestMethods(TestMethodWorker.java:146)
	at org.testng.internal.TestMethodWorker.run(TestMethodWorker.java:128)
	at java.util.ArrayList.forEach(ArrayList.java:1259)
	at org.testng.TestRunner.privateRun(TestRunner.java:794)
	at org.testng.TestRunner.run(TestRunner.java:596)
	at org.testng.SuiteRunner.runTest(SuiteRunner.java:377)
	at org.testng.SuiteRunner.runSequentially(SuiteRunner.java:371)
	at org.testng.SuiteRunner.privateRun(SuiteRunner.java:332)
	at org.testng.SuiteRunner.run(SuiteRunner.java:276)
	at org.testng.SuiteRunnerWorker.runSuite(SuiteRunnerWorker.java:53)
	at org.testng.SuiteRunnerWorker.run(SuiteRunnerWorker.java:96)
	at org.testng.TestNG.runSuitesSequentially(TestNG.java:1212)
	at org.testng.TestNG.runSuitesLocally(TestNG.java:1134)
	at org.testng.TestNG.runSuites(TestNG.java:1063)
	at org.testng.TestNG.run(TestNG.java:1031)
	at org.gradle.api.internal.tasks.testing.testng.TestNGTestClassProcessor.runTests(TestNGTestClassProcessor.java:141)
	at org.gradle.api.internal.tasks.testing.testng.TestNGTestClassProcessor.stop(TestNGTestClassProcessor.java:90)
	at org.gradle.api.internal.tasks.testing.SuiteTestClassProcessor.stop(SuiteTestClassProcessor.java:61)
	at sun.reflect.NativeMethodAccessorImpl.invoke0(Native Method)
	at sun.reflect.NativeMethodAccessorImpl.invoke(NativeMethodAccessorImpl.java:62)
	at sun.reflect.DelegatingMethodAccessorImpl.invoke(DelegatingMethodAccessorImpl.java:43)
	at java.lang.reflect.Method.invoke(Method.java:498)
	at org.gradle.internal.dispatch.ReflectionDispatch.dispatch(ReflectionDispatch.java:36)
	at org.gradle.internal.dispatch.ReflectionDispatch.dispatch(ReflectionDispatch.java:24)
	at org.gradle.internal.dispatch.ContextClassLoaderDispatch.dispatch(ContextClassLoaderDispatch.java:33)
	at org.gradle.internal.dispatch.ProxyDispatchAdapter$DispatchingInvocationHandler.invoke(ProxyDispatchAdapter.java:94)
	at com.sun.proxy.$Proxy2.stop(Unknown Source)
	at org.gradle.api.internal.tasks.testing.worker.TestWorker$3.run(TestWorker.java:193)
	at org.gradle.api.internal.tasks.testing.worker.TestWorker.executeAndMaintainThreadName(TestWorker.java:129)
	at org.gradle.api.internal.tasks.testing.worker.TestWorker.execute(TestWorker.java:100)
	at org.gradle.api.internal.tasks.testing.worker.TestWorker.execute(TestWorker.java:60)
	at org.gradle.process.internal.worker.child.ActionExecutionWorker.execute(ActionExecutionWorker.java:56)
	at org.gradle.process.internal.worker.child.SystemApplicationClassLoaderWorker.call(SystemApplicationClassLoaderWorker.java:133)
	at org.gradle.process.internal.worker.child.SystemApplicationClassLoaderWorker.call(SystemApplicationClassLoaderWorker.java:71)
	at worker.org.gradle.process.internal.worker.GradleWorkerMain.run(GradleWorkerMain.java:69)
	at worker.org.gradle.process.internal.worker.GradleWorkerMain.main(GradleWorkerMain.java:74)
</failure>
  </testcase>
  <system-out><![CDATA[15:34:19 INFO  manager.MyListener - Start search element by locator-->By.xpath: //*[text()=' Logout ']
15:34:24 INFO  manager.MyListener - Element with locator-->By.xpath: //*[text()=' Logout '] was found
15:34:24 INFO  manager.MyListener - Start search element by locator-->By.xpath: //*[text()=' Log in ']
15:34:24 INFO  manager.MyListener - Element with locator-->By.xpath: //*[text()=' Log in '] was found
15:34:24 INFO  manager.MyListener - Start search element by locator-->By.cssSelector: div input#email
15:34:24 INFO  manager.MyListener - Element with locator-->By.cssSelector: div input#email was found
15:34:24 INFO  manager.MyListener - Start search element by locator-->By.cssSelector: div input#password
15:34:24 INFO  manager.MyListener - Element with locator-->By.cssSelector: div input#password was found
15:34:25 INFO  manager.MyListener - Start search element by locator-->By.cssSelector: form button[type='submit']
15:34:25 INFO  manager.MyListener - Element with locator-->By.cssSelector: form button[type='submit'] was found
15:34:25 INFO  tests.TestBase - Starts test---> carSearchSuccess
15:34:25 INFO  tests.TestBase - Test starts with car details:--->London, Porsh, UK
15:34:25 INFO  manager.MyListener - Start search element by locator-->By.cssSelector: a[href='/let-car-work']
15:34:25 INFO  manager.MyListener - Element with locator-->By.cssSelector: a[href='/let-car-work'] was found
15:34:25 INFO  manager.MyListener - Start search element by locator-->By.id: pickUpPlace
15:34:25 INFO  manager.MyListener - Element with locator-->By.id: pickUpPlace was found
15:34:26 INFO  manager.MyListener - Start search element by locator-->By.cssSelector: div.pac-item
15:34:26 INFO  manager.MyListener - Element with locator-->By.cssSelector: div.pac-item was found
15:34:28 INFO  manager.MyListener - Start search element by locator-->By.cssSelector: input[id='make']
15:34:28 INFO  manager.MyListener - Element with locator-->By.cssSelector: input[id='make'] was found
15:34:28 INFO  manager.MyListener - Start search element by locator-->By.id: model
15:34:28 INFO  manager.MyListener - Element with locator-->By.id: model was found
15:34:28 INFO  manager.MyListener - Start search element by locator-->By.id: year
15:34:28 INFO  manager.MyListener - Element with locator-->By.id: year was found
15:34:29 INFO  manager.MyListener - Start search element by locator-->By.id: engine
15:34:29 INFO  manager.MyListener - Element with locator-->By.id: engine was found
15:34:29 INFO  manager.MyListener - Start search element by locator-->By.id: fuel
15:34:29 INFO  manager.MyListener - Element with locator-->By.id: fuel was found
15:34:29 INFO  manager.MyListener - Start search element by locator-->By.xpath: .//option[@value = "Petrol"]
15:34:29 INFO  manager.MyListener - Element with locator-->By.xpath: .//option[@value = "Petrol"] was found
15:34:29 INFO  manager.MyListener - Start search element by locator-->By.id: gear
15:34:29 INFO  manager.MyListener - Element with locator-->By.id: gear was found
15:34:29 INFO  manager.MyListener - Start search element by locator-->By.xpath: .//option[@value = "SMT"]
15:34:29 INFO  manager.MyListener - Element with locator-->By.xpath: .//option[@value = "SMT"] was found
15:34:29 INFO  manager.MyListener - Start search element by locator-->By.id: wheelsDrive
15:34:29 INFO  manager.MyListener - Element with locator-->By.id: wheelsDrive was found
15:34:29 INFO  manager.MyListener - Start search element by locator-->By.xpath: .//option[@value = "FWD"]
15:34:29 INFO  manager.MyListener - Element with locator-->By.xpath: .//option[@value = "FWD"] was found
15:34:30 INFO  manager.MyListener - Start search element by locator-->By.id: doors
15:34:30 INFO  manager.MyListener - Element with locator-->By.id: doors was found
15:34:30 INFO  manager.MyListener - Start search element by locator-->By.id: seats
15:34:30 INFO  manager.MyListener - Element with locator-->By.id: seats was found
15:34:30 INFO  manager.MyListener - Start search element by locator-->By.id: class
15:34:30 INFO  manager.MyListener - Element with locator-->By.id: class was found
15:34:30 INFO  manager.MyListener - Start search element by locator-->By.id: fuelConsumption
15:34:30 INFO  manager.MyListener - Element with locator-->By.id: fuelConsumption was found
15:34:31 INFO  manager.MyListener - Start search element by locator-->By.id: serialNumber
15:34:31 INFO  manager.MyListener - Element with locator-->By.id: serialNumber was found
15:34:31 INFO  manager.MyListener - Start search element by locator-->By.id: price
15:34:31 INFO  manager.MyListener - Element with locator-->By.id: price was found
15:34:31 INFO  manager.MyListener - Start search element by locator-->By.id: distance
15:34:31 INFO  manager.MyListener - Element with locator-->By.id: distance was found
15:34:34 INFO  manager.MyListener - Start search element by locator-->By.cssSelector: input.feature-input
15:34:35 INFO  manager.MyListener - Element with locator-->By.cssSelector: input.feature-input was found
15:34:35 INFO  manager.MyListener - Start search element by locator-->By.id: about
15:34:35 INFO  manager.MyListener - Element with locator-->By.id: about was found
15:34:35 INFO  manager.MyListener - Start search element by locator-->By.id: photos
15:34:35 INFO  manager.MyListener - Element with locator-->By.id: photos was found
15:34:35 INFO  manager.MyListener - Something went wrong: https://ilcarro-1578153671498.web.app/let-car-work
15:34:35 INFO  manager.MyListener - File not found: C:/Users/Olga/QA_12_IlCarro/QA_12_IlCarro/auto2.jpeg
Build info: version: '3.141.59', revision: 'e82be7d358', time: '2018-11-14T08:17:03'
System info: host: 'ARTEMKA', ip: '192.168.0.103', os.name: 'Windows 10', os.arch: 'amd64', os.version: '10.0', java.version: '1.8.0_333'
Driver info: org.openqa.selenium.firefox.FirefoxDriver
Capabilities {acceptInsecureCerts: true, browserName: firefox, browserVersion: 101.0.1, javascriptEnabled: true, moz:accessibilityChecks: false, moz:buildID: 20220608170832, moz:geckodriverVersion: 0.31.0, moz:headless: false, moz:processID: 16292, moz:profile: C:\Users\ompre\AppData\Loca..., moz:shutdownTimeout: 60000, moz:useNonSpecCompliantPointerOrigin: false, moz:webdriverClick: true, pageLoadStrategy: normal, platform: WINDOWS, platformName: WINDOWS, platformVersion: 10.0, proxy: Proxy(), setWindowRect: true, strictFileInteractability: false, timeouts: {implicit: 0, pageLoad: 300000, script: 30000}, unhandledPromptBehavior: dismiss and notify}
Session ID: 3dd7d420-0207-49e3-8e45-913d5acafe0a
15:34:35 INFO  manager.MyListener - org.openqa.selenium.InvalidArgumentException: File not found: C:/Users/Olga/QA_12_IlCarro/QA_12_IlCarro/auto2.jpeg
Build info: version: '3.141.59', revision: 'e82be7d358', time: '2018-11-14T08:17:03'
System info: host: 'ARTEMKA', ip: '192.168.0.103', os.name: 'Windows 10', os.arch: 'amd64', os.version: '10.0', java.version: '1.8.0_333'
Driver info: org.openqa.selenium.firefox.FirefoxDriver
Capabilities {acceptInsecureCerts: true, browserName: firefox, browserVersion: 101.0.1, javascriptEnabled: true, moz:accessibilityChecks: false, moz:buildID: 20220608170832, moz:geckodriverVersion: 0.31.0, moz:headless: false, moz:processID: 16292, moz:profile: C:\Users\ompre\AppData\Loca..., moz:shutdownTimeout: 60000, moz:useNonSpecCompliantPointerOrigin: false, moz:webdriverClick: true, pageLoadStrategy: normal, platform: WINDOWS, platformName: WINDOWS, platformVersion: 10.0, proxy: Proxy(), setWindowRect: true, strictFileInteractability: false, timeouts: {implicit: 0, pageLoad: 300000, script: 30000}, unhandledPromptBehavior: dismiss and notify}
Session ID: 3dd7d420-0207-49e3-8e45-913d5acafe0a
15:34:35 INFO  tests.TestBase - Ends test---> carSearchSuccess
15:34:35 INFO  tests.TestBase - Starts test---> carSearchSuccess
15:34:35 INFO  tests.TestBase - Test starts with car details:--->Berlin, Porsh, UK
15:34:35 INFO  manager.MyListener - Start search element by locator-->By.cssSelector: a[href='/let-car-work']
15:34:35 INFO  manager.MyListener - Element with locator-->By.cssSelector: a[href='/let-car-work'] was found
15:34:35 INFO  manager.MyListener - Start search element by locator-->By.id: pickUpPlace
15:34:35 INFO  manager.MyListener - Element with locator-->By.id: pickUpPlace was found
15:34:36 INFO  manager.MyListener - Start search element by locator-->By.cssSelector: div.pac-item
15:34:36 INFO  manager.MyListener - Element with locator-->By.cssSelector: div.pac-item was found
15:34:38 INFO  manager.MyListener - Start search element by locator-->By.cssSelector: input[id='make']
15:34:38 INFO  manager.MyListener - Element with locator-->By.cssSelector: input[id='make'] was found
15:34:38 INFO  manager.MyListener - Start search element by locator-->By.id: model
15:34:38 INFO  manager.MyListener - Element with locator-->By.id: model was found
15:34:38 INFO  manager.MyListener - Start search element by locator-->By.id: year
15:34:38 INFO  manager.MyListener - Element with locator-->By.id: year was found
15:34:39 INFO  manager.MyListener - Start search element by locator-->By.id: engine
15:34:39 INFO  manager.MyListener - Element with locator-->By.id: engine was found
15:34:39 INFO  manager.MyListener - Start search element by locator-->By.id: fuel
15:34:39 INFO  manager.MyListener - Element with locator-->By.id: fuel was found
15:34:39 INFO  manager.MyListener - Start search element by locator-->By.xpath: .//option[@value = "Petrol"]
15:34:39 INFO  manager.MyListener - Element with locator-->By.xpath: .//option[@value = "Petrol"] was found
15:34:39 INFO  manager.MyListener - Start search element by locator-->By.id: gear
15:34:39 INFO  manager.MyListener - Element with locator-->By.id: gear was found
15:34:39 INFO  manager.MyListener - Start search element by locator-->By.xpath: .//option[@value = "SMT"]
15:34:39 INFO  manager.MyListener - Element with locator-->By.xpath: .//option[@value = "SMT"] was found
15:34:39 INFO  manager.MyListener - Start search element by locator-->By.id: wheelsDrive
15:34:39 INFO  manager.MyListener - Element with locator-->By.id: wheelsDrive was found
15:34:39 INFO  manager.MyListener - Start search element by locator-->By.xpath: .//option[@value = "FWD"]
15:34:39 INFO  manager.MyListener - Element with locator-->By.xpath: .//option[@value = "FWD"] was found
15:34:39 INFO  manager.MyListener - Start search element by locator-->By.id: doors
15:34:39 INFO  manager.MyListener - Element with locator-->By.id: doors was found
15:34:39 INFO  manager.MyListener - Start search element by locator-->By.id: seats
15:34:39 INFO  manager.MyListener - Element with locator-->By.id: seats was found
15:34:40 INFO  manager.MyListener - Start search element by locator-->By.id: class
15:34:40 INFO  manager.MyListener - Element with locator-->By.id: class was found
15:34:40 INFO  manager.MyListener - Start search element by locator-->By.id: fuelConsumption
15:34:40 INFO  manager.MyListener - Element with locator-->By.id: fuelConsumption was found
15:34:40 INFO  manager.MyListener - Start search element by locator-->By.id: serialNumber
15:34:40 INFO  manager.MyListener - Element with locator-->By.id: serialNumber was found
15:34:41 INFO  manager.MyListener - Start search element by locator-->By.id: price
15:34:41 INFO  manager.MyListener - Element with locator-->By.id: price was found
15:34:41 INFO  manager.MyListener - Start search element by locator-->By.id: distance
15:34:41 INFO  manager.MyListener - Element with locator-->By.id: distance was found
15:34:44 INFO  manager.MyListener - Start search element by locator-->By.cssSelector: input.feature-input
15:34:44 INFO  manager.MyListener - Element with locator-->By.cssSelector: input.feature-input was found
15:34:44 INFO  manager.MyListener - Something went wrong: https://ilcarro-1578153671498.web.app/let-car-work
15:34:44 INFO  manager.MyListener - The element reference of <input class="feature-input" type="text"> is stale; either the element is no longer attached to the DOM, it is not in the current frame context, or the document has been refreshed
For documentation on this error, please visit: https://www.seleniumhq.org/exceptions/stale_element_reference.html
Build info: version: '3.141.59', revision: 'e82be7d358', time: '2018-11-14T08:17:03'
System info: host: 'ARTEMKA', ip: '192.168.0.103', os.name: 'Windows 10', os.arch: 'amd64', os.version: '10.0', java.version: '1.8.0_333'
Driver info: org.openqa.selenium.firefox.FirefoxDriver
Capabilities {acceptInsecureCerts: true, browserName: firefox, browserVersion: 101.0.1, javascriptEnabled: true, moz:accessibilityChecks: false, moz:buildID: 20220608170832, moz:geckodriverVersion: 0.31.0, moz:headless: false, moz:processID: 16292, moz:profile: C:\Users\ompre\AppData\Loca..., moz:shutdownTimeout: 60000, moz:useNonSpecCompliantPointerOrigin: false, moz:webdriverClick: true, pageLoadStrategy: normal, platform: WINDOWS, platformName: WINDOWS, platformVersion: 10.0, proxy: Proxy(), setWindowRect: true, strictFileInteractability: false, timeouts: {implicit: 0, pageLoad: 300000, script: 30000}, unhandledPromptBehavior: dismiss and notify}
Session ID: 3dd7d420-0207-49e3-8e45-913d5acafe0a
15:34:44 INFO  manager.MyListener - org.openqa.selenium.StaleElementReferenceException: The element reference of <input class="feature-input" type="text"> is stale; either the element is no longer attached to the DOM, it is not in the current frame context, or the document has been refreshed
For documentation on this error, please visit: https://www.seleniumhq.org/exceptions/stale_element_reference.html
Build info: version: '3.141.59', revision: 'e82be7d358', time: '2018-11-14T08:17:03'
System info: host: 'ARTEMKA', ip: '192.168.0.103', os.name: 'Windows 10', os.arch: 'amd64', os.version: '10.0', java.version: '1.8.0_333'
Driver info: org.openqa.selenium.firefox.FirefoxDriver
Capabilities {acceptInsecureCerts: true, browserName: firefox, browserVersion: 101.0.1, javascriptEnabled: true, moz:accessibilityChecks: false, moz:buildID: 20220608170832, moz:geckodriverVersion: 0.31.0, moz:headless: false, moz:processID: 16292, moz:profile: C:\Users\ompre\AppData\Loca..., moz:shutdownTimeout: 60000, moz:useNonSpecCompliantPointerOrigin: false, moz:webdriverClick: true, pageLoadStrategy: normal, platform: WINDOWS, platformName: WINDOWS, platformVersion: 10.0, proxy: Proxy(), setWindowRect: true, strictFileInteractability: false, timeouts: {implicit: 0, pageLoad: 300000, script: 30000}, unhandledPromptBehavior: dismiss and notify}
Session ID: 3dd7d420-0207-49e3-8e45-913d5acafe0a
15:34:44 INFO  tests.TestBase - Ends test---> carSearchSuccess
15:34:44 INFO  tests.TestBase - Starts test---> carSearchSuccess
15:34:44 INFO  tests.TestBase - Test starts with car details:--->Paris, Porsh, UK
15:34:44 INFO  manager.MyListener - Start search element by locator-->By.cssSelector: a[href='/let-car-work']
15:34:44 INFO  manager.MyListener - Element with locator-->By.cssSelector: a[href='/let-car-work'] was found
15:34:45 INFO  manager.MyListener - Start search element by locator-->By.id: pickUpPlace
15:34:45 INFO  manager.MyListener - Element with locator-->By.id: pickUpPlace was found
15:34:45 INFO  manager.MyListener - Start search element by locator-->By.cssSelector: div.pac-item
15:34:45 INFO  manager.MyListener - Element with locator-->By.cssSelector: div.pac-item was found
15:34:47 INFO  manager.MyListener - Start search element by locator-->By.cssSelector: input[id='make']
15:34:47 INFO  manager.MyListener - Element with locator-->By.cssSelector: input[id='make'] was found
15:34:47 INFO  manager.MyListener - Start search element by locator-->By.id: model
15:34:47 INFO  manager.MyListener - Element with locator-->By.id: model was found
15:34:48 INFO  manager.MyListener - Start search element by locator-->By.id: year
15:34:48 INFO  manager.MyListener - Element with locator-->By.id: year was found
15:34:48 INFO  manager.MyListener - Start search element by locator-->By.id: engine
15:34:48 INFO  manager.MyListener - Element with locator-->By.id: engine was found
15:34:48 INFO  manager.MyListener - Start search element by locator-->By.id: fuel
15:34:48 INFO  manager.MyListener - Element with locator-->By.id: fuel was found
15:34:48 INFO  manager.MyListener - Start search element by locator-->By.xpath: .//option[@value = "Petrol"]
15:34:48 INFO  manager.MyListener - Element with locator-->By.xpath: .//option[@value = "Petrol"] was found
15:34:48 INFO  manager.MyListener - Start search element by locator-->By.id: gear
15:34:48 INFO  manager.MyListener - Element with locator-->By.id: gear was found
15:34:48 INFO  manager.MyListener - Start search element by locator-->By.xpath: .//option[@value = "SMT"]
15:34:48 INFO  manager.MyListener - Element with locator-->By.xpath: .//option[@value = "SMT"] was found
15:34:48 INFO  manager.MyListener - Start search element by locator-->By.id: wheelsDrive
15:34:48 INFO  manager.MyListener - Element with locator-->By.id: wheelsDrive was found
15:34:48 INFO  manager.MyListener - Start search element by locator-->By.xpath: .//option[@value = "FWD"]
15:34:48 INFO  manager.MyListener - Element with locator-->By.xpath: .//option[@value = "FWD"] was found
15:34:48 INFO  manager.MyListener - Start search element by locator-->By.id: doors
15:34:48 INFO  manager.MyListener - Element with locator-->By.id: doors was found
15:34:49 INFO  manager.MyListener - Start search element by locator-->By.id: seats
15:34:49 INFO  manager.MyListener - Element with locator-->By.id: seats was found
15:34:49 INFO  manager.MyListener - Start search element by locator-->By.id: class
15:34:49 INFO  manager.MyListener - Element with locator-->By.id: class was found
15:34:49 INFO  manager.MyListener - Start search element by locator-->By.id: fuelConsumption
15:34:49 INFO  manager.MyListener - Element with locator-->By.id: fuelConsumption was found
15:34:49 INFO  manager.MyListener - Start search element by locator-->By.id: serialNumber
15:34:49 INFO  manager.MyListener - Element with locator-->By.id: serialNumber was found
15:34:50 INFO  manager.MyListener - Start search element by locator-->By.id: price
15:34:50 INFO  manager.MyListener - Element with locator-->By.id: price was found
15:34:50 INFO  manager.MyListener - Start search element by locator-->By.id: distance
15:34:50 INFO  manager.MyListener - Element with locator-->By.id: distance was found
15:34:53 INFO  manager.MyListener - Start search element by locator-->By.cssSelector: input.feature-input
15:34:53 INFO  manager.MyListener - Element with locator-->By.cssSelector: input.feature-input was found
15:34:54 INFO  manager.MyListener - Start search element by locator-->By.id: about
15:34:54 INFO  manager.MyListener - Element with locator-->By.id: about was found
15:34:54 INFO  manager.MyListener - Start search element by locator-->By.id: photos
15:34:54 INFO  manager.MyListener - Element with locator-->By.id: photos was found
15:34:54 INFO  manager.MyListener - Something went wrong: https://ilcarro-1578153671498.web.app/let-car-work
15:34:54 INFO  manager.MyListener - File not found: C:/Users/Olga/QA_12_IlCarro/QA_12_IlCarro/auto2.jpeg
Build info: version: '3.141.59', revision: 'e82be7d358', time: '2018-11-14T08:17:03'
System info: host: 'ARTEMKA', ip: '192.168.0.103', os.name: 'Windows 10', os.arch: 'amd64', os.version: '10.0', java.version: '1.8.0_333'
Driver info: org.openqa.selenium.firefox.FirefoxDriver
Capabilities {acceptInsecureCerts: true, browserName: firefox, browserVersion: 101.0.1, javascriptEnabled: true, moz:accessibilityChecks: false, moz:buildID: 20220608170832, moz:geckodriverVersion: 0.31.0, moz:headless: false, moz:processID: 16292, moz:profile: C:\Users\ompre\AppData\Loca..., moz:shutdownTimeout: 60000, moz:useNonSpecCompliantPointerOrigin: false, moz:webdriverClick: true, pageLoadStrategy: normal, platform: WINDOWS, platformName: WINDOWS, platformVersion: 10.0, proxy: Proxy(), setWindowRect: true, strictFileInteractability: false, timeouts: {implicit: 0, pageLoad: 300000, script: 30000}, unhandledPromptBehavior: dismiss and notify}
Session ID: 3dd7d420-0207-49e3-8e45-913d5acafe0a
15:34:54 INFO  manager.MyListener - org.openqa.selenium.InvalidArgumentException: File not found: C:/Users/Olga/QA_12_IlCarro/QA_12_IlCarro/auto2.jpeg
Build info: version: '3.141.59', revision: 'e82be7d358', time: '2018-11-14T08:17:03'
System info: host: 'ARTEMKA', ip: '192.168.0.103', os.name: 'Windows 10', os.arch: 'amd64', os.version: '10.0', java.version: '1.8.0_333'
Driver info: org.openqa.selenium.firefox.FirefoxDriver
Capabilities {acceptInsecureCerts: true, browserName: firefox, browserVersion: 101.0.1, javascriptEnabled: true, moz:accessibilityChecks: false, moz:buildID: 20220608170832, moz:geckodriverVersion: 0.31.0, moz:headless: false, moz:processID: 16292, moz:profile: C:\Users\ompre\AppData\Loca..., moz:shutdownTimeout: 60000, moz:useNonSpecCompliantPointerOrigin: false, moz:webdriverClick: true, pageLoadStrategy: normal, platform: WINDOWS, platformName: WINDOWS, platformVersion: 10.0, proxy: Proxy(), setWindowRect: true, strictFileInteractability: false, timeouts: {implicit: 0, pageLoad: 300000, script: 30000}, unhandledPromptBehavior: dismiss and notify}
Session ID: 3dd7d420-0207-49e3-8e45-913d5acafe0a
15:34:54 INFO  tests.TestBase - Ends test---> carSearchSuccess
15:34:54 INFO  tests.TestBase - Starts test---> carSearchSuccess
15:34:54 INFO  tests.TestBase - Test starts with car details:--->Madrid, Porsh, UK
15:34:54 INFO  manager.MyListener - Start search element by locator-->By.cssSelector: a[href='/let-car-work']
15:34:54 INFO  manager.MyListener - Element with locator-->By.cssSelector: a[href='/let-car-work'] was found
15:34:54 INFO  manager.MyListener - Start search element by locator-->By.id: pickUpPlace
15:34:54 INFO  manager.MyListener - Element with locator-->By.id: pickUpPlace was found
15:34:55 INFO  manager.MyListener - Start search element by locator-->By.cssSelector: div.pac-item
15:34:55 INFO  manager.MyListener - Element with locator-->By.cssSelector: div.pac-item was found
15:34:57 INFO  manager.MyListener - Start search element by locator-->By.cssSelector: input[id='make']
15:34:57 INFO  manager.MyListener - Element with locator-->By.cssSelector: input[id='make'] was found
15:34:57 INFO  manager.MyListener - Start search element by locator-->By.id: model
15:34:57 INFO  manager.MyListener - Element with locator-->By.id: model was found
15:34:57 INFO  manager.MyListener - Start search element by locator-->By.id: year
15:34:57 INFO  manager.MyListener - Element with locator-->By.id: year was found
15:34:58 INFO  manager.MyListener - Start search element by locator-->By.id: engine
15:34:58 INFO  manager.MyListener - Element with locator-->By.id: engine was found
15:34:58 INFO  manager.MyListener - Start search element by locator-->By.id: fuel
15:34:58 INFO  manager.MyListener - Element with locator-->By.id: fuel was found
15:34:58 INFO  manager.MyListener - Start search element by locator-->By.xpath: .//option[@value = "Petrol"]
15:34:58 INFO  manager.MyListener - Element with locator-->By.xpath: .//option[@value = "Petrol"] was found
15:34:58 INFO  manager.MyListener - Start search element by locator-->By.id: gear
15:34:58 INFO  manager.MyListener - Element with locator-->By.id: gear was found
15:34:58 INFO  manager.MyListener - Start search element by locator-->By.xpath: .//option[@value = "SMT"]
15:34:58 INFO  manager.MyListener - Element with locator-->By.xpath: .//option[@value = "SMT"] was found
15:34:58 INFO  manager.MyListener - Start search element by locator-->By.id: wheelsDrive
15:34:58 INFO  manager.MyListener - Element with locator-->By.id: wheelsDrive was found
15:34:58 INFO  manager.MyListener - Start search element by locator-->By.xpath: .//option[@value = "FWD"]
15:34:58 INFO  manager.MyListener - Element with locator-->By.xpath: .//option[@value = "FWD"] was found
15:34:58 INFO  manager.MyListener - Start search element by locator-->By.id: doors
15:34:58 INFO  manager.MyListener - Element with locator-->By.id: doors was found
15:34:58 INFO  manager.MyListener - Start search element by locator-->By.id: seats
15:34:58 INFO  manager.MyListener - Element with locator-->By.id: seats was found
15:34:59 INFO  manager.MyListener - Start search element by locator-->By.id: class
15:34:59 INFO  manager.MyListener - Element with locator-->By.id: class was found
15:34:59 INFO  manager.MyListener - Start search element by locator-->By.id: fuelConsumption
15:34:59 INFO  manager.MyListener - Element with locator-->By.id: fuelConsumption was found
15:34:59 INFO  manager.MyListener - Start search element by locator-->By.id: serialNumber
15:34:59 INFO  manager.MyListener - Element with locator-->By.id: serialNumber was found
15:34:59 INFO  manager.MyListener - Start search element by locator-->By.id: price
15:34:59 INFO  manager.MyListener - Element with locator-->By.id: price was found
15:35:00 INFO  manager.MyListener - Start search element by locator-->By.id: distance
15:35:00 INFO  manager.MyListener - Element with locator-->By.id: distance was found
15:35:03 INFO  manager.MyListener - Start search element by locator-->By.cssSelector: input.feature-input
15:35:03 INFO  manager.MyListener - Element with locator-->By.cssSelector: input.feature-input was found
15:35:03 INFO  manager.MyListener - Something went wrong: https://ilcarro-1578153671498.web.app/let-car-work
15:35:03 INFO  manager.MyListener - The element reference of <input class="feature-input" type="text"> is stale; either the element is no longer attached to the DOM, it is not in the current frame context, or the document has been refreshed
For documentation on this error, please visit: https://www.seleniumhq.org/exceptions/stale_element_reference.html
Build info: version: '3.141.59', revision: 'e82be7d358', time: '2018-11-14T08:17:03'
System info: host: 'ARTEMKA', ip: '192.168.0.103', os.name: 'Windows 10', os.arch: 'amd64', os.version: '10.0', java.version: '1.8.0_333'
Driver info: org.openqa.selenium.firefox.FirefoxDriver
Capabilities {acceptInsecureCerts: true, browserName: firefox, browserVersion: 101.0.1, javascriptEnabled: true, moz:accessibilityChecks: false, moz:buildID: 20220608170832, moz:geckodriverVersion: 0.31.0, moz:headless: false, moz:processID: 16292, moz:profile: C:\Users\ompre\AppData\Loca..., moz:shutdownTimeout: 60000, moz:useNonSpecCompliantPointerOrigin: false, moz:webdriverClick: true, pageLoadStrategy: normal, platform: WINDOWS, platformName: WINDOWS, platformVersion: 10.0, proxy: Proxy(), setWindowRect: true, strictFileInteractability: false, timeouts: {implicit: 0, pageLoad: 300000, script: 30000}, unhandledPromptBehavior: dismiss and notify}
Session ID: 3dd7d420-0207-49e3-8e45-913d5acafe0a
15:35:03 INFO  manager.MyListener - org.openqa.selenium.StaleElementReferenceException: The element reference of <input class="feature-input" type="text"> is stale; either the element is no longer attached to the DOM, it is not in the current frame context, or the document has been refreshed
For documentation on this error, please visit: https://www.seleniumhq.org/exceptions/stale_element_reference.html
Build info: version: '3.141.59', revision: 'e82be7d358', time: '2018-11-14T08:17:03'
System info: host: 'ARTEMKA', ip: '192.168.0.103', os.name: 'Windows 10', os.arch: 'amd64', os.version: '10.0', java.version: '1.8.0_333'
Driver info: org.openqa.selenium.firefox.FirefoxDriver
Capabilities {acceptInsecureCerts: true, browserName: firefox, browserVersion: 101.0.1, javascriptEnabled: true, moz:accessibilityChecks: false, moz:buildID: 20220608170832, moz:geckodriverVersion: 0.31.0, moz:headless: false, moz:processID: 16292, moz:profile: C:\Users\ompre\AppData\Loca..., moz:shutdownTimeout: 60000, moz:useNonSpecCompliantPointerOrigin: false, moz:webdriverClick: true, pageLoadStrategy: normal, platform: WINDOWS, platformName: WINDOWS, platformVersion: 10.0, proxy: Proxy(), setWindowRect: true, strictFileInteractability: false, timeouts: {implicit: 0, pageLoad: 300000, script: 30000}, unhandledPromptBehavior: dismiss and notify}
Session ID: 3dd7d420-0207-49e3-8e45-913d5acafe0a
15:35:03 INFO  tests.TestBase - Ends test---> carSearchSuccess
15:35:03 INFO  tests.TestBase - Starts test---> carSearchSuccessDP
15:35:03 INFO  tests.TestBase - Test starts with car details-->Car(location=Tel Aviv, make=Japan, model=Honda, year=2001, engine=1,3, fuel=Petrol, gear=MT, wD=AWD, doors=4, seats=5, clasS=M, fuelConsumption=9,5, registrationNum=10-15-132494, price=10, distance=120, features=New resin, about=Used but in good conditions)
15:35:03 INFO  manager.MyListener - Start search element by locator-->By.cssSelector: a[href='/let-car-work']
15:35:03 INFO  manager.MyListener - Element with locator-->By.cssSelector: a[href='/let-car-work'] was found
15:35:04 INFO  manager.MyListener - Start search element by locator-->By.id: pickUpPlace
15:35:04 INFO  manager.MyListener - Element with locator-->By.id: pickUpPlace was found
15:35:04 INFO  manager.MyListener - Start search element by locator-->By.cssSelector: div.pac-item
15:35:04 INFO  manager.MyListener - Element with locator-->By.cssSelector: div.pac-item was found
15:35:06 INFO  manager.MyListener - Start search element by locator-->By.cssSelector: input[id='make']
15:35:06 INFO  manager.MyListener - Element with locator-->By.cssSelector: input[id='make'] was found
15:35:06 INFO  manager.MyListener - Start search element by locator-->By.id: model
15:35:06 INFO  manager.MyListener - Element with locator-->By.id: model was found
15:35:07 INFO  manager.MyListener - Start search element by locator-->By.id: year
15:35:07 INFO  manager.MyListener - Element with locator-->By.id: year was found
15:35:07 INFO  manager.MyListener - Start search element by locator-->By.id: engine
15:35:07 INFO  manager.MyListener - Element with locator-->By.id: engine was found
15:35:07 INFO  manager.MyListener - Start search element by locator-->By.id: fuel
15:35:07 INFO  manager.MyListener - Element with locator-->By.id: fuel was found
15:35:07 INFO  manager.MyListener - Start search element by locator-->By.xpath: .//option[@value = "Petrol"]
15:35:07 INFO  manager.MyListener - Element with locator-->By.xpath: .//option[@value = "Petrol"] was found
15:35:07 INFO  manager.MyListener - Start search element by locator-->By.id: gear
15:35:07 INFO  manager.MyListener - Element with locator-->By.id: gear was found
15:35:07 INFO  manager.MyListener - Start search element by locator-->By.xpath: .//option[@value = "MT"]
15:35:07 INFO  manager.MyListener - Element with locator-->By.xpath: .//option[@value = "MT"] was found
15:35:08 INFO  manager.MyListener - Start search element by locator-->By.id: wheelsDrive
15:35:08 INFO  manager.MyListener - Element with locator-->By.id: wheelsDrive was found
15:35:08 INFO  manager.MyListener - Start search element by locator-->By.xpath: .//option[@value = "AWD"]
15:35:08 INFO  manager.MyListener - Element with locator-->By.xpath: .//option[@value = "AWD"] was found
15:35:08 INFO  manager.MyListener - Start search element by locator-->By.id: doors
15:35:08 INFO  manager.MyListener - Element with locator-->By.id: doors was found
15:35:08 INFO  manager.MyListener - Start search element by locator-->By.id: seats
15:35:08 INFO  manager.MyListener - Element with locator-->By.id: seats was found
15:35:08 INFO  manager.MyListener - Start search element by locator-->By.id: class
15:35:08 INFO  manager.MyListener - Element with locator-->By.id: class was found
15:35:09 INFO  manager.MyListener - Start search element by locator-->By.id: fuelConsumption
15:35:09 INFO  manager.MyListener - Element with locator-->By.id: fuelConsumption was found
15:35:09 INFO  manager.MyListener - Start search element by locator-->By.id: serialNumber
15:35:09 INFO  manager.MyListener - Element with locator-->By.id: serialNumber was found
15:35:09 INFO  manager.MyListener - Start search element by locator-->By.id: price
15:35:09 INFO  manager.MyListener - Element with locator-->By.id: price was found
15:35:09 INFO  manager.MyListener - Start search element by locator-->By.id: distance
15:35:09 INFO  manager.MyListener - Element with locator-->By.id: distance was found
15:35:13 INFO  manager.MyListener - Start search element by locator-->By.cssSelector: input.feature-input
15:35:13 INFO  manager.MyListener - Element with locator-->By.cssSelector: input.feature-input was found
15:35:13 INFO  manager.MyListener - Start search element by locator-->By.id: about
15:35:13 INFO  manager.MyListener - Element with locator-->By.id: about was found
15:35:13 INFO  manager.MyListener - Start search element by locator-->By.id: photos
15:35:13 INFO  manager.MyListener - Element with locator-->By.id: photos was found
15:35:13 INFO  manager.MyListener - Something went wrong: https://ilcarro-1578153671498.web.app/let-car-work
15:35:13 INFO  manager.MyListener - File not found: C:/Users/Olga/QA_12_IlCarro/QA_12_IlCarro/auto2.jpeg
Build info: version: '3.141.59', revision: 'e82be7d358', time: '2018-11-14T08:17:03'
System info: host: 'ARTEMKA', ip: '192.168.0.103', os.name: 'Windows 10', os.arch: 'amd64', os.version: '10.0', java.version: '1.8.0_333'
Driver info: org.openqa.selenium.firefox.FirefoxDriver
Capabilities {acceptInsecureCerts: true, browserName: firefox, browserVersion: 101.0.1, javascriptEnabled: true, moz:accessibilityChecks: false, moz:buildID: 20220608170832, moz:geckodriverVersion: 0.31.0, moz:headless: false, moz:processID: 16292, moz:profile: C:\Users\ompre\AppData\Loca..., moz:shutdownTimeout: 60000, moz:useNonSpecCompliantPointerOrigin: false, moz:webdriverClick: true, pageLoadStrategy: normal, platform: WINDOWS, platformName: WINDOWS, platformVersion: 10.0, proxy: Proxy(), setWindowRect: true, strictFileInteractability: false, timeouts: {implicit: 0, pageLoad: 300000, script: 30000}, unhandledPromptBehavior: dismiss and notify}
Session ID: 3dd7d420-0207-49e3-8e45-913d5acafe0a
15:35:13 INFO  manager.MyListener - org.openqa.selenium.InvalidArgumentException: File not found: C:/Users/Olga/QA_12_IlCarro/QA_12_IlCarro/auto2.jpeg
Build info: version: '3.141.59', revision: 'e82be7d358', time: '2018-11-14T08:17:03'
System info: host: 'ARTEMKA', ip: '192.168.0.103', os.name: 'Windows 10', os.arch: 'amd64', os.version: '10.0', java.version: '1.8.0_333'
Driver info: org.openqa.selenium.firefox.FirefoxDriver
Capabilities {acceptInsecureCerts: true, browserName: firefox, browserVersion: 101.0.1, javascriptEnabled: true, moz:accessibilityChecks: false, moz:buildID: 20220608170832, moz:geckodriverVersion: 0.31.0, moz:headless: false, moz:processID: 16292, moz:profile: C:\Users\ompre\AppData\Loca..., moz:shutdownTimeout: 60000, moz:useNonSpecCompliantPointerOrigin: false, moz:webdriverClick: true, pageLoadStrategy: normal, platform: WINDOWS, platformName: WINDOWS, platformVersion: 10.0, proxy: Proxy(), setWindowRect: true, strictFileInteractability: false, timeouts: {implicit: 0, pageLoad: 300000, script: 30000}, unhandledPromptBehavior: dismiss and notify}
Session ID: 3dd7d420-0207-49e3-8e45-913d5acafe0a
15:35:13 INFO  tests.TestBase - Ends test---> carSearchSuccessDP
15:35:13 INFO  tests.TestBase - Starts test---> carSearchSuccessDP
15:35:13 INFO  tests.TestBase - Test starts with car details-->Car(location=Moscow, make=Japan, model=Toyota, year=2001, engine=1,3, fuel=Petrol, gear=MT, wD=AWD, doors=4, seats=5, clasS=M, fuelConsumption=9,5, registrationNum=10-15-132504, price=15, distance=120, features=New resin, about=Used but in good conditions)
15:35:13 INFO  manager.MyListener - Start search element by locator-->By.cssSelector: a[href='/let-car-work']
15:35:13 INFO  manager.MyListener - Element with locator-->By.cssSelector: a[href='/let-car-work'] was found
15:35:14 INFO  manager.MyListener - Start search element by locator-->By.id: pickUpPlace
15:35:14 INFO  manager.MyListener - Element with locator-->By.id: pickUpPlace was found
15:35:14 INFO  manager.MyListener - Start search element by locator-->By.cssSelector: div.pac-item
15:35:14 INFO  manager.MyListener - Element with locator-->By.cssSelector: div.pac-item was found
15:35:16 INFO  manager.MyListener - Start search element by locator-->By.cssSelector: input[id='make']
15:35:16 INFO  manager.MyListener - Element with locator-->By.cssSelector: input[id='make'] was found
15:35:16 INFO  manager.MyListener - Start search element by locator-->By.id: model
15:35:16 INFO  manager.MyListener - Element with locator-->By.id: model was found
15:35:17 INFO  manager.MyListener - Start search element by locator-->By.id: year
15:35:17 INFO  manager.MyListener - Element with locator-->By.id: year was found
15:35:17 INFO  manager.MyListener - Start search element by locator-->By.id: engine
15:35:17 INFO  manager.MyListener - Element with locator-->By.id: engine was found
15:35:17 INFO  manager.MyListener - Start search element by locator-->By.id: fuel
15:35:17 INFO  manager.MyListener - Element with locator-->By.id: fuel was found
15:35:17 INFO  manager.MyListener - Start search element by locator-->By.xpath: .//option[@value = "Petrol"]
15:35:17 INFO  manager.MyListener - Element with locator-->By.xpath: .//option[@value = "Petrol"] was found
15:35:17 INFO  manager.MyListener - Start search element by locator-->By.id: gear
15:35:17 INFO  manager.MyListener - Element with locator-->By.id: gear was found
15:35:17 INFO  manager.MyListener - Start search element by locator-->By.xpath: .//option[@value = "MT"]
15:35:17 INFO  manager.MyListener - Element with locator-->By.xpath: .//option[@value = "MT"] was found
15:35:17 INFO  manager.MyListener - Start search element by locator-->By.id: wheelsDrive
15:35:17 INFO  manager.MyListener - Element with locator-->By.id: wheelsDrive was found
15:35:17 INFO  manager.MyListener - Start search element by locator-->By.xpath: .//option[@value = "AWD"]
15:35:17 INFO  manager.MyListener - Element with locator-->By.xpath: .//option[@value = "AWD"] was found
15:35:17 INFO  manager.MyListener - Start search element by locator-->By.id: doors
15:35:17 INFO  manager.MyListener - Element with locator-->By.id: doors was found
15:35:18 INFO  manager.MyListener - Start search element by locator-->By.id: seats
15:35:18 INFO  manager.MyListener - Element with locator-->By.id: seats was found
15:35:18 INFO  manager.MyListener - Start search element by locator-->By.id: class
15:35:18 INFO  manager.MyListener - Element with locator-->By.id: class was found
15:35:18 INFO  manager.MyListener - Start search element by locator-->By.id: fuelConsumption
15:35:18 INFO  manager.MyListener - Element with locator-->By.id: fuelConsumption was found
15:35:18 INFO  manager.MyListener - Start search element by locator-->By.id: serialNumber
15:35:18 INFO  manager.MyListener - Element with locator-->By.id: serialNumber was found
15:35:19 INFO  manager.MyListener - Start search element by locator-->By.id: price
15:35:19 INFO  manager.MyListener - Element with locator-->By.id: price was found
15:35:19 INFO  manager.MyListener - Start search element by locator-->By.id: distance
15:35:19 INFO  manager.MyListener - Element with locator-->By.id: distance was found
15:35:22 INFO  manager.MyListener - Start search element by locator-->By.cssSelector: input.feature-input
15:35:22 INFO  manager.MyListener - Element with locator-->By.cssSelector: input.feature-input was found
15:35:23 INFO  manager.MyListener - Something went wrong: https://ilcarro-1578153671498.web.app/let-car-work
15:35:23 INFO  manager.MyListener - The element reference of <input class="feature-input" type="text"> is stale; either the element is no longer attached to the DOM, it is not in the current frame context, or the document has been refreshed
For documentation on this error, please visit: https://www.seleniumhq.org/exceptions/stale_element_reference.html
Build info: version: '3.141.59', revision: 'e82be7d358', time: '2018-11-14T08:17:03'
System info: host: 'ARTEMKA', ip: '192.168.0.103', os.name: 'Windows 10', os.arch: 'amd64', os.version: '10.0', java.version: '1.8.0_333'
Driver info: org.openqa.selenium.firefox.FirefoxDriver
Capabilities {acceptInsecureCerts: true, browserName: firefox, browserVersion: 101.0.1, javascriptEnabled: true, moz:accessibilityChecks: false, moz:buildID: 20220608170832, moz:geckodriverVersion: 0.31.0, moz:headless: false, moz:processID: 16292, moz:profile: C:\Users\ompre\AppData\Loca..., moz:shutdownTimeout: 60000, moz:useNonSpecCompliantPointerOrigin: false, moz:webdriverClick: true, pageLoadStrategy: normal, platform: WINDOWS, platformName: WINDOWS, platformVersion: 10.0, proxy: Proxy(), setWindowRect: true, strictFileInteractability: false, timeouts: {implicit: 0, pageLoad: 300000, script: 30000}, unhandledPromptBehavior: dismiss and notify}
Session ID: 3dd7d420-0207-49e3-8e45-913d5acafe0a
15:35:23 INFO  manager.MyListener - org.openqa.selenium.StaleElementReferenceException: The element reference of <input class="feature-input" type="text"> is stale; either the element is no longer attached to the DOM, it is not in the current frame context, or the document has been refreshed
For documentation on this error, please visit: https://www.seleniumhq.org/exceptions/stale_element_reference.html
Build info: version: '3.141.59', revision: 'e82be7d358', time: '2018-11-14T08:17:03'
System info: host: 'ARTEMKA', ip: '192.168.0.103', os.name: 'Windows 10', os.arch: 'amd64', os.version: '10.0', java.version: '1.8.0_333'
Driver info: org.openqa.selenium.firefox.FirefoxDriver
Capabilities {acceptInsecureCerts: true, browserName: firefox, browserVersion: 101.0.1, javascriptEnabled: true, moz:accessibilityChecks: false, moz:buildID: 20220608170832, moz:geckodriverVersion: 0.31.0, moz:headless: false, moz:processID: 16292, moz:profile: C:\Users\ompre\AppData\Loca..., moz:shutdownTimeout: 60000, moz:useNonSpecCompliantPointerOrigin: false, moz:webdriverClick: true, pageLoadStrategy: normal, platform: WINDOWS, platformName: WINDOWS, platformVersion: 10.0, proxy: Proxy(), setWindowRect: true, strictFileInteractability: false, timeouts: {implicit: 0, pageLoad: 300000, script: 30000}, unhandledPromptBehavior: dismiss and notify}
Session ID: 3dd7d420-0207-49e3-8e45-913d5acafe0a
15:35:23 INFO  tests.TestBase - Ends test---> carSearchSuccessDP
15:35:23 INFO  tests.TestBase - Starts test---> carSearchSuccessDP
15:35:23 INFO  tests.TestBase - Test starts with car details-->Car(location=Tokio, make=Japan, model=BMW, year=2001, engine=1,3, fuel=Petrol, gear=MT, wD=AWD, doors=4, seats=5, clasS=M, fuelConsumption=9,5, registrationNum=10-15-132514, price=20, distance=120, features=New resin, about=Used but in good conditions)
15:35:23 INFO  manager.MyListener - Start search element by locator-->By.cssSelector: a[href='/let-car-work']
15:35:23 INFO  manager.MyListener - Element with locator-->By.cssSelector: a[href='/let-car-work'] was found
15:35:23 INFO  manager.MyListener - Start search element by locator-->By.id: pickUpPlace
15:35:23 INFO  manager.MyListener - Element with locator-->By.id: pickUpPlace was found
15:35:24 INFO  manager.MyListener - Start search element by locator-->By.cssSelector: div.pac-item
15:35:24 INFO  manager.MyListener - Element with locator-->By.cssSelector: div.pac-item was found
15:35:25 INFO  manager.MyListener - Start search element by locator-->By.cssSelector: input[id='make']
15:35:25 INFO  manager.MyListener - Element with locator-->By.cssSelector: input[id='make'] was found
15:35:26 INFO  manager.MyListener - Start search element by locator-->By.id: model
15:35:26 INFO  manager.MyListener - Element with locator-->By.id: model was found
15:35:26 INFO  manager.MyListener - Start search element by locator-->By.id: year
15:35:26 INFO  manager.MyListener - Element with locator-->By.id: year was found
15:35:26 INFO  manager.MyListener - Start search element by locator-->By.id: engine
15:35:26 INFO  manager.MyListener - Element with locator-->By.id: engine was found
15:35:26 INFO  manager.MyListener - Start search element by locator-->By.id: fuel
15:35:26 INFO  manager.MyListener - Element with locator-->By.id: fuel was found
15:35:26 INFO  manager.MyListener - Start search element by locator-->By.xpath: .//option[@value = "Petrol"]
15:35:27 INFO  manager.MyListener - Element with locator-->By.xpath: .//option[@value = "Petrol"] was found
15:35:27 INFO  manager.MyListener - Start search element by locator-->By.id: gear
15:35:27 INFO  manager.MyListener - Element with locator-->By.id: gear was found
15:35:27 INFO  manager.MyListener - Start search element by locator-->By.xpath: .//option[@value = "MT"]
15:35:27 INFO  manager.MyListener - Element with locator-->By.xpath: .//option[@value = "MT"] was found
15:35:27 INFO  manager.MyListener - Start search element by locator-->By.id: wheelsDrive
15:35:27 INFO  manager.MyListener - Element with locator-->By.id: wheelsDrive was found
15:35:27 INFO  manager.MyListener - Start search element by locator-->By.xpath: .//option[@value = "AWD"]
15:35:27 INFO  manager.MyListener - Element with locator-->By.xpath: .//option[@value = "AWD"] was found
15:35:27 INFO  manager.MyListener - Start search element by locator-->By.id: doors
15:35:27 INFO  manager.MyListener - Element with locator-->By.id: doors was found
15:35:27 INFO  manager.MyListener - Start search element by locator-->By.id: seats
15:35:27 INFO  manager.MyListener - Element with locator-->By.id: seats was found
15:35:27 INFO  manager.MyListener - Start search element by locator-->By.id: class
15:35:27 INFO  manager.MyListener - Element with locator-->By.id: class was found
15:35:27 INFO  manager.MyListener - Start search element by locator-->By.id: fuelConsumption
15:35:27 INFO  manager.MyListener - Element with locator-->By.id: fuelConsumption was found
15:35:28 INFO  manager.MyListener - Start search element by locator-->By.id: serialNumber
15:35:28 INFO  manager.MyListener - Element with locator-->By.id: serialNumber was found
15:35:28 INFO  manager.MyListener - Start search element by locator-->By.id: price
15:35:28 INFO  manager.MyListener - Element with locator-->By.id: price was found
15:35:28 INFO  manager.MyListener - Start search element by locator-->By.id: distance
15:35:28 INFO  manager.MyListener - Element with locator-->By.id: distance was found
15:35:32 INFO  manager.MyListener - Start search element by locator-->By.cssSelector: input.feature-input
15:35:32 INFO  manager.MyListener - Element with locator-->By.cssSelector: input.feature-input was found
15:35:32 INFO  manager.MyListener - Start search element by locator-->By.id: about
15:35:32 INFO  manager.MyListener - Element with locator-->By.id: about was found
15:35:32 INFO  manager.MyListener - Start search element by locator-->By.id: photos
15:35:32 INFO  manager.MyListener - Element with locator-->By.id: photos was found
15:35:32 INFO  manager.MyListener - Something went wrong: https://ilcarro-1578153671498.web.app/let-car-work
15:35:32 INFO  manager.MyListener - File not found: C:/Users/Olga/QA_12_IlCarro/QA_12_IlCarro/auto2.jpeg
Build info: version: '3.141.59', revision: 'e82be7d358', time: '2018-11-14T08:17:03'
System info: host: 'ARTEMKA', ip: '192.168.0.103', os.name: 'Windows 10', os.arch: 'amd64', os.version: '10.0', java.version: '1.8.0_333'
Driver info: org.openqa.selenium.firefox.FirefoxDriver
Capabilities {acceptInsecureCerts: true, browserName: firefox, browserVersion: 101.0.1, javascriptEnabled: true, moz:accessibilityChecks: false, moz:buildID: 20220608170832, moz:geckodriverVersion: 0.31.0, moz:headless: false, moz:processID: 16292, moz:profile: C:\Users\ompre\AppData\Loca..., moz:shutdownTimeout: 60000, moz:useNonSpecCompliantPointerOrigin: false, moz:webdriverClick: true, pageLoadStrategy: normal, platform: WINDOWS, platformName: WINDOWS, platformVersion: 10.0, proxy: Proxy(), setWindowRect: true, strictFileInteractability: false, timeouts: {implicit: 0, pageLoad: 300000, script: 30000}, unhandledPromptBehavior: dismiss and notify}
Session ID: 3dd7d420-0207-49e3-8e45-913d5acafe0a
15:35:32 INFO  manager.MyListener - org.openqa.selenium.InvalidArgumentException: File not found: C:/Users/Olga/QA_12_IlCarro/QA_12_IlCarro/auto2.jpeg
Build info: version: '3.141.59', revision: 'e82be7d358', time: '2018-11-14T08:17:03'
System info: host: 'ARTEMKA', ip: '192.168.0.103', os.name: 'Windows 10', os.arch: 'amd64', os.version: '10.0', java.version: '1.8.0_333'
Driver info: org.openqa.selenium.firefox.FirefoxDriver
Capabilities {acceptInsecureCerts: true, browserName: firefox, browserVersion: 101.0.1, javascriptEnabled: true, moz:accessibilityChecks: false, moz:buildID: 20220608170832, moz:geckodriverVersion: 0.31.0, moz:headless: false, moz:processID: 16292, moz:profile: C:\Users\ompre\AppData\Loca..., moz:shutdownTimeout: 60000, moz:useNonSpecCompliantPointerOrigin: false, moz:webdriverClick: true, pageLoadStrategy: normal, platform: WINDOWS, platformName: WINDOWS, platformVersion: 10.0, proxy: Proxy(), setWindowRect: true, strictFileInteractability: false, timeouts: {implicit: 0, pageLoad: 300000, script: 30000}, unhandledPromptBehavior: dismiss and notify}
Session ID: 3dd7d420-0207-49e3-8e45-913d5acafe0a
15:35:32 INFO  tests.TestBase - Ends test---> carSearchSuccessDP
15:35:32 INFO  tests.TestBase - Starts test---> carSearchSuccessDP
15:35:32 INFO  tests.TestBase - Test starts with car details-->Car(location=Haifa, make=Japan, model=Deep, year=2001, engine=1,3, fuel=Petrol, gear=MT, wD=AWD, doors=4, seats=5, clasS=M, fuelConsumption=9,5, registrationNum=10-15-132523, price=25, distance=120, features=New resin, about=Used but in good conditions)
15:35:32 INFO  manager.MyListener - Start search element by locator-->By.cssSelector: a[href='/let-car-work']
15:35:32 INFO  manager.MyListener - Element with locator-->By.cssSelector: a[href='/let-car-work'] was found
15:35:32 INFO  manager.MyListener - Start search element by locator-->By.id: pickUpPlace
15:35:32 INFO  manager.MyListener - Element with locator-->By.id: pickUpPlace was found
15:35:33 INFO  manager.MyListener - Start search element by locator-->By.cssSelector: div.pac-item
15:35:33 INFO  manager.MyListener - Element with locator-->By.cssSelector: div.pac-item was found
15:35:35 INFO  manager.MyListener - Start search element by locator-->By.cssSelector: input[id='make']
15:35:35 INFO  manager.MyListener - Element with locator-->By.cssSelector: input[id='make'] was found
15:35:35 INFO  manager.MyListener - Start search element by locator-->By.id: model
15:35:35 INFO  manager.MyListener - Element with locator-->By.id: model was found
15:35:36 INFO  manager.MyListener - Start search element by locator-->By.id: year
15:35:36 INFO  manager.MyListener - Element with locator-->By.id: year was found
15:35:36 INFO  manager.MyListener - Start search element by locator-->By.id: engine
15:35:36 INFO  manager.MyListener - Element with locator-->By.id: engine was found
15:35:36 INFO  manager.MyListener - Start search element by locator-->By.id: fuel
15:35:36 INFO  manager.MyListener - Element with locator-->By.id: fuel was found
15:35:36 INFO  manager.MyListener - Start search element by locator-->By.xpath: .//option[@value = "Petrol"]
15:35:36 INFO  manager.MyListener - Element with locator-->By.xpath: .//option[@value = "Petrol"] was found
15:35:36 INFO  manager.MyListener - Start search element by locator-->By.id: gear
15:35:36 INFO  manager.MyListener - Element with locator-->By.id: gear was found
15:35:36 INFO  manager.MyListener - Start search element by locator-->By.xpath: .//option[@value = "MT"]
15:35:36 INFO  manager.MyListener - Element with locator-->By.xpath: .//option[@value = "MT"] was found
15:35:36 INFO  manager.MyListener - Start search element by locator-->By.id: wheelsDrive
15:35:36 INFO  manager.MyListener - Element with locator-->By.id: wheelsDrive was found
15:35:36 INFO  manager.MyListener - Start search element by locator-->By.xpath: .//option[@value = "AWD"]
15:35:36 INFO  manager.MyListener - Element with locator-->By.xpath: .//option[@value = "AWD"] was found
15:35:36 INFO  manager.MyListener - Start search element by locator-->By.id: doors
15:35:36 INFO  manager.MyListener - Element with locator-->By.id: doors was found
15:35:36 INFO  manager.MyListener - Start search element by locator-->By.id: seats
15:35:36 INFO  manager.MyListener - Element with locator-->By.id: seats was found
15:35:37 INFO  manager.MyListener - Start search element by locator-->By.id: class
15:35:37 INFO  manager.MyListener - Element with locator-->By.id: class was found
15:35:37 INFO  manager.MyListener - Start search element by locator-->By.id: fuelConsumption
15:35:37 INFO  manager.MyListener - Element with locator-->By.id: fuelConsumption was found
15:35:37 INFO  manager.MyListener - Start search element by locator-->By.id: serialNumber
15:35:37 INFO  manager.MyListener - Element with locator-->By.id: serialNumber was found
15:35:38 INFO  manager.MyListener - Start search element by locator-->By.id: price
15:35:38 INFO  manager.MyListener - Element with locator-->By.id: price was found
15:35:38 INFO  manager.MyListener - Start search element by locator-->By.id: distance
15:35:38 INFO  manager.MyListener - Element with locator-->By.id: distance was found
15:35:41 INFO  manager.MyListener - Start search element by locator-->By.cssSelector: input.feature-input
15:35:41 INFO  manager.MyListener - Element with locator-->By.cssSelector: input.feature-input was found
15:35:41 INFO  manager.MyListener - Something went wrong: https://ilcarro-1578153671498.web.app/let-car-work
15:35:41 INFO  manager.MyListener - The element reference of <input class="feature-input" type="text"> is stale; either the element is no longer attached to the DOM, it is not in the current frame context, or the document has been refreshed
For documentation on this error, please visit: https://www.seleniumhq.org/exceptions/stale_element_reference.html
Build info: version: '3.141.59', revision: 'e82be7d358', time: '2018-11-14T08:17:03'
System info: host: 'ARTEMKA', ip: '192.168.0.103', os.name: 'Windows 10', os.arch: 'amd64', os.version: '10.0', java.version: '1.8.0_333'
Driver info: org.openqa.selenium.firefox.FirefoxDriver
Capabilities {acceptInsecureCerts: true, browserName: firefox, browserVersion: 101.0.1, javascriptEnabled: true, moz:accessibilityChecks: false, moz:buildID: 20220608170832, moz:geckodriverVersion: 0.31.0, moz:headless: false, moz:processID: 16292, moz:profile: C:\Users\ompre\AppData\Loca..., moz:shutdownTimeout: 60000, moz:useNonSpecCompliantPointerOrigin: false, moz:webdriverClick: true, pageLoadStrategy: normal, platform: WINDOWS, platformName: WINDOWS, platformVersion: 10.0, proxy: Proxy(), setWindowRect: true, strictFileInteractability: false, timeouts: {implicit: 0, pageLoad: 300000, script: 30000}, unhandledPromptBehavior: dismiss and notify}
Session ID: 3dd7d420-0207-49e3-8e45-913d5acafe0a
15:35:41 INFO  manager.MyListener - org.openqa.selenium.StaleElementReferenceException: The element reference of <input class="feature-input" type="text"> is stale; either the element is no longer attached to the DOM, it is not in the current frame context, or the document has been refreshed
For documentation on this error, please visit: https://www.seleniumhq.org/exceptions/stale_element_reference.html
Build info: version: '3.141.59', revision: 'e82be7d358', time: '2018-11-14T08:17:03'
System info: host: 'ARTEMKA', ip: '192.168.0.103', os.name: 'Windows 10', os.arch: 'amd64', os.version: '10.0', java.version: '1.8.0_333'
Driver info: org.openqa.selenium.firefox.FirefoxDriver
Capabilities {acceptInsecureCerts: true, browserName: firefox, browserVersion: 101.0.1, javascriptEnabled: true, moz:accessibilityChecks: false, moz:buildID: 20220608170832, moz:geckodriverVersion: 0.31.0, moz:headless: false, moz:processID: 16292, moz:profile: C:\Users\ompre\AppData\Loca..., moz:shutdownTimeout: 60000, moz:useNonSpecCompliantPointerOrigin: false, moz:webdriverClick: true, pageLoadStrategy: normal, platform: WINDOWS, platformName: WINDOWS, platformVersion: 10.0, proxy: Proxy(), setWindowRect: true, strictFileInteractability: false, timeouts: {implicit: 0, pageLoad: 300000, script: 30000}, unhandledPromptBehavior: dismiss and notify}
Session ID: 3dd7d420-0207-49e3-8e45-913d5acafe0a
15:35:41 INFO  tests.TestBase - Ends test---> carSearchSuccessDP
15:35:41 INFO  tests.TestBase - Starts test---> carSearchSuccessDP
15:35:41 INFO  tests.TestBase - Test starts with car details-->Car(location=London, make=Japan, model=lada, year=2001, engine=1,3, fuel=Petrol, gear=MT, wD=AWD, doors=4, seats=5, clasS=M, fuelConsumption=9,5, registrationNum=10-15-132532, price=30, distance=120, features=New resin, about=Used but in good conditions)
15:35:41 INFO  manager.MyListener - Start search element by locator-->By.cssSelector: a[href='/let-car-work']
15:35:41 INFO  manager.MyListener - Element with locator-->By.cssSelector: a[href='/let-car-work'] was found
15:35:42 INFO  manager.MyListener - Start search element by locator-->By.id: pickUpPlace
15:35:42 INFO  manager.MyListener - Element with locator-->By.id: pickUpPlace was found
15:35:42 INFO  manager.MyListener - Start search element by locator-->By.cssSelector: div.pac-item
15:35:42 INFO  manager.MyListener - Element with locator-->By.cssSelector: div.pac-item was found
15:35:44 INFO  manager.MyListener - Start search element by locator-->By.cssSelector: input[id='make']
15:35:44 INFO  manager.MyListener - Element with locator-->By.cssSelector: input[id='make'] was found
15:35:44 INFO  manager.MyListener - Start search element by locator-->By.id: model
15:35:44 INFO  manager.MyListener - Element with locator-->By.id: model was found
15:35:45 INFO  manager.MyListener - Start search element by locator-->By.id: year
15:35:45 INFO  manager.MyListener - Element with locator-->By.id: year was found
15:35:45 INFO  manager.MyListener - Start search element by locator-->By.id: engine
15:35:45 INFO  manager.MyListener - Element with locator-->By.id: engine was found
15:35:45 INFO  manager.MyListener - Start search element by locator-->By.id: fuel
15:35:45 INFO  manager.MyListener - Element with locator-->By.id: fuel was found
15:35:45 INFO  manager.MyListener - Start search element by locator-->By.xpath: .//option[@value = "Petrol"]
15:35:45 INFO  manager.MyListener - Element with locator-->By.xpath: .//option[@value = "Petrol"] was found
15:35:45 INFO  manager.MyListener - Start search element by locator-->By.id: gear
15:35:45 INFO  manager.MyListener - Element with locator-->By.id: gear was found
15:35:45 INFO  manager.MyListener - Start search element by locator-->By.xpath: .//option[@value = "MT"]
15:35:45 INFO  manager.MyListener - Element with locator-->By.xpath: .//option[@value = "MT"] was found
15:35:45 INFO  manager.MyListener - Start search element by locator-->By.id: wheelsDrive
15:35:45 INFO  manager.MyListener - Element with locator-->By.id: wheelsDrive was found
15:35:45 INFO  manager.MyListener - Start search element by locator-->By.xpath: .//option[@value = "AWD"]
15:35:45 INFO  manager.MyListener - Element with locator-->By.xpath: .//option[@value = "AWD"] was found
15:35:45 INFO  manager.MyListener - Start search element by locator-->By.id: doors
15:35:45 INFO  manager.MyListener - Element with locator-->By.id: doors was found
15:35:46 INFO  manager.MyListener - Start search element by locator-->By.id: seats
15:35:46 INFO  manager.MyListener - Element with locator-->By.id: seats was found
15:35:46 INFO  manager.MyListener - Start search element by locator-->By.id: class
15:35:46 INFO  manager.MyListener - Element with locator-->By.id: class was found
15:35:46 INFO  manager.MyListener - Start search element by locator-->By.id: fuelConsumption
15:35:46 INFO  manager.MyListener - Element with locator-->By.id: fuelConsumption was found
15:35:47 INFO  manager.MyListener - Start search element by locator-->By.id: serialNumber
15:35:47 INFO  manager.MyListener - Element with locator-->By.id: serialNumber was found
15:35:47 INFO  manager.MyListener - Start search element by locator-->By.id: price
15:35:47 INFO  manager.MyListener - Element with locator-->By.id: price was found
15:35:47 INFO  manager.MyListener - Start search element by locator-->By.id: distance
15:35:47 INFO  manager.MyListener - Element with locator-->By.id: distance was found
15:35:50 INFO  manager.MyListener - Start search element by locator-->By.cssSelector: input.feature-input
15:35:51 INFO  manager.MyListener - Element with locator-->By.cssSelector: input.feature-input was found
15:35:51 INFO  manager.MyListener - Start search element by locator-->By.id: about
15:35:51 INFO  manager.MyListener - Element with locator-->By.id: about was found
15:35:51 INFO  manager.MyListener - Start search element by locator-->By.id: photos
15:35:51 INFO  manager.MyListener - Element with locator-->By.id: photos was found
15:35:51 INFO  manager.MyListener - Something went wrong: https://ilcarro-1578153671498.web.app/let-car-work
15:35:51 INFO  manager.MyListener - File not found: C:/Users/Olga/QA_12_IlCarro/QA_12_IlCarro/auto2.jpeg
Build info: version: '3.141.59', revision: 'e82be7d358', time: '2018-11-14T08:17:03'
System info: host: 'ARTEMKA', ip: '192.168.0.103', os.name: 'Windows 10', os.arch: 'amd64', os.version: '10.0', java.version: '1.8.0_333'
Driver info: org.openqa.selenium.firefox.FirefoxDriver
Capabilities {acceptInsecureCerts: true, browserName: firefox, browserVersion: 101.0.1, javascriptEnabled: true, moz:accessibilityChecks: false, moz:buildID: 20220608170832, moz:geckodriverVersion: 0.31.0, moz:headless: false, moz:processID: 16292, moz:profile: C:\Users\ompre\AppData\Loca..., moz:shutdownTimeout: 60000, moz:useNonSpecCompliantPointerOrigin: false, moz:webdriverClick: true, pageLoadStrategy: normal, platform: WINDOWS, platformName: WINDOWS, platformVersion: 10.0, proxy: Proxy(), setWindowRect: true, strictFileInteractability: false, timeouts: {implicit: 0, pageLoad: 300000, script: 30000}, unhandledPromptBehavior: dismiss and notify}
Session ID: 3dd7d420-0207-49e3-8e45-913d5acafe0a
15:35:51 INFO  manager.MyListener - org.openqa.selenium.InvalidArgumentException: File not found: C:/Users/Olga/QA_12_IlCarro/QA_12_IlCarro/auto2.jpeg
Build info: version: '3.141.59', revision: 'e82be7d358', time: '2018-11-14T08:17:03'
System info: host: 'ARTEMKA', ip: '192.168.0.103', os.name: 'Windows 10', os.arch: 'amd64', os.version: '10.0', java.version: '1.8.0_333'
Driver info: org.openqa.selenium.firefox.FirefoxDriver
Capabilities {acceptInsecureCerts: true, browserName: firefox, browserVersion: 101.0.1, javascriptEnabled: true, moz:accessibilityChecks: false, moz:buildID: 20220608170832, moz:geckodriverVersion: 0.31.0, moz:headless: false, moz:processID: 16292, moz:profile: C:\Users\ompre\AppData\Loca..., moz:shutdownTimeout: 60000, moz:useNonSpecCompliantPointerOrigin: false, moz:webdriverClick: true, pageLoadStrategy: normal, platform: WINDOWS, platformName: WINDOWS, platformVersion: 10.0, proxy: Proxy(), setWindowRect: true, strictFileInteractability: false, timeouts: {implicit: 0, pageLoad: 300000, script: 30000}, unhandledPromptBehavior: dismiss and notify}
Session ID: 3dd7d420-0207-49e3-8e45-913d5acafe0a
15:35:51 INFO  tests.TestBase - Ends test---> carSearchSuccessDP
15:35:51 INFO  tests.TestBase - Starts test---> carSearchSuccessDP
15:35:51 INFO  tests.TestBase - Test starts with car details-->Car(location=New York, make=Japan, model=Honda, year=2001, engine=1,3, fuel=Petrol, gear=MT, wD=AWD, doors=4, seats=5, clasS=M, fuelConsumption=9,5, registrationNum=10-15-132542, price=35, distance=120, features=New resin, about=Used but in good conditions)
15:35:51 INFO  manager.MyListener - Start search element by locator-->By.cssSelector: a[href='/let-car-work']
15:35:51 INFO  manager.MyListener - Element with locator-->By.cssSelector: a[href='/let-car-work'] was found
15:35:51 INFO  manager.MyListener - Start search element by locator-->By.id: pickUpPlace
15:35:51 INFO  manager.MyListener - Element with locator-->By.id: pickUpPlace was found
15:35:52 INFO  manager.MyListener - Start search element by locator-->By.cssSelector: div.pac-item
15:35:52 INFO  manager.MyListener - Element with locator-->By.cssSelector: div.pac-item was found
15:35:54 INFO  manager.MyListener - Start search element by locator-->By.cssSelector: input[id='make']
15:35:54 INFO  manager.MyListener - Element with locator-->By.cssSelector: input[id='make'] was found
15:35:54 INFO  manager.MyListener - Start search element by locator-->By.id: model
15:35:54 INFO  manager.MyListener - Element with locator-->By.id: model was found
15:35:55 INFO  manager.MyListener - Start search element by locator-->By.id: year
15:35:55 INFO  manager.MyListener - Element with locator-->By.id: year was found
15:35:55 INFO  manager.MyListener - Start search element by locator-->By.id: engine
15:35:55 INFO  manager.MyListener - Element with locator-->By.id: engine was found
15:35:55 INFO  manager.MyListener - Start search element by locator-->By.id: fuel
15:35:55 INFO  manager.MyListener - Element with locator-->By.id: fuel was found
15:35:55 INFO  manager.MyListener - Start search element by locator-->By.xpath: .//option[@value = "Petrol"]
15:35:55 INFO  manager.MyListener - Element with locator-->By.xpath: .//option[@value = "Petrol"] was found
15:35:55 INFO  manager.MyListener - Start search element by locator-->By.id: gear
15:35:55 INFO  manager.MyListener - Element with locator-->By.id: gear was found
15:35:55 INFO  manager.MyListener - Start search element by locator-->By.xpath: .//option[@value = "MT"]
15:35:55 INFO  manager.MyListener - Element with locator-->By.xpath: .//option[@value = "MT"] was found
15:35:55 INFO  manager.MyListener - Start search element by locator-->By.id: wheelsDrive
15:35:55 INFO  manager.MyListener - Element with locator-->By.id: wheelsDrive was found
15:35:55 INFO  manager.MyListener - Start search element by locator-->By.xpath: .//option[@value = "AWD"]
15:35:55 INFO  manager.MyListener - Element with locator-->By.xpath: .//option[@value = "AWD"] was found
15:35:55 INFO  manager.MyListener - Start search element by locator-->By.id: doors
15:35:55 INFO  manager.MyListener - Element with locator-->By.id: doors was found
15:35:55 INFO  manager.MyListener - Start search element by locator-->By.id: seats
15:35:55 INFO  manager.MyListener - Element with locator-->By.id: seats was found
15:35:56 INFO  manager.MyListener - Start search element by locator-->By.id: class
15:35:56 INFO  manager.MyListener - Element with locator-->By.id: class was found
15:35:56 INFO  manager.MyListener - Start search element by locator-->By.id: fuelConsumption
15:35:56 INFO  manager.MyListener - Element with locator-->By.id: fuelConsumption was found
15:35:56 INFO  manager.MyListener - Start search element by locator-->By.id: serialNumber
15:35:56 INFO  manager.MyListener - Element with locator-->By.id: serialNumber was found
15:35:57 INFO  manager.MyListener - Start search element by locator-->By.id: price
15:35:57 INFO  manager.MyListener - Element with locator-->By.id: price was found
15:35:57 INFO  manager.MyListener - Start search element by locator-->By.id: distance
15:35:57 INFO  manager.MyListener - Element with locator-->By.id: distance was found
15:36:00 INFO  manager.MyListener - Start search element by locator-->By.cssSelector: input.feature-input
15:36:00 INFO  manager.MyListener - Element with locator-->By.cssSelector: input.feature-input was found
15:36:00 INFO  manager.MyListener - Something went wrong: https://ilcarro-1578153671498.web.app/let-car-work
15:36:00 INFO  manager.MyListener - The element reference of <input class="feature-input" type="text"> is stale; either the element is no longer attached to the DOM, it is not in the current frame context, or the document has been refreshed
For documentation on this error, please visit: https://www.seleniumhq.org/exceptions/stale_element_reference.html
Build info: version: '3.141.59', revision: 'e82be7d358', time: '2018-11-14T08:17:03'
System info: host: 'ARTEMKA', ip: '192.168.0.103', os.name: 'Windows 10', os.arch: 'amd64', os.version: '10.0', java.version: '1.8.0_333'
Driver info: org.openqa.selenium.firefox.FirefoxDriver
Capabilities {acceptInsecureCerts: true, browserName: firefox, browserVersion: 101.0.1, javascriptEnabled: true, moz:accessibilityChecks: false, moz:buildID: 20220608170832, moz:geckodriverVersion: 0.31.0, moz:headless: false, moz:processID: 16292, moz:profile: C:\Users\ompre\AppData\Loca..., moz:shutdownTimeout: 60000, moz:useNonSpecCompliantPointerOrigin: false, moz:webdriverClick: true, pageLoadStrategy: normal, platform: WINDOWS, platformName: WINDOWS, platformVersion: 10.0, proxy: Proxy(), setWindowRect: true, strictFileInteractability: false, timeouts: {implicit: 0, pageLoad: 300000, script: 30000}, unhandledPromptBehavior: dismiss and notify}
Session ID: 3dd7d420-0207-49e3-8e45-913d5acafe0a
15:36:00 INFO  manager.MyListener - org.openqa.selenium.StaleElementReferenceException: The element reference of <input class="feature-input" type="text"> is stale; either the element is no longer attached to the DOM, it is not in the current frame context, or the document has been refreshed
For documentation on this error, please visit: https://www.seleniumhq.org/exceptions/stale_element_reference.html
Build info: version: '3.141.59', revision: 'e82be7d358', time: '2018-11-14T08:17:03'
System info: host: 'ARTEMKA', ip: '192.168.0.103', os.name: 'Windows 10', os.arch: 'amd64', os.version: '10.0', java.version: '1.8.0_333'
Driver info: org.openqa.selenium.firefox.FirefoxDriver
Capabilities {acceptInsecureCerts: true, browserName: firefox, browserVersion: 101.0.1, javascriptEnabled: true, moz:accessibilityChecks: false, moz:buildID: 20220608170832, moz:geckodriverVersion: 0.31.0, moz:headless: false, moz:processID: 16292, moz:profile: C:\Users\ompre\AppData\Loca..., moz:shutdownTimeout: 60000, moz:useNonSpecCompliantPointerOrigin: false, moz:webdriverClick: true, pageLoadStrategy: normal, platform: WINDOWS, platformName: WINDOWS, platformVersion: 10.0, proxy: Proxy(), setWindowRect: true, strictFileInteractability: false, timeouts: {implicit: 0, pageLoad: 300000, script: 30000}, unhandledPromptBehavior: dismiss and notify}
Session ID: 3dd7d420-0207-49e3-8e45-913d5acafe0a
15:36:00 INFO  tests.TestBase - Ends test---> carSearchSuccessDP
15:36:00 INFO  tests.TestBase - Starts test---> carSearchSuccessDP
15:36:00 INFO  tests.TestBase - Test starts with car details-->Car(location=Samara, make=Japan, model=Porche, year=2001, engine=1,3, fuel=Petrol, gear=MT, wD=AWD, doors=4, seats=5, clasS=M, fuelConsumption=9,5, registrationNum=10-15-132551, price=40, distance=120, features=New resin, about=Used but in good conditions)
15:36:00 INFO  manager.MyListener - Start search element by locator-->By.cssSelector: a[href='/let-car-work']
15:36:00 INFO  manager.MyListener - Element with locator-->By.cssSelector: a[href='/let-car-work'] was found
15:36:01 INFO  manager.MyListener - Start search element by locator-->By.id: pickUpPlace
15:36:01 INFO  manager.MyListener - Element with locator-->By.id: pickUpPlace was found
15:36:01 INFO  manager.MyListener - Start search element by locator-->By.cssSelector: div.pac-item
15:36:01 INFO  manager.MyListener - Element with locator-->By.cssSelector: div.pac-item was found
15:36:03 INFO  manager.MyListener - Start search element by locator-->By.cssSelector: input[id='make']
15:36:03 INFO  manager.MyListener - Element with locator-->By.cssSelector: input[id='make'] was found
15:36:03 INFO  manager.MyListener - Start search element by locator-->By.id: model
15:36:03 INFO  manager.MyListener - Element with locator-->By.id: model was found
15:36:04 INFO  manager.MyListener - Start search element by locator-->By.id: year
15:36:04 INFO  manager.MyListener - Element with locator-->By.id: year was found
15:36:04 INFO  manager.MyListener - Start search element by locator-->By.id: engine
15:36:04 INFO  manager.MyListener - Element with locator-->By.id: engine was found
15:36:04 INFO  manager.MyListener - Start search element by locator-->By.id: fuel
15:36:04 INFO  manager.MyListener - Element with locator-->By.id: fuel was found
15:36:04 INFO  manager.MyListener - Start search element by locator-->By.xpath: .//option[@value = "Petrol"]
15:36:04 INFO  manager.MyListener - Element with locator-->By.xpath: .//option[@value = "Petrol"] was found
15:36:04 INFO  manager.MyListener - Start search element by locator-->By.id: gear
15:36:04 INFO  manager.MyListener - Element with locator-->By.id: gear was found
15:36:04 INFO  manager.MyListener - Start search element by locator-->By.xpath: .//option[@value = "MT"]
15:36:04 INFO  manager.MyListener - Element with locator-->By.xpath: .//option[@value = "MT"] was found
15:36:04 INFO  manager.MyListener - Start search element by locator-->By.id: wheelsDrive
15:36:04 INFO  manager.MyListener - Element with locator-->By.id: wheelsDrive was found
15:36:04 INFO  manager.MyListener - Start search element by locator-->By.xpath: .//option[@value = "AWD"]
15:36:04 INFO  manager.MyListener - Element with locator-->By.xpath: .//option[@value = "AWD"] was found
15:36:04 INFO  manager.MyListener - Start search element by locator-->By.id: doors
15:36:04 INFO  manager.MyListener - Element with locator-->By.id: doors was found
15:36:05 INFO  manager.MyListener - Start search element by locator-->By.id: seats
15:36:05 INFO  manager.MyListener - Element with locator-->By.id: seats was found
15:36:05 INFO  manager.MyListener - Start search element by locator-->By.id: class
15:36:05 INFO  manager.MyListener - Element with locator-->By.id: class was found
15:36:05 INFO  manager.MyListener - Start search element by locator-->By.id: fuelConsumption
15:36:05 INFO  manager.MyListener - Element with locator-->By.id: fuelConsumption was found
15:36:05 INFO  manager.MyListener - Start search element by locator-->By.id: serialNumber
15:36:05 INFO  manager.MyListener - Element with locator-->By.id: serialNumber was found
15:36:06 INFO  manager.MyListener - Start search element by locator-->By.id: price
15:36:06 INFO  manager.MyListener - Element with locator-->By.id: price was found
15:36:06 INFO  manager.MyListener - Start search element by locator-->By.id: distance
15:36:06 INFO  manager.MyListener - Element with locator-->By.id: distance was found
15:36:09 INFO  manager.MyListener - Start search element by locator-->By.cssSelector: input.feature-input
15:36:09 INFO  manager.MyListener - Element with locator-->By.cssSelector: input.feature-input was found
15:36:10 INFO  manager.MyListener - Start search element by locator-->By.id: about
15:36:10 INFO  manager.MyListener - Element with locator-->By.id: about was found
15:36:10 INFO  manager.MyListener - Start search element by locator-->By.id: photos
15:36:10 INFO  manager.MyListener - Element with locator-->By.id: photos was found
15:36:10 INFO  manager.MyListener - Something went wrong: https://ilcarro-1578153671498.web.app/let-car-work
15:36:10 INFO  manager.MyListener - File not found: C:/Users/Olga/QA_12_IlCarro/QA_12_IlCarro/auto2.jpeg
Build info: version: '3.141.59', revision: 'e82be7d358', time: '2018-11-14T08:17:03'
System info: host: 'ARTEMKA', ip: '192.168.0.103', os.name: 'Windows 10', os.arch: 'amd64', os.version: '10.0', java.version: '1.8.0_333'
Driver info: org.openqa.selenium.firefox.FirefoxDriver
Capabilities {acceptInsecureCerts: true, browserName: firefox, browserVersion: 101.0.1, javascriptEnabled: true, moz:accessibilityChecks: false, moz:buildID: 20220608170832, moz:geckodriverVersion: 0.31.0, moz:headless: false, moz:processID: 16292, moz:profile: C:\Users\ompre\AppData\Loca..., moz:shutdownTimeout: 60000, moz:useNonSpecCompliantPointerOrigin: false, moz:webdriverClick: true, pageLoadStrategy: normal, platform: WINDOWS, platformName: WINDOWS, platformVersion: 10.0, proxy: Proxy(), setWindowRect: true, strictFileInteractability: false, timeouts: {implicit: 0, pageLoad: 300000, script: 30000}, unhandledPromptBehavior: dismiss and notify}
Session ID: 3dd7d420-0207-49e3-8e45-913d5acafe0a
15:36:10 INFO  manager.MyListener - org.openqa.selenium.InvalidArgumentException: File not found: C:/Users/Olga/QA_12_IlCarro/QA_12_IlCarro/auto2.jpeg
Build info: version: '3.141.59', revision: 'e82be7d358', time: '2018-11-14T08:17:03'
System info: host: 'ARTEMKA', ip: '192.168.0.103', os.name: 'Windows 10', os.arch: 'amd64', os.version: '10.0', java.version: '1.8.0_333'
Driver info: org.openqa.selenium.firefox.FirefoxDriver
Capabilities {acceptInsecureCerts: true, browserName: firefox, browserVersion: 101.0.1, javascriptEnabled: true, moz:accessibilityChecks: false, moz:buildID: 20220608170832, moz:geckodriverVersion: 0.31.0, moz:headless: false, moz:processID: 16292, moz:profile: C:\Users\ompre\AppData\Loca..., moz:shutdownTimeout: 60000, moz:useNonSpecCompliantPointerOrigin: false, moz:webdriverClick: true, pageLoadStrategy: normal, platform: WINDOWS, platformName: WINDOWS, platformVersion: 10.0, proxy: Proxy(), setWindowRect: true, strictFileInteractability: false, timeouts: {implicit: 0, pageLoad: 300000, script: 30000}, unhandledPromptBehavior: dismiss and notify}
Session ID: 3dd7d420-0207-49e3-8e45-913d5acafe0a
15:36:10 INFO  tests.TestBase - Ends test---> carSearchSuccessDP
15:36:10 INFO  tests.TestBase - Starts test---> carSearchSuccessDP
15:36:10 INFO  tests.TestBase - Test starts with car details-->Car(location=Miami, make=Japan, model=Mercedes, year=2001, engine=1,3, fuel=Petrol, gear=MT, wD=AWD, doors=4, seats=5, clasS=M, fuelConsumption=9,5, registrationNum=10-15-132561, price=45, distance=120, features=New resin, about=Used but in good conditions)
15:36:10 INFO  manager.MyListener - Start search element by locator-->By.cssSelector: a[href='/let-car-work']
15:36:10 INFO  manager.MyListener - Element with locator-->By.cssSelector: a[href='/let-car-work'] was found
15:36:10 INFO  manager.MyListener - Start search element by locator-->By.id: pickUpPlace
15:36:10 INFO  manager.MyListener - Element with locator-->By.id: pickUpPlace was found
15:36:11 INFO  manager.MyListener - Start search element by locator-->By.cssSelector: div.pac-item
15:36:11 INFO  manager.MyListener - Element with locator-->By.cssSelector: div.pac-item was found
15:36:13 INFO  manager.MyListener - Start search element by locator-->By.cssSelector: input[id='make']
15:36:13 INFO  manager.MyListener - Element with locator-->By.cssSelector: input[id='make'] was found
15:36:13 INFO  manager.MyListener - Start search element by locator-->By.id: model
15:36:13 INFO  manager.MyListener - Element with locator-->By.id: model was found
15:36:13 INFO  manager.MyListener - Start search element by locator-->By.id: year
15:36:13 INFO  manager.MyListener - Element with locator-->By.id: year was found
15:36:14 INFO  manager.MyListener - Start search element by locator-->By.id: engine
15:36:14 INFO  manager.MyListener - Element with locator-->By.id: engine was found
15:36:14 INFO  manager.MyListener - Start search element by locator-->By.id: fuel
15:36:14 INFO  manager.MyListener - Element with locator-->By.id: fuel was found
15:36:14 INFO  manager.MyListener - Start search element by locator-->By.xpath: .//option[@value = "Petrol"]
15:36:14 INFO  manager.MyListener - Element with locator-->By.xpath: .//option[@value = "Petrol"] was found
15:36:14 INFO  manager.MyListener - Start search element by locator-->By.id: gear
15:36:14 INFO  manager.MyListener - Element with locator-->By.id: gear was found
15:36:14 INFO  manager.MyListener - Start search element by locator-->By.xpath: .//option[@value = "MT"]
15:36:14 INFO  manager.MyListener - Element with locator-->By.xpath: .//option[@value = "MT"] was found
15:36:14 INFO  manager.MyListener - Start search element by locator-->By.id: wheelsDrive
15:36:14 INFO  manager.MyListener - Element with locator-->By.id: wheelsDrive was found
15:36:14 INFO  manager.MyListener - Start search element by locator-->By.xpath: .//option[@value = "AWD"]
15:36:14 INFO  manager.MyListener - Element with locator-->By.xpath: .//option[@value = "AWD"] was found
15:36:14 INFO  manager.MyListener - Start search element by locator-->By.id: doors
15:36:14 INFO  manager.MyListener - Element with locator-->By.id: doors was found
15:36:14 INFO  manager.MyListener - Start search element by locator-->By.id: seats
15:36:14 INFO  manager.MyListener - Element with locator-->By.id: seats was found
15:36:14 INFO  manager.MyListener - Start search element by locator-->By.id: class
15:36:14 INFO  manager.MyListener - Element with locator-->By.id: class was found
15:36:15 INFO  manager.MyListener - Start search element by locator-->By.id: fuelConsumption
15:36:15 INFO  manager.MyListener - Element with locator-->By.id: fuelConsumption was found
15:36:15 INFO  manager.MyListener - Start search element by locator-->By.id: serialNumber
15:36:15 INFO  manager.MyListener - Element with locator-->By.id: serialNumber was found
15:36:15 INFO  manager.MyListener - Start search element by locator-->By.id: price
15:36:15 INFO  manager.MyListener - Element with locator-->By.id: price was found
15:36:16 INFO  manager.MyListener - Start search element by locator-->By.id: distance
15:36:16 INFO  manager.MyListener - Element with locator-->By.id: distance was found
15:36:19 INFO  manager.MyListener - Start search element by locator-->By.cssSelector: input.feature-input
15:36:19 INFO  manager.MyListener - Element with locator-->By.cssSelector: input.feature-input was found
15:36:19 INFO  manager.MyListener - Something went wrong: https://ilcarro-1578153671498.web.app/let-car-work
15:36:19 INFO  manager.MyListener - The element reference of <input class="feature-input" type="text"> is stale; either the element is no longer attached to the DOM, it is not in the current frame context, or the document has been refreshed
For documentation on this error, please visit: https://www.seleniumhq.org/exceptions/stale_element_reference.html
Build info: version: '3.141.59', revision: 'e82be7d358', time: '2018-11-14T08:17:03'
System info: host: 'ARTEMKA', ip: '192.168.0.103', os.name: 'Windows 10', os.arch: 'amd64', os.version: '10.0', java.version: '1.8.0_333'
Driver info: org.openqa.selenium.firefox.FirefoxDriver
Capabilities {acceptInsecureCerts: true, browserName: firefox, browserVersion: 101.0.1, javascriptEnabled: true, moz:accessibilityChecks: false, moz:buildID: 20220608170832, moz:geckodriverVersion: 0.31.0, moz:headless: false, moz:processID: 16292, moz:profile: C:\Users\ompre\AppData\Loca..., moz:shutdownTimeout: 60000, moz:useNonSpecCompliantPointerOrigin: false, moz:webdriverClick: true, pageLoadStrategy: normal, platform: WINDOWS, platformName: WINDOWS, platformVersion: 10.0, proxy: Proxy(), setWindowRect: true, strictFileInteractability: false, timeouts: {implicit: 0, pageLoad: 300000, script: 30000}, unhandledPromptBehavior: dismiss and notify}
Session ID: 3dd7d420-0207-49e3-8e45-913d5acafe0a
15:36:19 INFO  manager.MyListener - org.openqa.selenium.StaleElementReferenceException: The element reference of <input class="feature-input" type="text"> is stale; either the element is no longer attached to the DOM, it is not in the current frame context, or the document has been refreshed
For documentation on this error, please visit: https://www.seleniumhq.org/exceptions/stale_element_reference.html
Build info: version: '3.141.59', revision: 'e82be7d358', time: '2018-11-14T08:17:03'
System info: host: 'ARTEMKA', ip: '192.168.0.103', os.name: 'Windows 10', os.arch: 'amd64', os.version: '10.0', java.version: '1.8.0_333'
Driver info: org.openqa.selenium.firefox.FirefoxDriver
Capabilities {acceptInsecureCerts: true, browserName: firefox, browserVersion: 101.0.1, javascriptEnabled: true, moz:accessibilityChecks: false, moz:buildID: 20220608170832, moz:geckodriverVersion: 0.31.0, moz:headless: false, moz:processID: 16292, moz:profile: C:\Users\ompre\AppData\Loca..., moz:shutdownTimeout: 60000, moz:useNonSpecCompliantPointerOrigin: false, moz:webdriverClick: true, pageLoadStrategy: normal, platform: WINDOWS, platformName: WINDOWS, platformVersion: 10.0, proxy: Proxy(), setWindowRect: true, strictFileInteractability: false, timeouts: {implicit: 0, pageLoad: 300000, script: 30000}, unhandledPromptBehavior: dismiss and notify}
Session ID: 3dd7d420-0207-49e3-8e45-913d5acafe0a
15:36:19 INFO  tests.TestBase - Ends test---> carSearchSuccessDP
]]></system-out>
  <system-err><![CDATA[console.warn: LoginRecipes: "getRecipes: falling back to a synchronous message for:" "https://ilcarro-1578153671498.web.app"
console.warn: LoginRecipes: "getRecipes: falling back to a synchronous message for:" "https://ilcarro-1578153671498.web.app"
JavaScript error: resource://gre/modules/LoginManagerParent.jsm, line 136: TypeError: gRecipeManager is null
JavaScript error: resource://gre/modules/XULStore.jsm, line 66: Error: Can't find profile directory.
JavaScript error: resource://gre/modules/XULStore.jsm, line 66: Error: Can't find profile directory.
1655382866970	Marionette	WARN	TimedPromise timed out after 500 ms: stacktrace:
TimedPromise/<@chrome://remote/content/marionette/sync.js:235:19
TimedPromise@chrome://remote/content/marionette/sync.js:220:10
interaction.flushEventLoop@chrome://remote/content/marionette/interaction.js:431:10
webdriverClickElement@chrome://remote/content/marionette/interaction.js:179:31
console.warn: LoginRecipes: "getRecipes: falling back to a synchronous message for:" "https://ilcarro-1578153671498.web.app"
JavaScript error: resource://gre/modules/LoginManagerParent.jsm, line 136: TypeError: gRecipeManager is null
1655382877219	Marionette	WARN	TimedPromise timed out after 500 ms: stacktrace:
TimedPromise/<@chrome://remote/content/marionette/sync.js:235:19
TimedPromise@chrome://remote/content/marionette/sync.js:220:10
interaction.flushEventLoop@chrome://remote/content/marionette/interaction.js:431:10
webdriverClickElement@chrome://remote/content/marionette/interaction.js:179:31
console.warn: LoginRecipes: "getRecipes: falling back to a synchronous message for:" "https://ilcarro-1578153671498.web.app"
JavaScript error: resource://gre/modules/LoginManagerParent.jsm, line 136: TypeError: gRecipeManager is null
1655382886448	Marionette	WARN	TimedPromise timed out after 500 ms: stacktrace:
TimedPromise/<@chrome://remote/content/marionette/sync.js:235:19
TimedPromise@chrome://remote/content/marionette/sync.js:220:10
interaction.flushEventLoop@chrome://remote/content/marionette/interaction.js:431:10
webdriverClickElement@chrome://remote/content/marionette/interaction.js:179:31
console.warn: LoginRecipes: "getRecipes: falling back to a synchronous message for:" "https://ilcarro-1578153671498.web.app"
JavaScript error: resource://gre/modules/LoginManagerParent.jsm, line 136: TypeError: gRecipeManager is null
1655382896008	Marionette	WARN	TimedPromise timed out after 500 ms: stacktrace:
TimedPromise/<@chrome://remote/content/marionette/sync.js:235:19
TimedPromise@chrome://remote/content/marionette/sync.js:220:10
interaction.flushEventLoop@chrome://remote/content/marionette/interaction.js:431:10
webdriverClickElement@chrome://remote/content/marionette/interaction.js:179:31
console.warn: LoginRecipes: "getRecipes: falling back to a synchronous message for:" "https://ilcarro-1578153671498.web.app"
JavaScript error: resource://gre/modules/LoginManagerParent.jsm, line 136: TypeError: gRecipeManager is null
1655382905450	Marionette	WARN	TimedPromise timed out after 500 ms: stacktrace:
TimedPromise/<@chrome://remote/content/marionette/sync.js:235:19
TimedPromise@chrome://remote/content/marionette/sync.js:220:10
interaction.flushEventLoop@chrome://remote/content/marionette/interaction.js:431:10
webdriverClickElement@chrome://remote/content/marionette/interaction.js:179:31
console.warn: LoginRecipes: "getRecipes: falling back to a synchronous message for:" "https://ilcarro-1578153671498.web.app"
JavaScript error: resource://gre/modules/LoginManagerParent.jsm, line 136: TypeError: gRecipeManager is null
1655382915451	Marionette	WARN	TimedPromise timed out after 500 ms: stacktrace:
TimedPromise/<@chrome://remote/content/marionette/sync.js:235:19
TimedPromise@chrome://remote/content/marionette/sync.js:220:10
interaction.flushEventLoop@chrome://remote/content/marionette/interaction.js:431:10
webdriverClickElement@chrome://remote/content/marionette/interaction.js:179:31
console.warn: LoginRecipes: "getRecipes: falling back to a synchronous message for:" "https://ilcarro-1578153671498.web.app"
JavaScript error: resource://gre/modules/LoginManagerParent.jsm, line 136: TypeError: gRecipeManager is null
1655382924667	Marionette	WARN	TimedPromise timed out after 500 ms: stacktrace:
TimedPromise/<@chrome://remote/content/marionette/sync.js:235:19
TimedPromise@chrome://remote/content/marionette/sync.js:220:10
interaction.flushEventLoop@chrome://remote/content/marionette/interaction.js:431:10
webdriverClickElement@chrome://remote/content/marionette/interaction.js:179:31
console.warn: LoginRecipes: "getRecipes: falling back to a synchronous message for:" "https://ilcarro-1578153671498.web.app"
JavaScript error: resource://gre/modules/LoginManagerParent.jsm, line 136: TypeError: gRecipeManager is null
1655382934231	Marionette	WARN	TimedPromise timed out after 500 ms: stacktrace:
TimedPromise/<@chrome://remote/content/marionette/sync.js:235:19
TimedPromise@chrome://remote/content/marionette/sync.js:220:10
interaction.flushEventLoop@chrome://remote/content/marionette/interaction.js:431:10
webdriverClickElement@chrome://remote/content/marionette/interaction.js:179:31
console.warn: LoginRecipes: "getRecipes: falling back to a synchronous message for:" "https://ilcarro-1578153671498.web.app"
JavaScript error: resource://gre/modules/LoginManagerParent.jsm, line 136: TypeError: gRecipeManager is null
1655382943486	Marionette	WARN	TimedPromise timed out after 500 ms: stacktrace:
TimedPromise/<@chrome://remote/content/marionette/sync.js:235:19
TimedPromise@chrome://remote/content/marionette/sync.js:220:10
interaction.flushEventLoop@chrome://remote/content/marionette/interaction.js:431:10
webdriverClickElement@chrome://remote/content/marionette/interaction.js:179:31
console.warn: LoginRecipes: "getRecipes: falling back to a synchronous message for:" "https://ilcarro-1578153671498.web.app"
JavaScript error: resource://gre/modules/LoginManagerParent.jsm, line 136: TypeError: gRecipeManager is null
1655382953255	Marionette	WARN	TimedPromise timed out after 500 ms: stacktrace:
TimedPromise/<@chrome://remote/content/marionette/sync.js:235:19
TimedPromise@chrome://remote/content/marionette/sync.js:220:10
interaction.flushEventLoop@chrome://remote/content/marionette/interaction.js:431:10
webdriverClickElement@chrome://remote/content/marionette/interaction.js:179:31
console.warn: LoginRecipes: "getRecipes: falling back to a synchronous message for:" "https://ilcarro-1578153671498.web.app"
JavaScript error: resource://gre/modules/LoginManagerParent.jsm, line 136: TypeError: gRecipeManager is null
1655382962490	Marionette	WARN	TimedPromise timed out after 500 ms: stacktrace:
TimedPromise/<@chrome://remote/content/marionette/sync.js:235:19
TimedPromise@chrome://remote/content/marionette/sync.js:220:10
interaction.flushEventLoop@chrome://remote/content/marionette/interaction.js:431:10
webdriverClickElement@chrome://remote/content/marionette/interaction.js:179:31
console.warn: LoginRecipes: "getRecipes: falling back to a synchronous message for:" "https://ilcarro-1578153671498.web.app"
JavaScript error: resource://gre/modules/LoginManagerParent.jsm, line 136: TypeError: gRecipeManager is null
1655382972013	Marionette	WARN	TimedPromise timed out after 500 ms: stacktrace:
TimedPromise/<@chrome://remote/content/marionette/sync.js:235:19
TimedPromise@chrome://remote/content/marionette/sync.js:220:10
interaction.flushEventLoop@chrome://remote/content/marionette/interaction.js:431:10
webdriverClickElement@chrome://remote/content/marionette/interaction.js:179:31
]]></system-err>
</testsuite>
